
*** Running vivado
    with args -log Hello_World_clk_wiz_0_0.vds -m64 -product Vivado -mode batch -messageDb vivado.pb -notrace -source Hello_World_clk_wiz_0_0.tcl


****** Vivado v2018.2 (64-bit)
  **** SW Build 2258646 on Thu Jun 14 20:03:12 MDT 2018
  **** IP Build 2256618 on Thu Jun 14 22:10:49 MDT 2018
    ** Copyright 1986-2018 Xilinx, Inc. All Rights Reserved.

source Hello_World_clk_wiz_0_0.tcl -notrace
Command: synth_design -top Hello_World_clk_wiz_0_0 -part xc7s15ftgb196-1 -mode out_of_context
Starting synth_design
Attempting to get a license for feature 'Synthesis' and/or device 'xc7s15'
INFO: [Common 17-349] Got license for feature 'Synthesis' and/or device 'xc7s15'
INFO: Launching helper process for spawning children vivado processes
INFO: Helper process launched with PID 16708 
---------------------------------------------------------------------------------
Starting RTL Elaboration : Time (s): cpu = 00:00:03 ; elapsed = 00:00:04 . Memory (MB): peak = 445.656 ; gain = 101.391
---------------------------------------------------------------------------------
INFO: [Synth 8-6157] synthesizing module 'Hello_World_clk_wiz_0_0' [d:/GitHub-Project/SEA/Hello-World/FPGA/MicroBlaze/HelloWorld-MicroBlaze/HelloWorld-MicroBlaze.srcs/sources_1/bd/Hello_World/ip/Hello_World_clk_wiz_0_0/Hello_World_clk_wiz_0_0.v:70]
INFO: [Synth 8-6157] synthesizing module 'Hello_World_clk_wiz_0_0_clk_wiz' [d:/GitHub-Project/SEA/Hello-World/FPGA/MicroBlaze/HelloWorld-MicroBlaze/HelloWorld-MicroBlaze.srcs/sources_1/bd/Hello_World/ip/Hello_World_clk_wiz_0_0/Hello_World_clk_wiz_0_0_clk_wiz.v:68]
INFO: [Synth 8-6157] synthesizing module 'IBUF' [D:/vivado2018.2/Vivado/2018.2/scripts/rt/data/unisim_comp.v:19473]
	Parameter CAPACITANCE bound to: DONT_CARE - type: string 
	Parameter IBUF_DELAY_VALUE bound to: 0 - type: string 
	Parameter IBUF_LOW_PWR bound to: TRUE - type: string 
	Parameter IFD_DELAY_VALUE bound to: AUTO - type: string 
	Parameter IOSTANDARD bound to: DEFAULT - type: string 
INFO: [Synth 8-6155] done synthesizing module 'IBUF' (1#1) [D:/vivado2018.2/Vivado/2018.2/scripts/rt/data/unisim_comp.v:19473]
INFO: [Synth 8-6157] synthesizing module 'MMCME2_ADV' [D:/vivado2018.2/Vivado/2018.2/scripts/rt/data/unisim_comp.v:25762]
	Parameter BANDWIDTH bound to: OPTIMIZED - type: string 
	Parameter CLKFBOUT_MULT_F bound to: 10.000000 - type: float 
	Parameter CLKFBOUT_PHASE bound to: 0.000000 - type: float 
	Parameter CLKFBOUT_USE_FINE_PS bound to: FALSE - type: string 
	Parameter CLKIN1_PERIOD bound to: 10.000000 - type: float 
	Parameter CLKIN2_PERIOD bound to: 0.000000 - type: float 
	Parameter CLKOUT0_DIVIDE_F bound to: 10.000000 - type: float 
	Parameter CLKOUT0_DUTY_CYCLE bound to: 0.500000 - type: float 
	Parameter CLKOUT0_PHASE bound to: 0.000000 - type: float 
	Parameter CLKOUT0_USE_FINE_PS bound to: FALSE - type: string 
	Parameter CLKOUT1_DIVIDE bound to: 1 - type: integer 
	Parameter CLKOUT1_DUTY_CYCLE bound to: 0.500000 - type: float 
	Parameter CLKOUT1_PHASE bound to: 0.000000 - type: float 
	Parameter CLKOUT1_USE_FINE_PS bound to: FALSE - type: string 
	Parameter CLKOUT2_DIVIDE bound to: 1 - type: integer 
	Parameter CLKOUT2_DUTY_CYCLE bound to: 0.500000 - type: float 
	Parameter CLKOUT2_PHASE bound to: 0.000000 - type: float 
	Parameter CLKOUT2_USE_FINE_PS bound to: FALSE - type: string 
	Parameter CLKOUT3_DIVIDE bound to: 1 - type: integer 
	Parameter CLKOUT3_DUTY_CYCLE bound to: 0.500000 - type: float 
	Parameter CLKOUT3_PHASE bound to: 0.000000 - type: float 
	Parameter CLKOUT3_USE_FINE_PS bound to: FALSE - type: string 
	Parameter CLKOUT4_CASCADE bound to: FALSE - type: string 
	Parameter CLKOUT4_DIVIDE bound to: 1 - type: integer 
	Parameter CLKOUT4_DUTY_CYCLE bound to: 0.500000 - type: float 
	Parameter CLKOUT4_PHASE bound to: 0.000000 - type: float 
	Parameter CLKOUT4_USE_FINE_PS bound to: FALSE - type: string 
	Parameter CLKOUT5_DIVIDE bound to: 1 - type: integer 
	Parameter CLKOUT5_DUTY_CYCLE bound to: 0.500000 - type: float 
	Parameter CLKOUT5_PHASE bound to: 0.000000 - type: float 
	Parameter CLKOUT5_USE_FINE_PS bound to: FALSE - type: string 
	Parameter CLKOUT6_DIVIDE bound to: 1 - type: integer 
	Parameter CLKOUT6_DUTY_CYCLE bound to: 0.500000 - type: float 
	Parameter CLKOUT6_PHASE bound to: 0.000000 - type: float 
	Parameter CLKOUT6_USE_FINE_PS bound to: FALSE - type: string 
	Parameter COMPENSATION bound to: ZHOLD - type: string 
	Parameter DIVCLK_DIVIDE bound to: 1 - type: integer 
	Parameter IS_CLKINSEL_INVERTED bound to: 1'b0 
	Parameter IS_PSEN_INVERTED bound to: 1'b0 
	Parameter IS_PSINCDEC_INVERTED bound to: 1'b0 
	Parameter IS_PWRDWN_INVERTED bound to: 1'b0 
	Parameter IS_RST_INVERTED bound to: 1'b0 
	Parameter REF_JITTER1 bound to: 0.010000 - type: float 
	Parameter REF_JITTER2 bound to: 0.010000 - type: float 
	Parameter SS_EN bound to: FALSE - type: string 
	Parameter SS_MODE bound to: CENTER_HIGH - type: string 
	Parameter SS_MOD_PERIOD bound to: 10000 - type: integer 
	Parameter STARTUP_WAIT bound to: FALSE - type: string 
INFO: [Synth 8-6155] done synthesizing module 'MMCME2_ADV' (2#1) [D:/vivado2018.2/Vivado/2018.2/scripts/rt/data/unisim_comp.v:25762]
INFO: [Synth 8-6157] synthesizing module 'BUFG' [D:/vivado2018.2/Vivado/2018.2/scripts/rt/data/unisim_comp.v:609]
INFO: [Synth 8-6155] done synthesizing module 'BUFG' (3#1) [D:/vivado2018.2/Vivado/2018.2/scripts/rt/data/unisim_comp.v:609]
INFO: [Synth 8-6155] done synthesizing module 'Hello_World_clk_wiz_0_0_clk_wiz' (4#1) [d:/GitHub-Project/SEA/Hello-World/FPGA/MicroBlaze/HelloWorld-MicroBlaze/HelloWorld-MicroBlaze.srcs/sources_1/bd/Hello_World/ip/Hello_World_clk_wiz_0_0/Hello_World_clk_wiz_0_0_clk_wiz.v:68]
INFO: [Synth 8-6155] done synthesizing module 'Hello_World_clk_wiz_0_0' (5#1) [d:/GitHub-Project/SEA/Hello-World/FPGA/MicroBlaze/HelloWorld-MicroBlaze/HelloWorld-MicroBlaze.srcs/sources_1/bd/Hello_World/ip/Hello_World_clk_wiz_0_0/Hello_World_clk_wiz_0_0.v:70]
---------------------------------------------------------------------------------
Finished RTL Elaboration : Time (s): cpu = 00:00:04 ; elapsed = 00:00:05 . Memory (MB): peak = 500.656 ; gain = 156.391
---------------------------------------------------------------------------------

Report Check Netlist: 
+------+------------------+-------+---------+-------+------------------+
|      |Item              |Errors |Warnings |Status |Description       |
+------+------------------+-------+---------+-------+------------------+
|1     |multi_driven_nets |      0|        0|Passed |Multi driven nets |
+------+------------------+-------+---------+-------+------------------+
---------------------------------------------------------------------------------
Start Handling Custom Attributes
---------------------------------------------------------------------------------
---------------------------------------------------------------------------------
Finished Handling Custom Attributes : Time (s): cpu = 00:00:04 ; elapsed = 00:00:06 . Memory (MB): peak = 500.656 ; gain = 156.391
---------------------------------------------------------------------------------
---------------------------------------------------------------------------------
Finished RTL Optimization Phase 1 : Time (s): cpu = 00:00:04 ; elapsed = 00:00:06 . Memory (MB): peak = 500.656 ; gain = 156.391
---------------------------------------------------------------------------------
INFO: [Netlist 29-17] Analyzing 2 Unisim elements for replacement
INFO: [Netlist 29-28] Unisim Transformation completed in 0 CPU seconds
INFO: [Device 21-403] Loading part xc7s15ftgb196-1
INFO: [Project 1-570] Preparing netlist for logic optimization

Processing XDC Constraints
Initializing timing engine
Parsing XDC File [d:/GitHub-Project/SEA/Hello-World/FPGA/MicroBlaze/HelloWorld-MicroBlaze/HelloWorld-MicroBlaze.srcs/sources_1/bd/Hello_World/ip/Hello_World_clk_wiz_0_0/Hello_World_clk_wiz_0_0_ooc.xdc] for cell 'inst'
Finished Parsing XDC File [d:/GitHub-Project/SEA/Hello-World/FPGA/MicroBlaze/HelloWorld-MicroBlaze/HelloWorld-MicroBlaze.srcs/sources_1/bd/Hello_World/ip/Hello_World_clk_wiz_0_0/Hello_World_clk_wiz_0_0_ooc.xdc] for cell 'inst'
Parsing XDC File [d:/GitHub-Project/SEA/Hello-World/FPGA/MicroBlaze/HelloWorld-MicroBlaze/HelloWorld-MicroBlaze.srcs/sources_1/bd/Hello_World/ip/Hello_World_clk_wiz_0_0/Hello_World_clk_wiz_0_0_board.xdc] for cell 'inst'
Finished Parsing XDC File [d:/GitHub-Project/SEA/Hello-World/FPGA/MicroBlaze/HelloWorld-MicroBlaze/HelloWorld-MicroBlaze.srcs/sources_1/bd/Hello_World/ip/Hello_World_clk_wiz_0_0/Hello_World_clk_wiz_0_0_board.xdc] for cell 'inst'
Parsing XDC File [d:/GitHub-Project/SEA/Hello-World/FPGA/MicroBlaze/HelloWorld-MicroBlaze/HelloWorld-MicroBlaze.srcs/sources_1/bd/Hello_World/ip/Hello_World_clk_wiz_0_0/Hello_World_clk_wiz_0_0.xdc] for cell 'inst'
Finished Parsing XDC File [d:/GitHub-Project/SEA/Hello-World/FPGA/MicroBlaze/HelloWorld-MicroBlaze/HelloWorld-MicroBlaze.srcs/sources_1/bd/Hello_World/ip/Hello_World_clk_wiz_0_0/Hello_World_clk_wiz_0_0.xdc] for cell 'inst'
INFO: [Project 1-236] Implementation specific constraints were found while reading constraint file [d:/GitHub-Project/SEA/Hello-World/FPGA/MicroBlaze/HelloWorld-MicroBlaze/HelloWorld-MicroBlaze.srcs/sources_1/bd/Hello_World/ip/Hello_World_clk_wiz_0_0/Hello_World_clk_wiz_0_0.xdc]. These constraints will be ignored for synthesis but will be used in implementation. Impacted constraints are listed in the file [.Xil/Hello_World_clk_wiz_0_0_propImpl.xdc].
Resolution: To avoid this warning, move constraints listed in [.Xil/Hello_World_clk_wiz_0_0_propImpl.xdc] to another XDC file and exclude this new file from synthesis with the used_in_synthesis property (File Properties dialog in GUI) and re-run elaboration/synthesis.
INFO: [Timing 38-2] Deriving generated clocks
Parsing XDC File [D:/GitHub-Project/SEA/Hello-World/FPGA/MicroBlaze/HelloWorld-MicroBlaze/HelloWorld-MicroBlaze.runs/Hello_World_clk_wiz_0_0_synth_1/dont_touch.xdc]
Finished Parsing XDC File [D:/GitHub-Project/SEA/Hello-World/FPGA/MicroBlaze/HelloWorld-MicroBlaze/HelloWorld-MicroBlaze.runs/Hello_World_clk_wiz_0_0_synth_1/dont_touch.xdc]
Completed Processing XDC Constraints

INFO: [Project 1-111] Unisim Transformation Summary:
No Unisim elements were transformed.

Constraint Validation Runtime : Time (s): cpu = 00:00:00 ; elapsed = 00:00:00.108 . Memory (MB): peak = 709.363 ; gain = 0.000
---------------------------------------------------------------------------------
Finished Constraint Validation : Time (s): cpu = 00:00:14 ; elapsed = 00:00:22 . Memory (MB): peak = 709.363 ; gain = 365.098
---------------------------------------------------------------------------------
---------------------------------------------------------------------------------
Start Loading Part and Timing Information
---------------------------------------------------------------------------------
Loading part: xc7s15ftgb196-1
---------------------------------------------------------------------------------
Finished Loading Part and Timing Information : Time (s): cpu = 00:00:14 ; elapsed = 00:00:22 . Memory (MB): peak = 709.363 ; gain = 365.098
---------------------------------------------------------------------------------
---------------------------------------------------------------------------------
Start Applying 'set_property' XDC Constraints
---------------------------------------------------------------------------------
Applied set_property DONT_TOUCH = true for inst. (constraint file  D:/GitHub-Project/SEA/Hello-World/FPGA/MicroBlaze/HelloWorld-MicroBlaze/HelloWorld-MicroBlaze.runs/Hello_World_clk_wiz_0_0_synth_1/dont_touch.xdc, line 9).
---------------------------------------------------------------------------------
Finished applying 'set_property' XDC Constraints : Time (s): cpu = 00:00:14 ; elapsed = 00:00:22 . Memory (MB): peak = 709.363 ; gain = 365.098
---------------------------------------------------------------------------------
---------------------------------------------------------------------------------
Finished RTL Optimization Phase 2 : Time (s): cpu = 00:00:14 ; elapsed = 00:00:22 . Memory (MB): peak = 709.363 ; gain = 365.098
---------------------------------------------------------------------------------

Report RTL Partitions: 
+-+--------------+------------+----------+
| |RTL Partition |Replication |Instances |
+-+--------------+------------+----------+
+-+--------------+------------+----------+
---------------------------------------------------------------------------------
Start RTL Component Statistics 
---------------------------------------------------------------------------------
Detailed RTL Component Info : 
---------------------------------------------------------------------------------
Finished RTL Component Statistics 
---------------------------------------------------------------------------------
---------------------------------------------------------------------------------
Start RTL Hierarchical Component Statistics 
---------------------------------------------------------------------------------
Hierarchical RTL Component report 
---------------------------------------------------------------------------------
Finished RTL Hierarchical Component Statistics
---------------------------------------------------------------------------------
---------------------------------------------------------------------------------
Start Part Resource Summary
---------------------------------------------------------------------------------
Part Resources:
DSPs: 20 (col length:20)
BRAMs: 20 (col length: RAMB18 20 RAMB36 10)
---------------------------------------------------------------------------------
Finished Part Resource Summary
---------------------------------------------------------------------------------
---------------------------------------------------------------------------------
Start Cross Boundary and Area Optimization
---------------------------------------------------------------------------------
Warning: Parallel synthesis criteria is not met 
---------------------------------------------------------------------------------
Finished Cross Boundary and Area Optimization : Time (s): cpu = 00:00:15 ; elapsed = 00:00:24 . Memory (MB): peak = 709.363 ; gain = 365.098
---------------------------------------------------------------------------------

Report RTL Partitions: 
+-+--------------+------------+----------+
| |RTL Partition |Replication |Instances |
+-+--------------+------------+----------+
+-+--------------+------------+----------+
---------------------------------------------------------------------------------
Start Applying XDC Timing Constraints
---------------------------------------------------------------------------------
---------------------------------------------------------------------------------
Finished Applying XDC Timing Constraints : Time (s): cpu = 00:00:26 ; elapsed = 00:00:40 . Memory (MB): peak = 768.902 ; gain = 424.637
---------------------------------------------------------------------------------
---------------------------------------------------------------------------------
Start Timing Optimization
---------------------------------------------------------------------------------
---------------------------------------------------------------------------------
Finished Timing Optimization : Time (s): cpu = 00:00:26 ; elapsed = 00:00:40 . Memory (MB): peak = 768.902 ; gain = 424.637
---------------------------------------------------------------------------------

Report RTL Partitions: 
+-+--------------+------------+----------+
| |RTL Partition |Replication |Instances |
+-+--------------+------------+----------+
+-+--------------+------------+----------+
---------------------------------------------------------------------------------
Start Technology Mapping
---------------------------------------------------------------------------------
---------------------------------------------------------------------------------
Finished Technology Mapping : Time (s): cpu = 00:00:26 ; elapsed = 00:00:40 . Memory (MB): peak = 768.902 ; gain = 424.637
---------------------------------------------------------------------------------

Report RTL Partitions: 
+-+--------------+------------+----------+
| |RTL Partition |Replication |Instances |
+-+--------------+------------+----------+
+-+--------------+------------+----------+
---------------------------------------------------------------------------------
Start IO Insertion
---------------------------------------------------------------------------------
---------------------------------------------------------------------------------
Start Flattening Before IO Insertion
---------------------------------------------------------------------------------
---------------------------------------------------------------------------------
Finished Flattening Before IO Insertion
---------------------------------------------------------------------------------
---------------------------------------------------------------------------------
Start Final Netlist Cleanup
---------------------------------------------------------------------------------
---------------------------------------------------------------------------------
Finished Final Netlist Cleanup
---------------------------------------------------------------------------------
---------------------------------------------------------------------------------
Finished IO Insertion : Time (s): cpu = 00:00:28 ; elapsed = 00:00:42 . Memory (MB): peak = 770.105 ; gain = 425.840
---------------------------------------------------------------------------------

Report Check Netlist: 
+------+------------------+-------+---------+-------+------------------+
|      |Item              |Errors |Warnings |Status |Description       |
+------+------------------+-------+---------+-------+------------------+
|1     |multi_driven_nets |      0|        0|Passed |Multi driven nets |
+------+------------------+-------+---------+-------+------------------+
---------------------------------------------------------------------------------
Start Renaming Generated Instances
---------------------------------------------------------------------------------
---------------------------------------------------------------------------------
Finished Renaming Generated Instances : Time (s): cpu = 00:00:28 ; elapsed = 00:00:42 . Memory (MB): peak = 770.105 ; gain = 425.840
---------------------------------------------------------------------------------

Report RTL Partitions: 
+-+--------------+------------+----------+
| |RTL Partition |Replication |Instances |
+-+--------------+------------+----------+
+-+--------------+------------+----------+
---------------------------------------------------------------------------------
Start Rebuilding User Hierarchy
---------------------------------------------------------------------------------
---------------------------------------------------------------------------------
Finished Rebuilding User Hierarchy : Time (s): cpu = 00:00:28 ; elapsed = 00:00:42 . Memory (MB): peak = 770.105 ; gain = 425.840
---------------------------------------------------------------------------------
---------------------------------------------------------------------------------
Start Renaming Generated Ports
---------------------------------------------------------------------------------
---------------------------------------------------------------------------------
Finished Renaming Generated Ports : Time (s): cpu = 00:00:28 ; elapsed = 00:00:42 . Memory (MB): peak = 770.105 ; gain = 425.840
---------------------------------------------------------------------------------
---------------------------------------------------------------------------------
Start Handling Custom Attributes
---------------------------------------------------------------------------------
---------------------------------------------------------------------------------
Finished Handling Custom Attributes : Time (s): cpu = 00:00:28 ; elapsed = 00:00:42 . Memory (MB): peak = 770.105 ; gain = 425.840
---------------------------------------------------------------------------------
---------------------------------------------------------------------------------
Start Renaming Generated Nets
---------------------------------------------------------------------------------
---------------------------------------------------------------------------------
Finished Renaming Generated Nets : Time (s): cpu = 00:00:28 ; elapsed = 00:00:42 . Memory (MB): peak = 770.105 ; gain = 425.840
---------------------------------------------------------------------------------
---------------------------------------------------------------------------------
Start Writing Synthesis Report
---------------------------------------------------------------------------------

Report BlackBoxes: 
+-+--------------+----------+
| |BlackBox name |Instances |
+-+--------------+----------+
+-+--------------+----------+

Report Cell Usage: 
+------+-----------+------+
|      |Cell       |Count |
+------+-----------+------+
|1     |BUFG       |     2|
|2     |MMCME2_ADV |     1|
|3     |IBUF       |     1|
+------+-----------+------+

Report Instance Areas: 
+------+---------+--------------------------------+------+
|      |Instance |Module                          |Cells |
+------+---------+--------------------------------+------+
|1     |top      |                                |     4|
|2     |  inst   |Hello_World_clk_wiz_0_0_clk_wiz |     4|
+------+---------+--------------------------------+------+
---------------------------------------------------------------------------------
Finished Writing Synthesis Report : Time (s): cpu = 00:00:28 ; elapsed = 00:00:42 . Memory (MB): peak = 770.105 ; gain = 425.840
---------------------------------------------------------------------------------
Synthesis finished with 0 errors, 0 critical warnings and 0 warnings.
Synthesis Optimization Runtime : Time (s): cpu = 00:00:17 ; elapsed = 00:00:31 . Memory (MB): peak = 770.105 ; gain = 217.133
Synthesis Optimization Complete : Time (s): cpu = 00:00:28 ; elapsed = 00:00:43 . Memory (MB): peak = 770.105 ; gain = 425.840
INFO: [Project 1-571] Translating synthesized netlist
INFO: [Netlist 29-17] Analyzing 2 Unisim elements for replacement
INFO: [Netlist 29-28] Unisim Transformation completed in 0 CPU seconds
INFO: [Project 1-570] Preparing netlist for logic optimization
INFO: [Opt 31-138] Pushed 0 inverter(s) to 0 load pin(s).
INFO: [Project 1-111] Unisim Transformation Summary:
No Unisim elements were transformed.

INFO: [Common 17-83] Releasing license: Synthesis
25 Infos, 0 Warnings, 0 Critical Warnings and 0 Errors encountered.
synth_design completed successfully
synth_design: Time (s): cpu = 00:00:30 ; elapsed = 00:00:46 . Memory (MB): peak = 788.777 ; gain = 456.168
WARNING: [Constraints 18-5210] No constraint will be written out.
INFO: [Common 17-1381] The checkpoint 'D:/GitHub-Project/SEA/Hello-World/FPGA/MicroBlaze/HelloWorld-MicroBlaze/HelloWorld-MicroBlaze.runs/Hello_World_clk_wiz_0_0_synth_1/Hello_World_clk_wiz_0_0.dcp' has been generated.
INFO: [Coretcl 2-1482] Added synthesis output to IP cache for IP d:/GitHub-Project/SEA/Hello-World/FPGA/MicroBlaze/HelloWorld-MicroBlaze/HelloWorld-MicroBlaze.srcs/sources_1/bd/Hello_World/ip/Hello_World_clk_wiz_0_0/Hello_World_clk_wiz_0_0.xci
WARNING: [Constraints 18-5210] No constraint will be written out.
INFO: [Common 17-1381] The checkpoint 'D:/GitHub-Project/SEA/Hello-World/FPGA/MicroBlaze/HelloWorld-MicroBlaze/HelloWorld-MicroBlaze.runs/Hello_World_clk_wiz_0_0_synth_1/Hello_World_clk_wiz_0_0.dcp' has been generated.
INFO: [runtcl-4] Executing : report_utilization -file Hello_World_clk_wiz_0_0_utilization_synth.rpt -pb Hello_World_clk_wiz_0_0_utilization_synth.pb
report_utilization: Time (s): cpu = 00:00:00 ; elapsed = 00:00:00.056 . Memory (MB): peak = 793.094 ; gain = 0.000
INFO: [Common 17-206] Exiting Vivado at Mon Mar 23 12:46:27 2020...
