
*** Running vivado
    with args -log Driver_MIPI0.vds -m64 -product Vivado -mode batch -messageDb vivado.pb -notrace -source Driver_MIPI0.tcl


****** Vivado v2018.2 (64-bit)
  **** SW Build 2258646 on Thu Jun 14 20:03:12 MDT 2018
  **** IP Build 2256618 on Thu Jun 14 22:10:49 MDT 2018
    ** Copyright 1986-2018 Xilinx, Inc. All Rights Reserved.

source Driver_MIPI0.tcl -notrace
Command: synth_design -top Driver_MIPI0 -part xc7s15ftgb196-1
Starting synth_design
Attempting to get a license for feature 'Synthesis' and/or device 'xc7s15'
INFO: [Common 17-349] Got license for feature 'Synthesis' and/or device 'xc7s15'
INFO: Launching helper process for spawning children vivado processes
INFO: Helper process launched with PID 29244 
---------------------------------------------------------------------------------
Starting RTL Elaboration : Time (s): cpu = 00:00:02 ; elapsed = 00:00:02 . Memory (MB): peak = 451.660 ; gain = 101.285
---------------------------------------------------------------------------------
INFO: [Synth 8-6157] synthesizing module 'Driver_MIPI0' [C:/Users/Opex9020/Desktop/SEA-Tutorial/Experiment-of-SEA/IP_Core/Camera-IP/Driver_MIPI0/Driver_MIPI0.srcs/sources_1/new/Driver_MIPI0.v:23]
INFO: [Synth 8-6157] synthesizing module 'csi2_d_phy_rx_0' [C:/Users/Opex9020/Desktop/SEA-Tutorial/Experiment-of-SEA/IP_Core/Camera-IP/Driver_MIPI0/Driver_MIPI0.runs/synth_1/.Xil/Vivado-26880-DESKTOP-DU9F0PS/realtime/csi2_d_phy_rx_0_stub.v:6]
INFO: [Synth 8-6155] done synthesizing module 'csi2_d_phy_rx_0' (1#1) [C:/Users/Opex9020/Desktop/SEA-Tutorial/Experiment-of-SEA/IP_Core/Camera-IP/Driver_MIPI0/Driver_MIPI0.runs/synth_1/.Xil/Vivado-26880-DESKTOP-DU9F0PS/realtime/csi2_d_phy_rx_0_stub.v:6]
WARNING: [Synth 8-350] instance 'Data_Read' of module 'csi2_d_phy_rx_0' requires 33 connections, but only 25 given [C:/Users/Opex9020/Desktop/SEA-Tutorial/Experiment-of-SEA/IP_Core/Camera-IP/Driver_MIPI0/Driver_MIPI0.srcs/sources_1/new/Driver_MIPI0.v:67]
INFO: [Synth 8-6157] synthesizing module 'csi_to_axis_0' [C:/Users/Opex9020/Desktop/SEA-Tutorial/Experiment-of-SEA/IP_Core/Camera-IP/Driver_MIPI0/Driver_MIPI0.runs/synth_1/.Xil/Vivado-26880-DESKTOP-DU9F0PS/realtime/csi_to_axis_0_stub.v:6]
INFO: [Synth 8-6155] done synthesizing module 'csi_to_axis_0' (2#1) [C:/Users/Opex9020/Desktop/SEA-Tutorial/Experiment-of-SEA/IP_Core/Camera-IP/Driver_MIPI0/Driver_MIPI0.runs/synth_1/.Xil/Vivado-26880-DESKTOP-DU9F0PS/realtime/csi_to_axis_0_stub.v:6]
INFO: [Synth 8-6157] synthesizing module 'Driver_Csi_To_Dvp' [C:/Users/Opex9020/Desktop/SEA-Tutorial/Experiment-of-SEA/IP_Core/Camera-IP/Driver_MIPI0/Driver_MIPI0.srcs/sources_1/new/Driver_Csi_To_Dvp.v:23]
	Parameter WIDTH bound to: 12 - type: integer 
	Parameter HSIZE bound to: 1280 - type: integer 
	Parameter HFP bound to: 1390 - type: integer 
	Parameter HSP bound to: 1430 - type: integer 
	Parameter HMAX bound to: 1650 - type: integer 
	Parameter VSIZE bound to: 720 - type: integer 
	Parameter VFP bound to: 725 - type: integer 
	Parameter VSP bound to: 730 - type: integer 
	Parameter VMAX bound to: 750 - type: integer 
	Parameter HSPP bound to: 0 - type: integer 
	Parameter VSPP bound to: 0 - type: integer 
WARNING: [Synth 8-589] replacing case/wildcard equality operator === with logical equality operator == [C:/Users/Opex9020/Desktop/SEA-Tutorial/Experiment-of-SEA/IP_Core/Camera-IP/Driver_MIPI0/Driver_MIPI0.srcs/sources_1/new/Driver_Csi_To_Dvp.v:106]
INFO: [Synth 8-6157] synthesizing module 'blk_mem_gen_0' [C:/Users/Opex9020/Desktop/SEA-Tutorial/Experiment-of-SEA/IP_Core/Camera-IP/Driver_MIPI0/Driver_MIPI0.runs/synth_1/.Xil/Vivado-26880-DESKTOP-DU9F0PS/realtime/blk_mem_gen_0_stub.v:6]
INFO: [Synth 8-6155] done synthesizing module 'blk_mem_gen_0' (3#1) [C:/Users/Opex9020/Desktop/SEA-Tutorial/Experiment-of-SEA/IP_Core/Camera-IP/Driver_MIPI0/Driver_MIPI0.runs/synth_1/.Xil/Vivado-26880-DESKTOP-DU9F0PS/realtime/blk_mem_gen_0_stub.v:6]
INFO: [Synth 8-6155] done synthesizing module 'Driver_Csi_To_Dvp' (4#1) [C:/Users/Opex9020/Desktop/SEA-Tutorial/Experiment-of-SEA/IP_Core/Camera-IP/Driver_MIPI0/Driver_MIPI0.srcs/sources_1/new/Driver_Csi_To_Dvp.v:23]
INFO: [Synth 8-6155] done synthesizing module 'Driver_MIPI0' (5#1) [C:/Users/Opex9020/Desktop/SEA-Tutorial/Experiment-of-SEA/IP_Core/Camera-IP/Driver_MIPI0/Driver_MIPI0.srcs/sources_1/new/Driver_MIPI0.v:23]
WARNING: [Synth 8-3917] design Driver_MIPI0 has port Camera_GPIO driven by constant 1
---------------------------------------------------------------------------------
Finished RTL Elaboration : Time (s): cpu = 00:00:03 ; elapsed = 00:00:03 . Memory (MB): peak = 506.344 ; gain = 155.969
---------------------------------------------------------------------------------

Report Check Netlist: 
+------+------------------+-------+---------+-------+------------------+
|      |Item              |Errors |Warnings |Status |Description       |
+------+------------------+-------+---------+-------+------------------+
|1     |multi_driven_nets |      0|        0|Passed |Multi driven nets |
+------+------------------+-------+---------+-------+------------------+
---------------------------------------------------------------------------------
Start Handling Custom Attributes
---------------------------------------------------------------------------------
---------------------------------------------------------------------------------
Finished Handling Custom Attributes : Time (s): cpu = 00:00:03 ; elapsed = 00:00:03 . Memory (MB): peak = 506.344 ; gain = 155.969
---------------------------------------------------------------------------------
---------------------------------------------------------------------------------
Finished RTL Optimization Phase 1 : Time (s): cpu = 00:00:03 ; elapsed = 00:00:03 . Memory (MB): peak = 506.344 ; gain = 155.969
---------------------------------------------------------------------------------
INFO: [Device 21-403] Loading part xc7s15ftgb196-1
INFO: [Project 1-570] Preparing netlist for logic optimization

Processing XDC Constraints
Initializing timing engine
Parsing XDC File [c:/Users/Opex9020/Desktop/SEA-Tutorial/Experiment-of-SEA/IP_Core/Camera-IP/Driver_MIPI0/Driver_MIPI0.srcs/sources_1/ip/csi_to_axis_0/csi_to_axis_0/csi_to_axis_0_in_context.xdc] for cell 'Data_To_Csi'
Finished Parsing XDC File [c:/Users/Opex9020/Desktop/SEA-Tutorial/Experiment-of-SEA/IP_Core/Camera-IP/Driver_MIPI0/Driver_MIPI0.srcs/sources_1/ip/csi_to_axis_0/csi_to_axis_0/csi_to_axis_0_in_context.xdc] for cell 'Data_To_Csi'
Parsing XDC File [c:/Users/Opex9020/Desktop/SEA-Tutorial/Experiment-of-SEA/IP_Core/Camera-IP/Driver_MIPI0/Driver_MIPI0.srcs/sources_1/ip/csi2_d_phy_rx_0/csi2_d_phy_rx_0/csi2_d_phy_rx_0_in_context.xdc] for cell 'Data_Read'
Finished Parsing XDC File [c:/Users/Opex9020/Desktop/SEA-Tutorial/Experiment-of-SEA/IP_Core/Camera-IP/Driver_MIPI0/Driver_MIPI0.srcs/sources_1/ip/csi2_d_phy_rx_0/csi2_d_phy_rx_0/csi2_d_phy_rx_0_in_context.xdc] for cell 'Data_Read'
Parsing XDC File [c:/Users/Opex9020/Desktop/SEA-Tutorial/Experiment-of-SEA/IP_Core/Camera-IP/Driver_MIPI0/Driver_MIPI0.srcs/sources_1/ip/blk_mem_gen_0/blk_mem_gen_0/blk_mem_gen_0_in_context.xdc] for cell 'Driver_Csi_To_Dvp0/bram0'
Finished Parsing XDC File [c:/Users/Opex9020/Desktop/SEA-Tutorial/Experiment-of-SEA/IP_Core/Camera-IP/Driver_MIPI0/Driver_MIPI0.srcs/sources_1/ip/blk_mem_gen_0/blk_mem_gen_0/blk_mem_gen_0_in_context.xdc] for cell 'Driver_Csi_To_Dvp0/bram0'
Completed Processing XDC Constraints

INFO: [Project 1-111] Unisim Transformation Summary:
No Unisim elements were transformed.

Constraint Validation Runtime : Time (s): cpu = 00:00:00 ; elapsed = 00:00:00.010 . Memory (MB): peak = 786.879 ; gain = 0.000
---------------------------------------------------------------------------------
Finished Constraint Validation : Time (s): cpu = 00:00:11 ; elapsed = 00:00:13 . Memory (MB): peak = 786.883 ; gain = 436.508
---------------------------------------------------------------------------------
---------------------------------------------------------------------------------
Start Loading Part and Timing Information
---------------------------------------------------------------------------------
Loading part: xc7s15ftgb196-1
---------------------------------------------------------------------------------
Finished Loading Part and Timing Information : Time (s): cpu = 00:00:11 ; elapsed = 00:00:13 . Memory (MB): peak = 786.883 ; gain = 436.508
---------------------------------------------------------------------------------
---------------------------------------------------------------------------------
Start Applying 'set_property' XDC Constraints
---------------------------------------------------------------------------------
Applied set_property IO_BUFFER_TYPE = NONE for Clk_Rx_Data_N. (constraint file  c:/Users/Opex9020/Desktop/SEA-Tutorial/Experiment-of-SEA/IP_Core/Camera-IP/Driver_MIPI0/Driver_MIPI0.srcs/sources_1/ip/csi2_d_phy_rx_0/csi2_d_phy_rx_0/csi2_d_phy_rx_0_in_context.xdc, line 1).
Applied set_property CLOCK_BUFFER_TYPE = NONE for Clk_Rx_Data_N. (constraint file  c:/Users/Opex9020/Desktop/SEA-Tutorial/Experiment-of-SEA/IP_Core/Camera-IP/Driver_MIPI0/Driver_MIPI0.srcs/sources_1/ip/csi2_d_phy_rx_0/csi2_d_phy_rx_0/csi2_d_phy_rx_0_in_context.xdc, line 2).
Applied set_property IO_BUFFER_TYPE = NONE for Clk_Rx_Data_P. (constraint file  c:/Users/Opex9020/Desktop/SEA-Tutorial/Experiment-of-SEA/IP_Core/Camera-IP/Driver_MIPI0/Driver_MIPI0.srcs/sources_1/ip/csi2_d_phy_rx_0/csi2_d_phy_rx_0/csi2_d_phy_rx_0_in_context.xdc, line 3).
Applied set_property CLOCK_BUFFER_TYPE = NONE for Clk_Rx_Data_P. (constraint file  c:/Users/Opex9020/Desktop/SEA-Tutorial/Experiment-of-SEA/IP_Core/Camera-IP/Driver_MIPI0/Driver_MIPI0.srcs/sources_1/ip/csi2_d_phy_rx_0/csi2_d_phy_rx_0/csi2_d_phy_rx_0_in_context.xdc, line 4).
Applied set_property IO_BUFFER_TYPE = NONE for Rx_Data_N[0]. (constraint file  c:/Users/Opex9020/Desktop/SEA-Tutorial/Experiment-of-SEA/IP_Core/Camera-IP/Driver_MIPI0/Driver_MIPI0.srcs/sources_1/ip/csi2_d_phy_rx_0/csi2_d_phy_rx_0/csi2_d_phy_rx_0_in_context.xdc, line 5).
Applied set_property CLOCK_BUFFER_TYPE = NONE for Rx_Data_N[0]. (constraint file  c:/Users/Opex9020/Desktop/SEA-Tutorial/Experiment-of-SEA/IP_Core/Camera-IP/Driver_MIPI0/Driver_MIPI0.srcs/sources_1/ip/csi2_d_phy_rx_0/csi2_d_phy_rx_0/csi2_d_phy_rx_0_in_context.xdc, line 6).
Applied set_property IO_BUFFER_TYPE = NONE for Rx_Data_N[1]. (constraint file  c:/Users/Opex9020/Desktop/SEA-Tutorial/Experiment-of-SEA/IP_Core/Camera-IP/Driver_MIPI0/Driver_MIPI0.srcs/sources_1/ip/csi2_d_phy_rx_0/csi2_d_phy_rx_0/csi2_d_phy_rx_0_in_context.xdc, line 7).
Applied set_property CLOCK_BUFFER_TYPE = NONE for Rx_Data_N[1]. (constraint file  c:/Users/Opex9020/Desktop/SEA-Tutorial/Experiment-of-SEA/IP_Core/Camera-IP/Driver_MIPI0/Driver_MIPI0.srcs/sources_1/ip/csi2_d_phy_rx_0/csi2_d_phy_rx_0/csi2_d_phy_rx_0_in_context.xdc, line 8).
Applied set_property IO_BUFFER_TYPE = NONE for Rx_Data_P[0]. (constraint file  c:/Users/Opex9020/Desktop/SEA-Tutorial/Experiment-of-SEA/IP_Core/Camera-IP/Driver_MIPI0/Driver_MIPI0.srcs/sources_1/ip/csi2_d_phy_rx_0/csi2_d_phy_rx_0/csi2_d_phy_rx_0_in_context.xdc, line 9).
Applied set_property CLOCK_BUFFER_TYPE = NONE for Rx_Data_P[0]. (constraint file  c:/Users/Opex9020/Desktop/SEA-Tutorial/Experiment-of-SEA/IP_Core/Camera-IP/Driver_MIPI0/Driver_MIPI0.srcs/sources_1/ip/csi2_d_phy_rx_0/csi2_d_phy_rx_0/csi2_d_phy_rx_0_in_context.xdc, line 10).
Applied set_property IO_BUFFER_TYPE = NONE for Rx_Data_P[1]. (constraint file  c:/Users/Opex9020/Desktop/SEA-Tutorial/Experiment-of-SEA/IP_Core/Camera-IP/Driver_MIPI0/Driver_MIPI0.srcs/sources_1/ip/csi2_d_phy_rx_0/csi2_d_phy_rx_0/csi2_d_phy_rx_0_in_context.xdc, line 11).
Applied set_property CLOCK_BUFFER_TYPE = NONE for Rx_Data_P[1]. (constraint file  c:/Users/Opex9020/Desktop/SEA-Tutorial/Experiment-of-SEA/IP_Core/Camera-IP/Driver_MIPI0/Driver_MIPI0.srcs/sources_1/ip/csi2_d_phy_rx_0/csi2_d_phy_rx_0/csi2_d_phy_rx_0_in_context.xdc, line 12).
Applied set_property DONT_TOUCH = true for Data_To_Csi. (constraint file  auto generated constraint, line ).
Applied set_property DONT_TOUCH = true for Data_Read. (constraint file  auto generated constraint, line ).
Applied set_property DONT_TOUCH = true for Driver_Csi_To_Dvp0/bram0. (constraint file  auto generated constraint, line ).
---------------------------------------------------------------------------------
Finished applying 'set_property' XDC Constraints : Time (s): cpu = 00:00:11 ; elapsed = 00:00:13 . Memory (MB): peak = 786.883 ; gain = 436.508
---------------------------------------------------------------------------------
INFO: [Synth 8-5546] ROM "vdata" won't be mapped to RAM because it is too sparse
INFO: [Synth 8-5546] ROM "unpack_cnt" won't be mapped to RAM because it is too sparse
---------------------------------------------------------------------------------
Finished RTL Optimization Phase 2 : Time (s): cpu = 00:00:11 ; elapsed = 00:00:14 . Memory (MB): peak = 786.883 ; gain = 436.508
---------------------------------------------------------------------------------

Report RTL Partitions: 
+-+--------------+------------+----------+
| |RTL Partition |Replication |Instances |
+-+--------------+------------+----------+
+-+--------------+------------+----------+
---------------------------------------------------------------------------------
Start RTL Component Statistics 
---------------------------------------------------------------------------------
Detailed RTL Component Info : 
+---Adders : 
	   2 Input     11 Bit       Adders := 2     
	   2 Input     10 Bit       Adders := 2     
	   2 Input      4 Bit       Adders := 1     
+---Registers : 
	               11 Bit    Registers := 2     
	               10 Bit    Registers := 2     
	                4 Bit    Registers := 1     
	                1 Bit    Registers := 7     
+---Muxes : 
	   2 Input     11 Bit        Muxes := 1     
	   2 Input      4 Bit        Muxes := 1     
	   2 Input      2 Bit        Muxes := 1     
	   2 Input      1 Bit        Muxes := 2     
---------------------------------------------------------------------------------
Finished RTL Component Statistics 
---------------------------------------------------------------------------------
---------------------------------------------------------------------------------
Start RTL Hierarchical Component Statistics 
---------------------------------------------------------------------------------
Hierarchical RTL Component report 
Module Driver_Csi_To_Dvp 
Detailed RTL Component Info : 
+---Adders : 
	   2 Input     11 Bit       Adders := 2     
	   2 Input     10 Bit       Adders := 2     
	   2 Input      4 Bit       Adders := 1     
+---Registers : 
	               11 Bit    Registers := 2     
	               10 Bit    Registers := 2     
	                4 Bit    Registers := 1     
	                1 Bit    Registers := 7     
+---Muxes : 
	   2 Input     11 Bit        Muxes := 1     
	   2 Input      4 Bit        Muxes := 1     
	   2 Input      2 Bit        Muxes := 1     
	   2 Input      1 Bit        Muxes := 2     
---------------------------------------------------------------------------------
Finished RTL Hierarchical Component Statistics
---------------------------------------------------------------------------------
---------------------------------------------------------------------------------
Start Part Resource Summary
---------------------------------------------------------------------------------
Part Resources:
DSPs: 20 (col length:20)
BRAMs: 20 (col length: RAMB18 20 RAMB36 10)
---------------------------------------------------------------------------------
Finished Part Resource Summary
---------------------------------------------------------------------------------
---------------------------------------------------------------------------------
Start Cross Boundary and Area Optimization
---------------------------------------------------------------------------------
Warning: Parallel synthesis criteria is not met 
INFO: [Synth 8-5546] ROM "Driver_Csi_To_Dvp0/vdata" won't be mapped to RAM because it is too sparse
INFO: [Synth 8-5546] ROM "Driver_Csi_To_Dvp0/unpack_cnt" won't be mapped to RAM because it is too sparse
WARNING: [Synth 8-3917] design Driver_MIPI0 has port Camera_GPIO driven by constant 1
---------------------------------------------------------------------------------
Finished Cross Boundary and Area Optimization : Time (s): cpu = 00:00:12 ; elapsed = 00:00:15 . Memory (MB): peak = 786.883 ; gain = 436.508
---------------------------------------------------------------------------------

Report RTL Partitions: 
+-+--------------+------------+----------+
| |RTL Partition |Replication |Instances |
+-+--------------+------------+----------+
+-+--------------+------------+----------+
---------------------------------------------------------------------------------
Start Applying XDC Timing Constraints
---------------------------------------------------------------------------------
---------------------------------------------------------------------------------
Finished Applying XDC Timing Constraints : Time (s): cpu = 00:00:21 ; elapsed = 00:00:25 . Memory (MB): peak = 793.789 ; gain = 443.414
---------------------------------------------------------------------------------
---------------------------------------------------------------------------------
Start Timing Optimization
---------------------------------------------------------------------------------
---------------------------------------------------------------------------------
Finished Timing Optimization : Time (s): cpu = 00:00:21 ; elapsed = 00:00:25 . Memory (MB): peak = 793.863 ; gain = 443.488
---------------------------------------------------------------------------------

Report RTL Partitions: 
+-+--------------+------------+----------+
| |RTL Partition |Replication |Instances |
+-+--------------+------------+----------+
+-+--------------+------------+----------+
---------------------------------------------------------------------------------
Start Technology Mapping
---------------------------------------------------------------------------------
---------------------------------------------------------------------------------
Finished Technology Mapping : Time (s): cpu = 00:00:21 ; elapsed = 00:00:25 . Memory (MB): peak = 804.574 ; gain = 454.199
---------------------------------------------------------------------------------

Report RTL Partitions: 
+-+--------------+------------+----------+
| |RTL Partition |Replication |Instances |
+-+--------------+------------+----------+
+-+--------------+------------+----------+
---------------------------------------------------------------------------------
Start IO Insertion
---------------------------------------------------------------------------------
---------------------------------------------------------------------------------
Start Flattening Before IO Insertion
---------------------------------------------------------------------------------
---------------------------------------------------------------------------------
Finished Flattening Before IO Insertion
---------------------------------------------------------------------------------
---------------------------------------------------------------------------------
Start Final Netlist Cleanup
---------------------------------------------------------------------------------
---------------------------------------------------------------------------------
Finished Final Netlist Cleanup
---------------------------------------------------------------------------------
---------------------------------------------------------------------------------
Finished IO Insertion : Time (s): cpu = 00:00:22 ; elapsed = 00:00:26 . Memory (MB): peak = 804.574 ; gain = 454.199
---------------------------------------------------------------------------------

Report Check Netlist: 
+------+------------------+-------+---------+-------+------------------+
|      |Item              |Errors |Warnings |Status |Description       |
+------+------------------+-------+---------+-------+------------------+
|1     |multi_driven_nets |      0|        0|Passed |Multi driven nets |
+------+------------------+-------+---------+-------+------------------+
---------------------------------------------------------------------------------
Start Renaming Generated Instances
---------------------------------------------------------------------------------
---------------------------------------------------------------------------------
Finished Renaming Generated Instances : Time (s): cpu = 00:00:22 ; elapsed = 00:00:26 . Memory (MB): peak = 804.574 ; gain = 454.199
---------------------------------------------------------------------------------

Report RTL Partitions: 
+-+--------------+------------+----------+
| |RTL Partition |Replication |Instances |
+-+--------------+------------+----------+
+-+--------------+------------+----------+
---------------------------------------------------------------------------------
Start Rebuilding User Hierarchy
---------------------------------------------------------------------------------
---------------------------------------------------------------------------------
Finished Rebuilding User Hierarchy : Time (s): cpu = 00:00:22 ; elapsed = 00:00:26 . Memory (MB): peak = 804.574 ; gain = 454.199
---------------------------------------------------------------------------------
---------------------------------------------------------------------------------
Start Renaming Generated Ports
---------------------------------------------------------------------------------
---------------------------------------------------------------------------------
Finished Renaming Generated Ports : Time (s): cpu = 00:00:22 ; elapsed = 00:00:26 . Memory (MB): peak = 804.574 ; gain = 454.199
---------------------------------------------------------------------------------
---------------------------------------------------------------------------------
Start Handling Custom Attributes
---------------------------------------------------------------------------------
---------------------------------------------------------------------------------
Finished Handling Custom Attributes : Time (s): cpu = 00:00:22 ; elapsed = 00:00:26 . Memory (MB): peak = 804.574 ; gain = 454.199
---------------------------------------------------------------------------------
---------------------------------------------------------------------------------
Start Renaming Generated Nets
---------------------------------------------------------------------------------
---------------------------------------------------------------------------------
Finished Renaming Generated Nets : Time (s): cpu = 00:00:22 ; elapsed = 00:00:26 . Memory (MB): peak = 804.574 ; gain = 454.199
---------------------------------------------------------------------------------
---------------------------------------------------------------------------------
Start Writing Synthesis Report
---------------------------------------------------------------------------------

Report BlackBoxes: 
+------+----------------+----------+
|      |BlackBox name   |Instances |
+------+----------------+----------+
|1     |csi2_d_phy_rx_0 |         1|
|2     |csi_to_axis_0   |         1|
|3     |blk_mem_gen_0   |         1|
+------+----------------+----------+

Report Cell Usage: 
+------+----------------+------+
|      |Cell            |Count |
+------+----------------+------+
|1     |blk_mem_gen_0   |     1|
|2     |csi2_d_phy_rx_0 |     1|
|3     |csi_to_axis_0   |     1|
|4     |CARRY4          |     3|
|5     |LUT1            |     4|
|6     |LUT2            |     9|
|7     |LUT3            |     7|
|8     |LUT4            |    10|
|9     |LUT5            |    10|
|10    |LUT6            |    25|
|11    |FDRE            |    53|
|12    |IBUF            |     3|
|13    |OBUF            |    34|
+------+----------------+------+

Report Instance Areas: 
+------+---------------------+------------------+------+
|      |Instance             |Module            |Cells |
+------+---------------------+------------------+------+
|1     |top                  |                  |   237|
|2     |  Driver_Csi_To_Dvp0 |Driver_Csi_To_Dvp |   129|
+------+---------------------+------------------+------+
---------------------------------------------------------------------------------
Finished Writing Synthesis Report : Time (s): cpu = 00:00:22 ; elapsed = 00:00:26 . Memory (MB): peak = 804.574 ; gain = 454.199
---------------------------------------------------------------------------------
Synthesis finished with 0 errors, 0 critical warnings and 1 warnings.
Synthesis Optimization Runtime : Time (s): cpu = 00:00:14 ; elapsed = 00:00:19 . Memory (MB): peak = 804.574 ; gain = 173.660
Synthesis Optimization Complete : Time (s): cpu = 00:00:22 ; elapsed = 00:00:26 . Memory (MB): peak = 804.574 ; gain = 454.199
INFO: [Project 1-571] Translating synthesized netlist
INFO: [Netlist 29-17] Analyzing 6 Unisim elements for replacement
INFO: [Netlist 29-28] Unisim Transformation completed in 0 CPU seconds
INFO: [Project 1-570] Preparing netlist for logic optimization
INFO: [Opt 31-138] Pushed 0 inverter(s) to 0 load pin(s).
INFO: [Project 1-111] Unisim Transformation Summary:
No Unisim elements were transformed.

INFO: [Common 17-83] Releasing license: Synthesis
25 Infos, 4 Warnings, 0 Critical Warnings and 0 Errors encountered.
synth_design completed successfully
synth_design: Time (s): cpu = 00:00:24 ; elapsed = 00:00:28 . Memory (MB): peak = 813.797 ; gain = 475.273
WARNING: [Constraints 18-5210] No constraint will be written out.
INFO: [Common 17-1381] The checkpoint 'C:/Users/Opex9020/Desktop/SEA-Tutorial/Experiment-of-SEA/IP_Core/Camera-IP/Driver_MIPI0/Driver_MIPI0.runs/synth_1/Driver_MIPI0.dcp' has been generated.
INFO: [runtcl-4] Executing : report_utilization -file Driver_MIPI0_utilization_synth.rpt -pb Driver_MIPI0_utilization_synth.pb
report_utilization: Time (s): cpu = 00:00:00 ; elapsed = 00:00:00.027 . Memory (MB): peak = 813.797 ; gain = 0.000
INFO: [Common 17-206] Exiting Vivado at Mon Nov 11 16:10:52 2019...
