#-----------------------------------------------------------
# Vivado v2018.2 (64-bit)
# SW Build 2258646 on Thu Jun 14 20:03:12 MDT 2018
# IP Build 2256618 on Thu Jun 14 22:10:49 MDT 2018
# Start of session at: Sun Mar 22 12:02:15 2020
# Process ID: 16172
# Current directory: D:/GitHub-Project/SEA/Examples/FPGA-IP/Image-Process-IP/HSV2RGB
# Command line: vivado.exe -gui_launcher_event rodinguilauncherevent2964 D:\GitHub-Project\SEA\Examples\FPGA-IP\Image-Process-IP\HSV2RGB\HSV2RGB.xpr
# Log file: D:/GitHub-Project/SEA/Examples/FPGA-IP/Image-Process-IP/HSV2RGB/vivado.log
# Journal file: D:/GitHub-Project/SEA/Examples/FPGA-IP/Image-Process-IP/HSV2RGB\vivado.jou
#-----------------------------------------------------------
start_gui
open_project D:/GitHub-Project/SEA/Examples/FPGA-IP/Image-Process-IP/HSV2RGB/HSV2RGB.xpr
INFO: [Project 1-313] Project file moved from 'C:/Users/Opex9020/Desktop/SEA-Tutorial/Experiment-of-SEA/IP_Core/Image-Process-IP/HSV2RGB' since last save.
Scanning sources...
Finished scanning sources
WARNING: [filemgmt 56-2] IPUserFilesDir: Could not find the directory 'D:/GitHub-Project/SEA/Examples/FPGA-IP/Image-Process-IP/HSV2RGB/HSV2RGB.ip_user_files', nor could it be found using path 'C:/Users/Opex9020/Desktop/SEA-Tutorial/Experiment-of-SEA/IP_Core/Image-Process-IP/HSV2RGB/HSV2RGB.ip_user_files'.
INFO: [IP_Flow 19-234] Refreshing IP repositories
INFO: [IP_Flow 19-1700] Loaded user IP repository 'd:/GitHub-Project/SEA/Examples/FPGA-IP/Image-Process-IP/IP/HSV2RGB_IP'.
INFO: [IP_Flow 19-2313] Loaded Vivado IP repository 'D:/vivado2018.2/Vivado/2018.2/data/ip'.
open_project: Time (s): cpu = 00:00:13 ; elapsed = 00:00:08 . Memory (MB): peak = 814.102 ; gain = 127.270
update_compile_order -fileset sources_1
exit
INFO: [Common 17-206] Exiting Vivado at Sun Mar 22 12:21:35 2020...
