
*** Running vivado
    with args -log clk_wiz_0.vds -m64 -product Vivado -mode batch -messageDb vivado.pb -notrace -source clk_wiz_0.tcl


****** Vivado v2018.2 (64-bit)
  **** SW Build 2258646 on Thu Jun 14 20:03:12 MDT 2018
  **** IP Build 2256618 on Thu Jun 14 22:10:49 MDT 2018
    ** Copyright 1986-2018 Xilinx, Inc. All Rights Reserved.

source clk_wiz_0.tcl -notrace
Command: synth_design -top clk_wiz_0 -part xc7s15ftgb196-1 -mode out_of_context
Starting synth_design
Attempting to get a license for feature 'Synthesis' and/or device 'xc7s15'
INFO: [Common 17-349] Got license for feature 'Synthesis' and/or device 'xc7s15'
INFO: Launching helper process for spawning children vivado processes
INFO: Helper process launched with PID 33488 
---------------------------------------------------------------------------------
Starting RTL Elaboration : Time (s): cpu = 00:00:02 ; elapsed = 00:00:03 . Memory (MB): peak = 450.703 ; gain = 99.258
---------------------------------------------------------------------------------
INFO: [Synth 8-6157] synthesizing module 'clk_wiz_0' [c:/Users/Opex9020/Desktop/SEA-Tutorial/Experiment-of-SEA/FPGA-Demo-Project/SMG-Demo/SMG_Demo/SMG_Demo.srcs/sources_1/ip/clk_wiz_0/clk_wiz_0.v:70]
INFO: [Synth 8-6157] synthesizing module 'clk_wiz_0_clk_wiz' [c:/Users/Opex9020/Desktop/SEA-Tutorial/Experiment-of-SEA/FPGA-Demo-Project/SMG-Demo/SMG_Demo/SMG_Demo.srcs/sources_1/ip/clk_wiz_0/clk_wiz_0_clk_wiz.v:68]
INFO: [Synth 8-6157] synthesizing module 'IBUF' [D:/Xilinx/Vivado/2018.2/scripts/rt/data/unisim_comp.v:19473]
	Parameter CAPACITANCE bound to: DONT_CARE - type: string 
	Parameter IBUF_DELAY_VALUE bound to: 0 - type: string 
	Parameter IBUF_LOW_PWR bound to: TRUE - type: string 
	Parameter IFD_DELAY_VALUE bound to: AUTO - type: string 
	Parameter IOSTANDARD bound to: DEFAULT - type: string 
INFO: [Synth 8-6155] done synthesizing module 'IBUF' (1#1) [D:/Xilinx/Vivado/2018.2/scripts/rt/data/unisim_comp.v:19473]
INFO: [Synth 8-6157] synthesizing module 'MMCME2_ADV' [D:/Xilinx/Vivado/2018.2/scripts/rt/data/unisim_comp.v:25762]
	Parameter BANDWIDTH bound to: OPTIMIZED - type: string 
	Parameter CLKFBOUT_MULT_F bound to: 10.000000 - type: float 
	Parameter CLKFBOUT_PHASE bound to: 0.000000 - type: float 
	Parameter CLKFBOUT_USE_FINE_PS bound to: FALSE - type: string 
	Parameter CLKIN1_PERIOD bound to: 10.000000 - type: float 
	Parameter CLKIN2_PERIOD bound to: 0.000000 - type: float 
	Parameter CLKOUT0_DIVIDE_F bound to: 20.000000 - type: float 
	Parameter CLKOUT0_DUTY_CYCLE bound to: 0.500000 - type: float 
	Parameter CLKOUT0_PHASE bound to: 0.000000 - type: float 
	Parameter CLKOUT0_USE_FINE_PS bound to: FALSE - type: string 
	Parameter CLKOUT1_DIVIDE bound to: 1 - type: integer 
	Parameter CLKOUT1_DUTY_CYCLE bound to: 0.500000 - type: float 
	Parameter CLKOUT1_PHASE bound to: 0.000000 - type: float 
	Parameter CLKOUT1_USE_FINE_PS bound to: FALSE - type: string 
	Parameter CLKOUT2_DIVIDE bound to: 1 - type: integer 
	Parameter CLKOUT2_DUTY_CYCLE bound to: 0.500000 - type: float 
	Parameter CLKOUT2_PHASE bound to: 0.000000 - type: float 
	Parameter CLKOUT2_USE_FINE_PS bound to: FALSE - type: string 
	Parameter CLKOUT3_DIVIDE bound to: 1 - type: integer 
	Parameter CLKOUT3_DUTY_CYCLE bound to: 0.500000 - type: float 
	Parameter CLKOUT3_PHASE bound to: 0.000000 - type: float 
	Parameter CLKOUT3_USE_FINE_PS bound to: FALSE - type: string 
	Parameter CLKOUT4_CASCADE bound to: FALSE - type: string 
	Parameter CLKOUT4_DIVIDE bound to: 1 - type: integer 
	Parameter CLKOUT4_DUTY_CYCLE bound to: 0.500000 - type: float 
	Parameter CLKOUT4_PHASE bound to: 0.000000 - type: float 
	Parameter CLKOUT4_USE_FINE_PS bound to: FALSE - type: string 
	Parameter CLKOUT5_DIVIDE bound to: 1 - type: integer 
	Parameter CLKOUT5_DUTY_CYCLE bound to: 0.500000 - type: float 
	Parameter CLKOUT5_PHASE bound to: 0.000000 - type: float 
	Parameter CLKOUT5_USE_FINE_PS bound to: FALSE - type: string 
	Parameter CLKOUT6_DIVIDE bound to: 1 - type: integer 
	Parameter CLKOUT6_DUTY_CYCLE bound to: 0.500000 - type: float 
	Parameter CLKOUT6_PHASE bound to: 0.000000 - type: float 
	Parameter CLKOUT6_USE_FINE_PS bound to: FALSE - type: string 
	Parameter COMPENSATION bound to: ZHOLD - type: string 
	Parameter DIVCLK_DIVIDE bound to: 1 - type: integer 
	Parameter IS_CLKINSEL_INVERTED bound to: 1'b0 
	Parameter IS_PSEN_INVERTED bound to: 1'b0 
	Parameter IS_PSINCDEC_INVERTED bound to: 1'b0 
	Parameter IS_PWRDWN_INVERTED bound to: 1'b0 
	Parameter IS_RST_INVERTED bound to: 1'b0 
	Parameter REF_JITTER1 bound to: 0.010000 - type: float 
	Parameter REF_JITTER2 bound to: 0.010000 - type: float 
	Parameter SS_EN bound to: FALSE - type: string 
	Parameter SS_MODE bound to: CENTER_HIGH - type: string 
	Parameter SS_MOD_PERIOD bound to: 10000 - type: integer 
	Parameter STARTUP_WAIT bound to: FALSE - type: string 
INFO: [Synth 8-6155] done synthesizing module 'MMCME2_ADV' (2#1) [D:/Xilinx/Vivado/2018.2/scripts/rt/data/unisim_comp.v:25762]
INFO: [Synth 8-6157] synthesizing module 'BUFG' [D:/Xilinx/Vivado/2018.2/scripts/rt/data/unisim_comp.v:609]
INFO: [Synth 8-6155] done synthesizing module 'BUFG' (3#1) [D:/Xilinx/Vivado/2018.2/scripts/rt/data/unisim_comp.v:609]
INFO: [Synth 8-6155] done synthesizing module 'clk_wiz_0_clk_wiz' (4#1) [c:/Users/Opex9020/Desktop/SEA-Tutorial/Experiment-of-SEA/FPGA-Demo-Project/SMG-Demo/SMG_Demo/SMG_Demo.srcs/sources_1/ip/clk_wiz_0/clk_wiz_0_clk_wiz.v:68]
INFO: [Synth 8-6155] done synthesizing module 'clk_wiz_0' (5#1) [c:/Users/Opex9020/Desktop/SEA-Tutorial/Experiment-of-SEA/FPGA-Demo-Project/SMG-Demo/SMG_Demo/SMG_Demo.srcs/sources_1/ip/clk_wiz_0/clk_wiz_0.v:70]
---------------------------------------------------------------------------------
Finished RTL Elaboration : Time (s): cpu = 00:00:03 ; elapsed = 00:00:04 . Memory (MB): peak = 505.344 ; gain = 153.898
---------------------------------------------------------------------------------

Report Check Netlist: 
+------+------------------+-------+---------+-------+------------------+
|      |Item              |Errors |Warnings |Status |Description       |
+------+------------------+-------+---------+-------+------------------+
|1     |multi_driven_nets |      0|        0|Passed |Multi driven nets |
+------+------------------+-------+---------+-------+------------------+
---------------------------------------------------------------------------------
Start Handling Custom Attributes
---------------------------------------------------------------------------------
---------------------------------------------------------------------------------
Finished Handling Custom Attributes : Time (s): cpu = 00:00:03 ; elapsed = 00:00:05 . Memory (MB): peak = 505.344 ; gain = 153.898
---------------------------------------------------------------------------------
---------------------------------------------------------------------------------
Finished RTL Optimization Phase 1 : Time (s): cpu = 00:00:03 ; elapsed = 00:00:05 . Memory (MB): peak = 505.344 ; gain = 153.898
---------------------------------------------------------------------------------
INFO: [Netlist 29-17] Analyzing 2 Unisim elements for replacement
INFO: [Netlist 29-28] Unisim Transformation completed in 0 CPU seconds
INFO: [Device 21-403] Loading part xc7s15ftgb196-1
INFO: [Project 1-570] Preparing netlist for logic optimization

Processing XDC Constraints
Initializing timing engine
Parsing XDC File [c:/Users/Opex9020/Desktop/SEA-Tutorial/Experiment-of-SEA/FPGA-Demo-Project/SMG-Demo/SMG_Demo/SMG_Demo.srcs/sources_1/ip/clk_wiz_0/clk_wiz_0_ooc.xdc] for cell 'inst'
Finished Parsing XDC File [c:/Users/Opex9020/Desktop/SEA-Tutorial/Experiment-of-SEA/FPGA-Demo-Project/SMG-Demo/SMG_Demo/SMG_Demo.srcs/sources_1/ip/clk_wiz_0/clk_wiz_0_ooc.xdc] for cell 'inst'
Parsing XDC File [c:/Users/Opex9020/Desktop/SEA-Tutorial/Experiment-of-SEA/FPGA-Demo-Project/SMG-Demo/SMG_Demo/SMG_Demo.srcs/sources_1/ip/clk_wiz_0/clk_wiz_0_board.xdc] for cell 'inst'
Finished Parsing XDC File [c:/Users/Opex9020/Desktop/SEA-Tutorial/Experiment-of-SEA/FPGA-Demo-Project/SMG-Demo/SMG_Demo/SMG_Demo.srcs/sources_1/ip/clk_wiz_0/clk_wiz_0_board.xdc] for cell 'inst'
Parsing XDC File [c:/Users/Opex9020/Desktop/SEA-Tutorial/Experiment-of-SEA/FPGA-Demo-Project/SMG-Demo/SMG_Demo/SMG_Demo.srcs/sources_1/ip/clk_wiz_0/clk_wiz_0.xdc] for cell 'inst'
Finished Parsing XDC File [c:/Users/Opex9020/Desktop/SEA-Tutorial/Experiment-of-SEA/FPGA-Demo-Project/SMG-Demo/SMG_Demo/SMG_Demo.srcs/sources_1/ip/clk_wiz_0/clk_wiz_0.xdc] for cell 'inst'
INFO: [Project 1-236] Implementation specific constraints were found while reading constraint file [c:/Users/Opex9020/Desktop/SEA-Tutorial/Experiment-of-SEA/FPGA-Demo-Project/SMG-Demo/SMG_Demo/SMG_Demo.srcs/sources_1/ip/clk_wiz_0/clk_wiz_0.xdc]. These constraints will be ignored for synthesis but will be used in implementation. Impacted constraints are listed in the file [.Xil/clk_wiz_0_propImpl.xdc].
Resolution: To avoid this warning, move constraints listed in [.Xil/clk_wiz_0_propImpl.xdc] to another XDC file and exclude this new file from synthesis with the used_in_synthesis property (File Properties dialog in GUI) and re-run elaboration/synthesis.
INFO: [Timing 38-2] Deriving generated clocks
Parsing XDC File [C:/Users/Opex9020/Desktop/SEA-Tutorial/Experiment-of-SEA/FPGA-Demo-Project/SMG-Demo/SMG_Demo/SMG_Demo.runs/clk_wiz_0_synth_1/dont_touch.xdc]
Finished Parsing XDC File [C:/Users/Opex9020/Desktop/SEA-Tutorial/Experiment-of-SEA/FPGA-Demo-Project/SMG-Demo/SMG_Demo/SMG_Demo.runs/clk_wiz_0_synth_1/dont_touch.xdc]
Completed Processing XDC Constraints

INFO: [Project 1-111] Unisim Transformation Summary:
No Unisim elements were transformed.

Constraint Validation Runtime : Time (s): cpu = 00:00:00 ; elapsed = 00:00:00.060 . Memory (MB): peak = 716.012 ; gain = 0.004
---------------------------------------------------------------------------------
Finished Constraint Validation : Time (s): cpu = 00:00:10 ; elapsed = 00:00:15 . Memory (MB): peak = 716.012 ; gain = 364.566
---------------------------------------------------------------------------------
---------------------------------------------------------------------------------
Start Loading Part and Timing Information
---------------------------------------------------------------------------------
Loading part: xc7s15ftgb196-1
---------------------------------------------------------------------------------
Finished Loading Part and Timing Information : Time (s): cpu = 00:00:10 ; elapsed = 00:00:15 . Memory (MB): peak = 716.012 ; gain = 364.566
---------------------------------------------------------------------------------
---------------------------------------------------------------------------------
Start Applying 'set_property' XDC Constraints
---------------------------------------------------------------------------------
Applied set_property DONT_TOUCH = true for inst. (constraint file  C:/Users/Opex9020/Desktop/SEA-Tutorial/Experiment-of-SEA/FPGA-Demo-Project/SMG-Demo/SMG_Demo/SMG_Demo.runs/clk_wiz_0_synth_1/dont_touch.xdc, line 9).
---------------------------------------------------------------------------------
Finished applying 'set_property' XDC Constraints : Time (s): cpu = 00:00:10 ; elapsed = 00:00:15 . Memory (MB): peak = 716.012 ; gain = 364.566
---------------------------------------------------------------------------------
---------------------------------------------------------------------------------
Finished RTL Optimization Phase 2 : Time (s): cpu = 00:00:10 ; elapsed = 00:00:16 . Memory (MB): peak = 716.012 ; gain = 364.566
---------------------------------------------------------------------------------

Report RTL Partitions: 
+-+--------------+------------+----------+
| |RTL Partition |Replication |Instances |
+-+--------------+------------+----------+
+-+--------------+------------+----------+
---------------------------------------------------------------------------------
Start RTL Component Statistics 
---------------------------------------------------------------------------------
Detailed RTL Component Info : 
---------------------------------------------------------------------------------
Finished RTL Component Statistics 
---------------------------------------------------------------------------------
---------------------------------------------------------------------------------
Start RTL Hierarchical Component Statistics 
---------------------------------------------------------------------------------
Hierarchical RTL Component report 
---------------------------------------------------------------------------------
Finished RTL Hierarchical Component Statistics
---------------------------------------------------------------------------------
---------------------------------------------------------------------------------
Start Part Resource Summary
---------------------------------------------------------------------------------
Part Resources:
DSPs: 20 (col length:20)
BRAMs: 20 (col length: RAMB18 20 RAMB36 10)
---------------------------------------------------------------------------------
Finished Part Resource Summary
---------------------------------------------------------------------------------
---------------------------------------------------------------------------------
Start Cross Boundary and Area Optimization
---------------------------------------------------------------------------------
Warning: Parallel synthesis criteria is not met 
---------------------------------------------------------------------------------
Finished Cross Boundary and Area Optimization : Time (s): cpu = 00:00:11 ; elapsed = 00:00:16 . Memory (MB): peak = 716.012 ; gain = 364.566
---------------------------------------------------------------------------------

Report RTL Partitions: 
+-+--------------+------------+----------+
| |RTL Partition |Replication |Instances |
+-+--------------+------------+----------+
+-+--------------+------------+----------+
---------------------------------------------------------------------------------
Start Applying XDC Timing Constraints
---------------------------------------------------------------------------------
---------------------------------------------------------------------------------
Finished Applying XDC Timing Constraints : Time (s): cpu = 00:00:19 ; elapsed = 00:00:25 . Memory (MB): peak = 773.191 ; gain = 421.746
---------------------------------------------------------------------------------
---------------------------------------------------------------------------------
Start Timing Optimization
---------------------------------------------------------------------------------
---------------------------------------------------------------------------------
Finished Timing Optimization : Time (s): cpu = 00:00:19 ; elapsed = 00:00:25 . Memory (MB): peak = 773.191 ; gain = 421.746
---------------------------------------------------------------------------------

Report RTL Partitions: 
+-+--------------+------------+----------+
| |RTL Partition |Replication |Instances |
+-+--------------+------------+----------+
+-+--------------+------------+----------+
---------------------------------------------------------------------------------
Start Technology Mapping
---------------------------------------------------------------------------------
---------------------------------------------------------------------------------
Finished Technology Mapping : Time (s): cpu = 00:00:19 ; elapsed = 00:00:25 . Memory (MB): peak = 773.191 ; gain = 421.746
---------------------------------------------------------------------------------

Report RTL Partitions: 
+-+--------------+------------+----------+
| |RTL Partition |Replication |Instances |
+-+--------------+------------+----------+
+-+--------------+------------+----------+
---------------------------------------------------------------------------------
Start IO Insertion
---------------------------------------------------------------------------------
---------------------------------------------------------------------------------
Start Flattening Before IO Insertion
---------------------------------------------------------------------------------
---------------------------------------------------------------------------------
Finished Flattening Before IO Insertion
---------------------------------------------------------------------------------
---------------------------------------------------------------------------------
Start Final Netlist Cleanup
---------------------------------------------------------------------------------
---------------------------------------------------------------------------------
Finished Final Netlist Cleanup
---------------------------------------------------------------------------------
---------------------------------------------------------------------------------
Finished IO Insertion : Time (s): cpu = 00:00:20 ; elapsed = 00:00:26 . Memory (MB): peak = 774.805 ; gain = 423.359
---------------------------------------------------------------------------------

Report Check Netlist: 
+------+------------------+-------+---------+-------+------------------+
|      |Item              |Errors |Warnings |Status |Description       |
+------+------------------+-------+---------+-------+------------------+
|1     |multi_driven_nets |      0|        0|Passed |Multi driven nets |
+------+------------------+-------+---------+-------+------------------+
---------------------------------------------------------------------------------
Start Renaming Generated Instances
---------------------------------------------------------------------------------
---------------------------------------------------------------------------------
Finished Renaming Generated Instances : Time (s): cpu = 00:00:20 ; elapsed = 00:00:26 . Memory (MB): peak = 774.805 ; gain = 423.359
---------------------------------------------------------------------------------

Report RTL Partitions: 
+-+--------------+------------+----------+
| |RTL Partition |Replication |Instances |
+-+--------------+------------+----------+
+-+--------------+------------+----------+
---------------------------------------------------------------------------------
Start Rebuilding User Hierarchy
---------------------------------------------------------------------------------
---------------------------------------------------------------------------------
Finished Rebuilding User Hierarchy : Time (s): cpu = 00:00:20 ; elapsed = 00:00:26 . Memory (MB): peak = 774.805 ; gain = 423.359
---------------------------------------------------------------------------------
---------------------------------------------------------------------------------
Start Renaming Generated Ports
---------------------------------------------------------------------------------
---------------------------------------------------------------------------------
Finished Renaming Generated Ports : Time (s): cpu = 00:00:20 ; elapsed = 00:00:26 . Memory (MB): peak = 774.805 ; gain = 423.359
---------------------------------------------------------------------------------
---------------------------------------------------------------------------------
Start Handling Custom Attributes
---------------------------------------------------------------------------------
---------------------------------------------------------------------------------
Finished Handling Custom Attributes : Time (s): cpu = 00:00:20 ; elapsed = 00:00:26 . Memory (MB): peak = 774.805 ; gain = 423.359
---------------------------------------------------------------------------------
---------------------------------------------------------------------------------
Start Renaming Generated Nets
---------------------------------------------------------------------------------
---------------------------------------------------------------------------------
Finished Renaming Generated Nets : Time (s): cpu = 00:00:20 ; elapsed = 00:00:26 . Memory (MB): peak = 774.805 ; gain = 423.359
---------------------------------------------------------------------------------
---------------------------------------------------------------------------------
Start Writing Synthesis Report
---------------------------------------------------------------------------------

Report BlackBoxes: 
+-+--------------+----------+
| |BlackBox name |Instances |
+-+--------------+----------+
+-+--------------+----------+

Report Cell Usage: 
+------+-----------+------+
|      |Cell       |Count |
+------+-----------+------+
|1     |BUFG       |     2|
|2     |MMCME2_ADV |     1|
|3     |IBUF       |     1|
+------+-----------+------+

Report Instance Areas: 
+------+---------+------------------+------+
|      |Instance |Module            |Cells |
+------+---------+------------------+------+
|1     |top      |                  |     4|
|2     |  inst   |clk_wiz_0_clk_wiz |     4|
+------+---------+------------------+------+
---------------------------------------------------------------------------------
Finished Writing Synthesis Report : Time (s): cpu = 00:00:20 ; elapsed = 00:00:26 . Memory (MB): peak = 774.805 ; gain = 423.359
---------------------------------------------------------------------------------
Synthesis finished with 0 errors, 0 critical warnings and 0 warnings.
Synthesis Optimization Runtime : Time (s): cpu = 00:00:12 ; elapsed = 00:00:18 . Memory (MB): peak = 774.805 ; gain = 212.691
Synthesis Optimization Complete : Time (s): cpu = 00:00:20 ; elapsed = 00:00:27 . Memory (MB): peak = 774.805 ; gain = 423.359
INFO: [Project 1-571] Translating synthesized netlist
INFO: [Netlist 29-17] Analyzing 2 Unisim elements for replacement
INFO: [Netlist 29-28] Unisim Transformation completed in 0 CPU seconds
INFO: [Project 1-570] Preparing netlist for logic optimization
INFO: [Opt 31-138] Pushed 0 inverter(s) to 0 load pin(s).
INFO: [Project 1-111] Unisim Transformation Summary:
No Unisim elements were transformed.

INFO: [Common 17-83] Releasing license: Synthesis
25 Infos, 0 Warnings, 0 Critical Warnings and 0 Errors encountered.
synth_design completed successfully
synth_design: Time (s): cpu = 00:00:22 ; elapsed = 00:00:29 . Memory (MB): peak = 795.719 ; gain = 455.742
WARNING: [Constraints 18-5210] No constraint will be written out.
INFO: [Common 17-1381] The checkpoint 'C:/Users/Opex9020/Desktop/SEA-Tutorial/Experiment-of-SEA/FPGA-Demo-Project/SMG-Demo/SMG_Demo/SMG_Demo.runs/clk_wiz_0_synth_1/clk_wiz_0.dcp' has been generated.
INFO: [Coretcl 2-1482] Added synthesis output to IP cache for IP c:/Users/Opex9020/Desktop/SEA-Tutorial/Experiment-of-SEA/FPGA-Demo-Project/SMG-Demo/SMG_Demo/SMG_Demo.srcs/sources_1/ip/clk_wiz_0/clk_wiz_0.xci
WARNING: [Constraints 18-5210] No constraint will be written out.
INFO: [Common 17-1381] The checkpoint 'C:/Users/Opex9020/Desktop/SEA-Tutorial/Experiment-of-SEA/FPGA-Demo-Project/SMG-Demo/SMG_Demo/SMG_Demo.runs/clk_wiz_0_synth_1/clk_wiz_0.dcp' has been generated.
INFO: [runtcl-4] Executing : report_utilization -file clk_wiz_0_utilization_synth.rpt -pb clk_wiz_0_utilization_synth.pb
report_utilization: Time (s): cpu = 00:00:00 ; elapsed = 00:00:00.055 . Memory (MB): peak = 800.094 ; gain = 0.000
INFO: [Common 17-206] Exiting Vivado at Sun Jan 12 20:01:38 2020...

*** Running vivado
    with args -log clk_wiz_0.vds -m64 -product Vivado -mode batch -messageDb vivado.pb -notrace -source clk_wiz_0.tcl


****** Vivado v2018.2 (64-bit)
  **** SW Build 2258646 on Thu Jun 14 20:03:12 MDT 2018
  **** IP Build 2256618 on Thu Jun 14 22:10:49 MDT 2018
    ** Copyright 1986-2018 Xilinx, Inc. All Rights Reserved.

source clk_wiz_0.tcl -notrace
Command: synth_design -top clk_wiz_0 -part xc7s15ftgb196-1 -mode out_of_context
Starting synth_design
Attempting to get a license for feature 'Synthesis' and/or device 'xc7s15'
INFO: [Common 17-349] Got license for feature 'Synthesis' and/or device 'xc7s15'
INFO: Launching helper process for spawning children vivado processes
INFO: Helper process launched with PID 29364 
---------------------------------------------------------------------------------
Starting RTL Elaboration : Time (s): cpu = 00:00:02 ; elapsed = 00:00:04 . Memory (MB): peak = 451.836 ; gain = 100.000
---------------------------------------------------------------------------------
INFO: [Synth 8-6157] synthesizing module 'clk_wiz_0' [d:/SEA-Tutorial/Experiment-of-SEA/FPGA-Demo-Project/SMG-Demo/SMG_Demo/SMG_Demo.srcs/sources_1/ip/clk_wiz_0/clk_wiz_0.v:70]
INFO: [Synth 8-6157] synthesizing module 'clk_wiz_0_clk_wiz' [d:/SEA-Tutorial/Experiment-of-SEA/FPGA-Demo-Project/SMG-Demo/SMG_Demo/SMG_Demo.srcs/sources_1/ip/clk_wiz_0/clk_wiz_0_clk_wiz.v:68]
INFO: [Synth 8-6157] synthesizing module 'IBUF' [D:/Xilinx/Vivado/2018.2/scripts/rt/data/unisim_comp.v:19473]
	Parameter CAPACITANCE bound to: DONT_CARE - type: string 
	Parameter IBUF_DELAY_VALUE bound to: 0 - type: string 
	Parameter IBUF_LOW_PWR bound to: TRUE - type: string 
	Parameter IFD_DELAY_VALUE bound to: AUTO - type: string 
	Parameter IOSTANDARD bound to: DEFAULT - type: string 
INFO: [Synth 8-6155] done synthesizing module 'IBUF' (1#1) [D:/Xilinx/Vivado/2018.2/scripts/rt/data/unisim_comp.v:19473]
INFO: [Synth 8-6157] synthesizing module 'MMCME2_ADV' [D:/Xilinx/Vivado/2018.2/scripts/rt/data/unisim_comp.v:25762]
	Parameter BANDWIDTH bound to: OPTIMIZED - type: string 
	Parameter CLKFBOUT_MULT_F bound to: 10.000000 - type: float 
	Parameter CLKFBOUT_PHASE bound to: 0.000000 - type: float 
	Parameter CLKFBOUT_USE_FINE_PS bound to: FALSE - type: string 
	Parameter CLKIN1_PERIOD bound to: 10.000000 - type: float 
	Parameter CLKIN2_PERIOD bound to: 0.000000 - type: float 
	Parameter CLKOUT0_DIVIDE_F bound to: 20.000000 - type: float 
	Parameter CLKOUT0_DUTY_CYCLE bound to: 0.500000 - type: float 
	Parameter CLKOUT0_PHASE bound to: 0.000000 - type: float 
	Parameter CLKOUT0_USE_FINE_PS bound to: FALSE - type: string 
	Parameter CLKOUT1_DIVIDE bound to: 1 - type: integer 
	Parameter CLKOUT1_DUTY_CYCLE bound to: 0.500000 - type: float 
	Parameter CLKOUT1_PHASE bound to: 0.000000 - type: float 
	Parameter CLKOUT1_USE_FINE_PS bound to: FALSE - type: string 
	Parameter CLKOUT2_DIVIDE bound to: 1 - type: integer 
	Parameter CLKOUT2_DUTY_CYCLE bound to: 0.500000 - type: float 
	Parameter CLKOUT2_PHASE bound to: 0.000000 - type: float 
	Parameter CLKOUT2_USE_FINE_PS bound to: FALSE - type: string 
	Parameter CLKOUT3_DIVIDE bound to: 1 - type: integer 
	Parameter CLKOUT3_DUTY_CYCLE bound to: 0.500000 - type: float 
	Parameter CLKOUT3_PHASE bound to: 0.000000 - type: float 
	Parameter CLKOUT3_USE_FINE_PS bound to: FALSE - type: string 
	Parameter CLKOUT4_CASCADE bound to: FALSE - type: string 
	Parameter CLKOUT4_DIVIDE bound to: 1 - type: integer 
	Parameter CLKOUT4_DUTY_CYCLE bound to: 0.500000 - type: float 
	Parameter CLKOUT4_PHASE bound to: 0.000000 - type: float 
	Parameter CLKOUT4_USE_FINE_PS bound to: FALSE - type: string 
	Parameter CLKOUT5_DIVIDE bound to: 1 - type: integer 
	Parameter CLKOUT5_DUTY_CYCLE bound to: 0.500000 - type: float 
	Parameter CLKOUT5_PHASE bound to: 0.000000 - type: float 
	Parameter CLKOUT5_USE_FINE_PS bound to: FALSE - type: string 
	Parameter CLKOUT6_DIVIDE bound to: 1 - type: integer 
	Parameter CLKOUT6_DUTY_CYCLE bound to: 0.500000 - type: float 
	Parameter CLKOUT6_PHASE bound to: 0.000000 - type: float 
	Parameter CLKOUT6_USE_FINE_PS bound to: FALSE - type: string 
	Parameter COMPENSATION bound to: ZHOLD - type: string 
	Parameter DIVCLK_DIVIDE bound to: 1 - type: integer 
	Parameter IS_CLKINSEL_INVERTED bound to: 1'b0 
	Parameter IS_PSEN_INVERTED bound to: 1'b0 
	Parameter IS_PSINCDEC_INVERTED bound to: 1'b0 
	Parameter IS_PWRDWN_INVERTED bound to: 1'b0 
	Parameter IS_RST_INVERTED bound to: 1'b0 
	Parameter REF_JITTER1 bound to: 0.010000 - type: float 
	Parameter REF_JITTER2 bound to: 0.010000 - type: float 
	Parameter SS_EN bound to: FALSE - type: string 
	Parameter SS_MODE bound to: CENTER_HIGH - type: string 
	Parameter SS_MOD_PERIOD bound to: 10000 - type: integer 
	Parameter STARTUP_WAIT bound to: FALSE - type: string 
INFO: [Synth 8-6155] done synthesizing module 'MMCME2_ADV' (2#1) [D:/Xilinx/Vivado/2018.2/scripts/rt/data/unisim_comp.v:25762]
INFO: [Synth 8-6157] synthesizing module 'BUFG' [D:/Xilinx/Vivado/2018.2/scripts/rt/data/unisim_comp.v:609]
INFO: [Synth 8-6155] done synthesizing module 'BUFG' (3#1) [D:/Xilinx/Vivado/2018.2/scripts/rt/data/unisim_comp.v:609]
INFO: [Synth 8-6155] done synthesizing module 'clk_wiz_0_clk_wiz' (4#1) [d:/SEA-Tutorial/Experiment-of-SEA/FPGA-Demo-Project/SMG-Demo/SMG_Demo/SMG_Demo.srcs/sources_1/ip/clk_wiz_0/clk_wiz_0_clk_wiz.v:68]
INFO: [Synth 8-6155] done synthesizing module 'clk_wiz_0' (5#1) [d:/SEA-Tutorial/Experiment-of-SEA/FPGA-Demo-Project/SMG-Demo/SMG_Demo/SMG_Demo.srcs/sources_1/ip/clk_wiz_0/clk_wiz_0.v:70]
---------------------------------------------------------------------------------
Finished RTL Elaboration : Time (s): cpu = 00:00:03 ; elapsed = 00:00:05 . Memory (MB): peak = 506.137 ; gain = 154.301
---------------------------------------------------------------------------------

Report Check Netlist: 
+------+------------------+-------+---------+-------+------------------+
|      |Item              |Errors |Warnings |Status |Description       |
+------+------------------+-------+---------+-------+------------------+
|1     |multi_driven_nets |      0|        0|Passed |Multi driven nets |
+------+------------------+-------+---------+-------+------------------+
---------------------------------------------------------------------------------
Start Handling Custom Attributes
---------------------------------------------------------------------------------
---------------------------------------------------------------------------------
Finished Handling Custom Attributes : Time (s): cpu = 00:00:03 ; elapsed = 00:00:05 . Memory (MB): peak = 506.137 ; gain = 154.301
---------------------------------------------------------------------------------
---------------------------------------------------------------------------------
Finished RTL Optimization Phase 1 : Time (s): cpu = 00:00:03 ; elapsed = 00:00:05 . Memory (MB): peak = 506.137 ; gain = 154.301
---------------------------------------------------------------------------------
INFO: [Netlist 29-17] Analyzing 2 Unisim elements for replacement
INFO: [Netlist 29-28] Unisim Transformation completed in 0 CPU seconds
INFO: [Device 21-403] Loading part xc7s15ftgb196-1
INFO: [Project 1-570] Preparing netlist for logic optimization

Processing XDC Constraints
Initializing timing engine
Parsing XDC File [d:/SEA-Tutorial/Experiment-of-SEA/FPGA-Demo-Project/SMG-Demo/SMG_Demo/SMG_Demo.srcs/sources_1/ip/clk_wiz_0/clk_wiz_0_ooc.xdc] for cell 'inst'
Finished Parsing XDC File [d:/SEA-Tutorial/Experiment-of-SEA/FPGA-Demo-Project/SMG-Demo/SMG_Demo/SMG_Demo.srcs/sources_1/ip/clk_wiz_0/clk_wiz_0_ooc.xdc] for cell 'inst'
Parsing XDC File [d:/SEA-Tutorial/Experiment-of-SEA/FPGA-Demo-Project/SMG-Demo/SMG_Demo/SMG_Demo.srcs/sources_1/ip/clk_wiz_0/clk_wiz_0_board.xdc] for cell 'inst'
Finished Parsing XDC File [d:/SEA-Tutorial/Experiment-of-SEA/FPGA-Demo-Project/SMG-Demo/SMG_Demo/SMG_Demo.srcs/sources_1/ip/clk_wiz_0/clk_wiz_0_board.xdc] for cell 'inst'
Parsing XDC File [d:/SEA-Tutorial/Experiment-of-SEA/FPGA-Demo-Project/SMG-Demo/SMG_Demo/SMG_Demo.srcs/sources_1/ip/clk_wiz_0/clk_wiz_0.xdc] for cell 'inst'
Finished Parsing XDC File [d:/SEA-Tutorial/Experiment-of-SEA/FPGA-Demo-Project/SMG-Demo/SMG_Demo/SMG_Demo.srcs/sources_1/ip/clk_wiz_0/clk_wiz_0.xdc] for cell 'inst'
INFO: [Project 1-236] Implementation specific constraints were found while reading constraint file [d:/SEA-Tutorial/Experiment-of-SEA/FPGA-Demo-Project/SMG-Demo/SMG_Demo/SMG_Demo.srcs/sources_1/ip/clk_wiz_0/clk_wiz_0.xdc]. These constraints will be ignored for synthesis but will be used in implementation. Impacted constraints are listed in the file [.Xil/clk_wiz_0_propImpl.xdc].
Resolution: To avoid this warning, move constraints listed in [.Xil/clk_wiz_0_propImpl.xdc] to another XDC file and exclude this new file from synthesis with the used_in_synthesis property (File Properties dialog in GUI) and re-run elaboration/synthesis.
INFO: [Timing 38-2] Deriving generated clocks
Parsing XDC File [D:/SEA-Tutorial/Experiment-of-SEA/FPGA-Demo-Project/SMG-Demo/SMG_Demo/SMG_Demo.runs/clk_wiz_0_synth_1/dont_touch.xdc]
Finished Parsing XDC File [D:/SEA-Tutorial/Experiment-of-SEA/FPGA-Demo-Project/SMG-Demo/SMG_Demo/SMG_Demo.runs/clk_wiz_0_synth_1/dont_touch.xdc]
Completed Processing XDC Constraints

INFO: [Project 1-111] Unisim Transformation Summary:
No Unisim elements were transformed.

Constraint Validation Runtime : Time (s): cpu = 00:00:00 ; elapsed = 00:00:00.073 . Memory (MB): peak = 716.676 ; gain = 0.000
---------------------------------------------------------------------------------
Finished Constraint Validation : Time (s): cpu = 00:00:10 ; elapsed = 00:00:20 . Memory (MB): peak = 716.676 ; gain = 364.840
---------------------------------------------------------------------------------
---------------------------------------------------------------------------------
Start Loading Part and Timing Information
---------------------------------------------------------------------------------
Loading part: xc7s15ftgb196-1
---------------------------------------------------------------------------------
Finished Loading Part and Timing Information : Time (s): cpu = 00:00:10 ; elapsed = 00:00:20 . Memory (MB): peak = 716.676 ; gain = 364.840
---------------------------------------------------------------------------------
---------------------------------------------------------------------------------
Start Applying 'set_property' XDC Constraints
---------------------------------------------------------------------------------
Applied set_property DONT_TOUCH = true for inst. (constraint file  D:/SEA-Tutorial/Experiment-of-SEA/FPGA-Demo-Project/SMG-Demo/SMG_Demo/SMG_Demo.runs/clk_wiz_0_synth_1/dont_touch.xdc, line 9).
---------------------------------------------------------------------------------
Finished applying 'set_property' XDC Constraints : Time (s): cpu = 00:00:10 ; elapsed = 00:00:20 . Memory (MB): peak = 716.676 ; gain = 364.840
---------------------------------------------------------------------------------
---------------------------------------------------------------------------------
Finished RTL Optimization Phase 2 : Time (s): cpu = 00:00:10 ; elapsed = 00:00:20 . Memory (MB): peak = 716.676 ; gain = 364.840
---------------------------------------------------------------------------------

Report RTL Partitions: 
+-+--------------+------------+----------+
| |RTL Partition |Replication |Instances |
+-+--------------+------------+----------+
+-+--------------+------------+----------+
---------------------------------------------------------------------------------
Start RTL Component Statistics 
---------------------------------------------------------------------------------
Detailed RTL Component Info : 
---------------------------------------------------------------------------------
Finished RTL Component Statistics 
---------------------------------------------------------------------------------
---------------------------------------------------------------------------------
Start RTL Hierarchical Component Statistics 
---------------------------------------------------------------------------------
Hierarchical RTL Component report 
---------------------------------------------------------------------------------
Finished RTL Hierarchical Component Statistics
---------------------------------------------------------------------------------
---------------------------------------------------------------------------------
Start Part Resource Summary
---------------------------------------------------------------------------------
Part Resources:
DSPs: 20 (col length:20)
BRAMs: 20 (col length: RAMB18 20 RAMB36 10)
---------------------------------------------------------------------------------
Finished Part Resource Summary
---------------------------------------------------------------------------------
---------------------------------------------------------------------------------
Start Cross Boundary and Area Optimization
---------------------------------------------------------------------------------
Warning: Parallel synthesis criteria is not met 
---------------------------------------------------------------------------------
Finished Cross Boundary and Area Optimization : Time (s): cpu = 00:00:11 ; elapsed = 00:00:21 . Memory (MB): peak = 716.676 ; gain = 364.840
---------------------------------------------------------------------------------

Report RTL Partitions: 
+-+--------------+------------+----------+
| |RTL Partition |Replication |Instances |
+-+--------------+------------+----------+
+-+--------------+------------+----------+
---------------------------------------------------------------------------------
Start Applying XDC Timing Constraints
---------------------------------------------------------------------------------
---------------------------------------------------------------------------------
Finished Applying XDC Timing Constraints : Time (s): cpu = 00:00:19 ; elapsed = 00:00:30 . Memory (MB): peak = 775.363 ; gain = 423.527
---------------------------------------------------------------------------------
---------------------------------------------------------------------------------
Start Timing Optimization
---------------------------------------------------------------------------------
---------------------------------------------------------------------------------
Finished Timing Optimization : Time (s): cpu = 00:00:19 ; elapsed = 00:00:30 . Memory (MB): peak = 775.363 ; gain = 423.527
---------------------------------------------------------------------------------

Report RTL Partitions: 
+-+--------------+------------+----------+
| |RTL Partition |Replication |Instances |
+-+--------------+------------+----------+
+-+--------------+------------+----------+
---------------------------------------------------------------------------------
Start Technology Mapping
---------------------------------------------------------------------------------
---------------------------------------------------------------------------------
Finished Technology Mapping : Time (s): cpu = 00:00:19 ; elapsed = 00:00:30 . Memory (MB): peak = 775.363 ; gain = 423.527
---------------------------------------------------------------------------------

Report RTL Partitions: 
+-+--------------+------------+----------+
| |RTL Partition |Replication |Instances |
+-+--------------+------------+----------+
+-+--------------+------------+----------+
---------------------------------------------------------------------------------
Start IO Insertion
---------------------------------------------------------------------------------
---------------------------------------------------------------------------------
Start Flattening Before IO Insertion
---------------------------------------------------------------------------------
---------------------------------------------------------------------------------
Finished Flattening Before IO Insertion
---------------------------------------------------------------------------------
---------------------------------------------------------------------------------
Start Final Netlist Cleanup
---------------------------------------------------------------------------------
---------------------------------------------------------------------------------
Finished Final Netlist Cleanup
---------------------------------------------------------------------------------
---------------------------------------------------------------------------------
Finished IO Insertion : Time (s): cpu = 00:00:20 ; elapsed = 00:00:31 . Memory (MB): peak = 776.566 ; gain = 424.730
---------------------------------------------------------------------------------

Report Check Netlist: 
+------+------------------+-------+---------+-------+------------------+
|      |Item              |Errors |Warnings |Status |Description       |
+------+------------------+-------+---------+-------+------------------+
|1     |multi_driven_nets |      0|        0|Passed |Multi driven nets |
+------+------------------+-------+---------+-------+------------------+
---------------------------------------------------------------------------------
Start Renaming Generated Instances
---------------------------------------------------------------------------------
---------------------------------------------------------------------------------
Finished Renaming Generated Instances : Time (s): cpu = 00:00:20 ; elapsed = 00:00:31 . Memory (MB): peak = 776.566 ; gain = 424.730
---------------------------------------------------------------------------------

Report RTL Partitions: 
+-+--------------+------------+----------+
| |RTL Partition |Replication |Instances |
+-+--------------+------------+----------+
+-+--------------+------------+----------+
---------------------------------------------------------------------------------
Start Rebuilding User Hierarchy
---------------------------------------------------------------------------------
---------------------------------------------------------------------------------
Finished Rebuilding User Hierarchy : Time (s): cpu = 00:00:20 ; elapsed = 00:00:31 . Memory (MB): peak = 776.566 ; gain = 424.730
---------------------------------------------------------------------------------
---------------------------------------------------------------------------------
Start Renaming Generated Ports
---------------------------------------------------------------------------------
---------------------------------------------------------------------------------
Finished Renaming Generated Ports : Time (s): cpu = 00:00:20 ; elapsed = 00:00:31 . Memory (MB): peak = 776.566 ; gain = 424.730
---------------------------------------------------------------------------------
---------------------------------------------------------------------------------
Start Handling Custom Attributes
---------------------------------------------------------------------------------
---------------------------------------------------------------------------------
Finished Handling Custom Attributes : Time (s): cpu = 00:00:20 ; elapsed = 00:00:31 . Memory (MB): peak = 776.566 ; gain = 424.730
---------------------------------------------------------------------------------
---------------------------------------------------------------------------------
Start Renaming Generated Nets
---------------------------------------------------------------------------------
---------------------------------------------------------------------------------
Finished Renaming Generated Nets : Time (s): cpu = 00:00:20 ; elapsed = 00:00:31 . Memory (MB): peak = 776.566 ; gain = 424.730
---------------------------------------------------------------------------------
---------------------------------------------------------------------------------
Start Writing Synthesis Report
---------------------------------------------------------------------------------

Report BlackBoxes: 
+-+--------------+----------+
| |BlackBox name |Instances |
+-+--------------+----------+
+-+--------------+----------+

Report Cell Usage: 
+------+-----------+------+
|      |Cell       |Count |
+------+-----------+------+
|1     |BUFG       |     2|
|2     |MMCME2_ADV |     1|
|3     |IBUF       |     1|
+------+-----------+------+

Report Instance Areas: 
+------+---------+------------------+------+
|      |Instance |Module            |Cells |
+------+---------+------------------+------+
|1     |top      |                  |     4|
|2     |  inst   |clk_wiz_0_clk_wiz |     4|
+------+---------+------------------+------+
---------------------------------------------------------------------------------
Finished Writing Synthesis Report : Time (s): cpu = 00:00:20 ; elapsed = 00:00:31 . Memory (MB): peak = 776.566 ; gain = 424.730
---------------------------------------------------------------------------------
Synthesis finished with 0 errors, 0 critical warnings and 0 warnings.
Synthesis Optimization Runtime : Time (s): cpu = 00:00:12 ; elapsed = 00:00:19 . Memory (MB): peak = 776.566 ; gain = 214.191
Synthesis Optimization Complete : Time (s): cpu = 00:00:20 ; elapsed = 00:00:32 . Memory (MB): peak = 776.566 ; gain = 424.730
INFO: [Project 1-571] Translating synthesized netlist
INFO: [Netlist 29-17] Analyzing 2 Unisim elements for replacement
INFO: [Netlist 29-28] Unisim Transformation completed in 0 CPU seconds
INFO: [Project 1-570] Preparing netlist for logic optimization
INFO: [Opt 31-138] Pushed 0 inverter(s) to 0 load pin(s).
INFO: [Project 1-111] Unisim Transformation Summary:
No Unisim elements were transformed.

INFO: [Common 17-83] Releasing license: Synthesis
25 Infos, 0 Warnings, 0 Critical Warnings and 0 Errors encountered.
synth_design completed successfully
synth_design: Time (s): cpu = 00:00:22 ; elapsed = 00:00:34 . Memory (MB): peak = 794.316 ; gain = 454.324
WARNING: [Constraints 18-5210] No constraint will be written out.
INFO: [Common 17-1381] The checkpoint 'D:/SEA-Tutorial/Experiment-of-SEA/FPGA-Demo-Project/SMG-Demo/SMG_Demo/SMG_Demo.runs/clk_wiz_0_synth_1/clk_wiz_0.dcp' has been generated.
INFO: [Coretcl 2-1482] Added synthesis output to IP cache for IP d:/SEA-Tutorial/Experiment-of-SEA/FPGA-Demo-Project/SMG-Demo/SMG_Demo/SMG_Demo.srcs/sources_1/ip/clk_wiz_0/clk_wiz_0.xci
WARNING: [Constraints 18-5210] No constraint will be written out.
INFO: [Common 17-1381] The checkpoint 'D:/SEA-Tutorial/Experiment-of-SEA/FPGA-Demo-Project/SMG-Demo/SMG_Demo/SMG_Demo.runs/clk_wiz_0_synth_1/clk_wiz_0.dcp' has been generated.
INFO: [runtcl-4] Executing : report_utilization -file clk_wiz_0_utilization_synth.rpt -pb clk_wiz_0_utilization_synth.pb
report_utilization: Time (s): cpu = 00:00:00 ; elapsed = 00:00:00.076 . Memory (MB): peak = 794.316 ; gain = 0.000
INFO: [Common 17-206] Exiting Vivado at Wed Jan 15 17:07:34 2020...
