
*** Running vivado
    with args -log Gyro_Demo.vds -m64 -product Vivado -mode batch -messageDb vivado.pb -notrace -source Gyro_Demo.tcl


****** Vivado v2018.2 (64-bit)
  **** SW Build 2258646 on Thu Jun 14 20:03:12 MDT 2018
  **** IP Build 2256618 on Thu Jun 14 22:10:49 MDT 2018
    ** Copyright 1986-2018 Xilinx, Inc. All Rights Reserved.

source Gyro_Demo.tcl -notrace
Command: synth_design -top Gyro_Demo -part xc7s15ftgb196-1
Starting synth_design
Attempting to get a license for feature 'Synthesis' and/or device 'xc7s15'
INFO: [Common 17-349] Got license for feature 'Synthesis' and/or device 'xc7s15'
INFO: Launching helper process for spawning children vivado processes
INFO: Helper process launched with PID 50488 
---------------------------------------------------------------------------------
Starting RTL Elaboration : Time (s): cpu = 00:00:02 ; elapsed = 00:00:02 . Memory (MB): peak = 452.613 ; gain = 101.012
---------------------------------------------------------------------------------
INFO: [Synth 8-6157] synthesizing module 'Gyro_Demo' [C:/Users/Opex9020/Desktop/SEA-Tutorial/Experiment-of-SEA/FPGA-Demo-Project/Gyro-Demo/Gyro_Demo_Verilog/Gyro_Demo/Gyro_Demo.srcs/sources_1/new/Gyro_Demo.v:23]
INFO: [Synth 8-6157] synthesizing module 'clk_wiz_0' [C:/Users/Opex9020/Desktop/SEA-Tutorial/Experiment-of-SEA/FPGA-Demo-Project/Gyro-Demo/Gyro_Demo_Verilog/Gyro_Demo/Gyro_Demo.runs/synth_1/.Xil/Vivado-46448-DESKTOP-DU9F0PS/realtime/clk_wiz_0_stub.v:5]
INFO: [Synth 8-6155] done synthesizing module 'clk_wiz_0' (1#1) [C:/Users/Opex9020/Desktop/SEA-Tutorial/Experiment-of-SEA/FPGA-Demo-Project/Gyro-Demo/Gyro_Demo_Verilog/Gyro_Demo/Gyro_Demo.runs/synth_1/.Xil/Vivado-46448-DESKTOP-DU9F0PS/realtime/clk_wiz_0_stub.v:5]
INFO: [Synth 8-6157] synthesizing module 'IOBUF' [D:/Xilinx/Vivado/2018.2/scripts/rt/data/unisim_comp.v:22660]
	Parameter DRIVE bound to: 12 - type: integer 
	Parameter IBUF_LOW_PWR bound to: TRUE - type: string 
	Parameter IOSTANDARD bound to: DEFAULT - type: string 
	Parameter SLEW bound to: SLOW - type: string 
INFO: [Synth 8-6155] done synthesizing module 'IOBUF' (2#1) [D:/Xilinx/Vivado/2018.2/scripts/rt/data/unisim_comp.v:22660]
INFO: [Synth 8-6157] synthesizing module 'Driver_Gyro' [C:/Users/Opex9020/Desktop/SEA-Tutorial/Experiment-of-SEA/FPGA-Demo-Project/Gyro-Demo/Gyro_Demo_Verilog/Gyro_Demo/Gyro_Demo.srcs/sources_1/new/Driver_Gyro.v:31]
	Parameter State_Init bound to: 0 - type: integer 
	Parameter State_Temp bound to: 1 - type: integer 
	Parameter State_Gyro bound to: 2 - type: integer 
	Parameter State_Mag bound to: 3 - type: integer 
	Parameter State_Stop bound to: 4 - type: integer 
INFO: [Synth 8-6157] synthesizing module 'Clk_Division' [C:/Users/Opex9020/Desktop/SEA-Tutorial/Experiment-of-SEA/FPGA-Demo-Project/Gyro-Demo/Gyro_Demo_Verilog/Gyro_Demo/Gyro_Demo.srcs/sources_1/new/Clk_Division.v:23]
INFO: [Synth 8-6155] done synthesizing module 'Clk_Division' (3#1) [C:/Users/Opex9020/Desktop/SEA-Tutorial/Experiment-of-SEA/FPGA-Demo-Project/Gyro-Demo/Gyro_Demo_Verilog/Gyro_Demo/Gyro_Demo.srcs/sources_1/new/Clk_Division.v:23]
INFO: [Synth 8-155] case statement is not full and has no default [C:/Users/Opex9020/Desktop/SEA-Tutorial/Experiment-of-SEA/FPGA-Demo-Project/Gyro-Demo/Gyro_Demo_Verilog/Gyro_Demo/Gyro_Demo.srcs/sources_1/new/Driver_Gyro.v:129]
INFO: [Synth 8-155] case statement is not full and has no default [C:/Users/Opex9020/Desktop/SEA-Tutorial/Experiment-of-SEA/FPGA-Demo-Project/Gyro-Demo/Gyro_Demo_Verilog/Gyro_Demo/Gyro_Demo.srcs/sources_1/new/Driver_Gyro.v:278]
INFO: [Synth 8-155] case statement is not full and has no default [C:/Users/Opex9020/Desktop/SEA-Tutorial/Experiment-of-SEA/FPGA-Demo-Project/Gyro-Demo/Gyro_Demo_Verilog/Gyro_Demo/Gyro_Demo.srcs/sources_1/new/Driver_Gyro.v:292]
WARNING: [Synth 8-6014] Unused sequential element Read_Req_reg was removed.  [C:/Users/Opex9020/Desktop/SEA-Tutorial/Experiment-of-SEA/FPGA-Demo-Project/Gyro-Demo/Gyro_Demo_Verilog/Gyro_Demo/Gyro_Demo.srcs/sources_1/new/Driver_Gyro.v:180]
WARNING: [Synth 8-6014] Unused sequential element Write_Req_reg was removed.  [C:/Users/Opex9020/Desktop/SEA-Tutorial/Experiment-of-SEA/FPGA-Demo-Project/Gyro-Demo/Gyro_Demo_Verilog/Gyro_Demo/Gyro_Demo.srcs/sources_1/new/Driver_Gyro.v:210]
INFO: [Synth 8-6155] done synthesizing module 'Driver_Gyro' (4#1) [C:/Users/Opex9020/Desktop/SEA-Tutorial/Experiment-of-SEA/FPGA-Demo-Project/Gyro-Demo/Gyro_Demo_Verilog/Gyro_Demo/Gyro_Demo.srcs/sources_1/new/Driver_Gyro.v:31]
INFO: [Synth 8-6157] synthesizing module 'Driver_UART' [C:/Users/Opex9020/Desktop/SEA-Tutorial/Experiment-of-SEA/FPGA-Demo-Project/Gyro-Demo/Gyro_Demo_Verilog/Gyro_Demo/Gyro_Demo.srcs/sources_1/new/Driver_UART.v:24]
INFO: [Synth 8-6157] synthesizing module 'UART_Rx' [C:/Users/Opex9020/Desktop/SEA-Tutorial/Experiment-of-SEA/FPGA-Demo-Project/Gyro-Demo/Gyro_Demo_Verilog/Gyro_Demo/Gyro_Demo.srcs/sources_1/new/Driver_UART.v:70]
	Parameter RECEIVE_IDLE bound to: 2'b00 
	Parameter RECEIVE bound to: 2'b01 
	Parameter RECEIVE_END bound to: 2'b10 
INFO: [Synth 8-6155] done synthesizing module 'UART_Rx' (5#1) [C:/Users/Opex9020/Desktop/SEA-Tutorial/Experiment-of-SEA/FPGA-Demo-Project/Gyro-Demo/Gyro_Demo_Verilog/Gyro_Demo/Gyro_Demo.srcs/sources_1/new/Driver_UART.v:70]
INFO: [Synth 8-6157] synthesizing module 'UART_Tx' [C:/Users/Opex9020/Desktop/SEA-Tutorial/Experiment-of-SEA/FPGA-Demo-Project/Gyro-Demo/Gyro_Demo_Verilog/Gyro_Demo/Gyro_Demo.srcs/sources_1/new/Driver_UART.v:135]
	Parameter SEND_IDLE bound to: 0 - type: integer 
	Parameter SEND_START bound to: 1 - type: integer 
	Parameter SEND bound to: 2 - type: integer 
	Parameter SEND_END bound to: 3 - type: integer 
	Parameter SEND_WAIT bound to: 4 - type: integer 
INFO: [Synth 8-6155] done synthesizing module 'UART_Tx' (6#1) [C:/Users/Opex9020/Desktop/SEA-Tutorial/Experiment-of-SEA/FPGA-Demo-Project/Gyro-Demo/Gyro_Demo_Verilog/Gyro_Demo/Gyro_Demo.srcs/sources_1/new/Driver_UART.v:135]
INFO: [Synth 8-6155] done synthesizing module 'Driver_UART' (7#1) [C:/Users/Opex9020/Desktop/SEA-Tutorial/Experiment-of-SEA/FPGA-Demo-Project/Gyro-Demo/Gyro_Demo_Verilog/Gyro_Demo/Gyro_Demo.srcs/sources_1/new/Driver_UART.v:24]
INFO: [Synth 8-6157] synthesizing module 'UART_Send' [C:/Users/Opex9020/Desktop/SEA-Tutorial/Experiment-of-SEA/FPGA-Demo-Project/Gyro-Demo/Gyro_Demo_Verilog/Gyro_Demo/Gyro_Demo.srcs/sources_1/new/UART_Send.v:23]
	Parameter State_Send_Temp bound to: 0 - type: integer 
	Parameter State_Send_Gyro bound to: 1 - type: integer 
	Parameter State_Send_Mag bound to: 2 - type: integer 
INFO: [Synth 8-155] case statement is not full and has no default [C:/Users/Opex9020/Desktop/SEA-Tutorial/Experiment-of-SEA/FPGA-Demo-Project/Gyro-Demo/Gyro_Demo_Verilog/Gyro_Demo/Gyro_Demo.srcs/sources_1/new/UART_Send.v:76]
INFO: [Synth 8-155] case statement is not full and has no default [C:/Users/Opex9020/Desktop/SEA-Tutorial/Experiment-of-SEA/FPGA-Demo-Project/Gyro-Demo/Gyro_Demo_Verilog/Gyro_Demo/Gyro_Demo.srcs/sources_1/new/UART_Send.v:87]
INFO: [Synth 8-155] case statement is not full and has no default [C:/Users/Opex9020/Desktop/SEA-Tutorial/Experiment-of-SEA/FPGA-Demo-Project/Gyro-Demo/Gyro_Demo_Verilog/Gyro_Demo/Gyro_Demo.srcs/sources_1/new/UART_Send.v:102]
WARNING: [Synth 8-5788] Register Tx_En_reg in module UART_Send is has both Set and reset with same priority. This may cause simulation mismatches. Consider rewriting code  [C:/Users/Opex9020/Desktop/SEA-Tutorial/Experiment-of-SEA/FPGA-Demo-Project/Gyro-Demo/Gyro_Demo_Verilog/Gyro_Demo/Gyro_Demo.srcs/sources_1/new/UART_Send.v:54]
INFO: [Synth 8-6155] done synthesizing module 'UART_Send' (8#1) [C:/Users/Opex9020/Desktop/SEA-Tutorial/Experiment-of-SEA/FPGA-Demo-Project/Gyro-Demo/Gyro_Demo_Verilog/Gyro_Demo/Gyro_Demo.srcs/sources_1/new/UART_Send.v:23]
INFO: [Synth 8-6157] synthesizing module 'Driver_IIC' [C:/Users/Opex9020/Desktop/SEA-Tutorial/Experiment-of-SEA/FPGA-Demo-Project/Gyro-Demo/Gyro_Demo_Verilog/Gyro_Demo/Gyro_Demo.srcs/sources_1/new/Driver_IIC.v:22]
	Parameter SCL_SUM bound to: 13'b0001111101000 
	Parameter IDLE bound to: 5'b00000 
	Parameter START0 bound to: 5'b00001 
	Parameter WRSADDR0 bound to: 5'b00010 
	Parameter ACK0 bound to: 5'b00011 
	Parameter WRRADDR bound to: 5'b00100 
	Parameter ACK1 bound to: 5'b00101 
	Parameter WRDATA bound to: 5'b00110 
	Parameter ACK2 bound to: 5'b00111 
	Parameter STOP bound to: 5'b01000 
	Parameter START1 bound to: 5'b01001 
	Parameter WRSADDR1 bound to: 5'b01010 
	Parameter ACK3 bound to: 5'b01011 
	Parameter RDDATA bound to: 5'b01100 
	Parameter NOACK bound to: 5'b01101 
	Parameter WRRADDR_H bound to: 5'b01110 
	Parameter ACK4 bound to: 5'b01111 
INFO: [Synth 8-155] case statement is not full and has no default [C:/Users/Opex9020/Desktop/SEA-Tutorial/Experiment-of-SEA/FPGA-Demo-Project/Gyro-Demo/Gyro_Demo_Verilog/Gyro_Demo/Gyro_Demo.srcs/sources_1/new/Driver_IIC.v:333]
WARNING: [Synth 8-5788] Register IIC_Read_Data_reg in module Driver_IIC is has both Set and reset with same priority. This may cause simulation mismatches. Consider rewriting code  [C:/Users/Opex9020/Desktop/SEA-Tutorial/Experiment-of-SEA/FPGA-Demo-Project/Gyro-Demo/Gyro_Demo_Verilog/Gyro_Demo/Gyro_Demo.srcs/sources_1/new/Driver_IIC.v:401]
INFO: [Synth 8-6155] done synthesizing module 'Driver_IIC' (9#1) [C:/Users/Opex9020/Desktop/SEA-Tutorial/Experiment-of-SEA/FPGA-Demo-Project/Gyro-Demo/Gyro_Demo_Verilog/Gyro_Demo/Gyro_Demo.srcs/sources_1/new/Driver_IIC.v:22]
INFO: [Synth 8-6155] done synthesizing module 'Gyro_Demo' (10#1) [C:/Users/Opex9020/Desktop/SEA-Tutorial/Experiment-of-SEA/FPGA-Demo-Project/Gyro-Demo/Gyro_Demo_Verilog/Gyro_Demo/Gyro_Demo.srcs/sources_1/new/Gyro_Demo.v:23]
WARNING: [Synth 8-3917] design Gyro_Demo has port IIC_OE driven by constant 1
WARNING: [Synth 8-3917] design Gyro_Demo has port VCCEN driven by constant 1
WARNING: [Synth 8-3917] design Gyro_Demo has port VCC driven by constant 1
WARNING: [Synth 8-3917] design Gyro_Demo has port GND driven by constant 0
WARNING: [Synth 8-3331] design UART_Send has unconnected port Enable
---------------------------------------------------------------------------------
Finished RTL Elaboration : Time (s): cpu = 00:00:03 ; elapsed = 00:00:03 . Memory (MB): peak = 506.867 ; gain = 155.266
---------------------------------------------------------------------------------

Report Check Netlist: 
+------+------------------+-------+---------+-------+------------------+
|      |Item              |Errors |Warnings |Status |Description       |
+------+------------------+-------+---------+-------+------------------+
|1     |multi_driven_nets |      0|        0|Passed |Multi driven nets |
+------+------------------+-------+---------+-------+------------------+
---------------------------------------------------------------------------------
Start Handling Custom Attributes
---------------------------------------------------------------------------------
---------------------------------------------------------------------------------
Finished Handling Custom Attributes : Time (s): cpu = 00:00:03 ; elapsed = 00:00:03 . Memory (MB): peak = 506.867 ; gain = 155.266
---------------------------------------------------------------------------------
---------------------------------------------------------------------------------
Finished RTL Optimization Phase 1 : Time (s): cpu = 00:00:03 ; elapsed = 00:00:03 . Memory (MB): peak = 506.867 ; gain = 155.266
---------------------------------------------------------------------------------
INFO: [Netlist 29-17] Analyzing 1 Unisim elements for replacement
INFO: [Netlist 29-28] Unisim Transformation completed in 0 CPU seconds
INFO: [Device 21-403] Loading part xc7s15ftgb196-1
INFO: [Project 1-570] Preparing netlist for logic optimization

Processing XDC Constraints
Initializing timing engine
Parsing XDC File [c:/Users/Opex9020/Desktop/SEA-Tutorial/Experiment-of-SEA/FPGA-Demo-Project/Gyro-Demo/Gyro_Demo_Verilog/Gyro_Demo/Gyro_Demo.srcs/sources_1/ip/clk_wiz_0/clk_wiz_0/clk_wiz_0_in_context.xdc] for cell 'clk_10'
Finished Parsing XDC File [c:/Users/Opex9020/Desktop/SEA-Tutorial/Experiment-of-SEA/FPGA-Demo-Project/Gyro-Demo/Gyro_Demo_Verilog/Gyro_Demo/Gyro_Demo.srcs/sources_1/ip/clk_wiz_0/clk_wiz_0/clk_wiz_0_in_context.xdc] for cell 'clk_10'
Parsing XDC File [C:/Users/Opex9020/Desktop/SEA-Tutorial/Experiment-of-SEA/FPGA-Demo-Project/Gyro-Demo/Gyro_Demo_Verilog/Gyro_Demo/Gyro_Demo.srcs/constrs_1/new/system.xdc]
Finished Parsing XDC File [C:/Users/Opex9020/Desktop/SEA-Tutorial/Experiment-of-SEA/FPGA-Demo-Project/Gyro-Demo/Gyro_Demo_Verilog/Gyro_Demo/Gyro_Demo.srcs/constrs_1/new/system.xdc]
INFO: [Project 1-236] Implementation specific constraints were found while reading constraint file [C:/Users/Opex9020/Desktop/SEA-Tutorial/Experiment-of-SEA/FPGA-Demo-Project/Gyro-Demo/Gyro_Demo_Verilog/Gyro_Demo/Gyro_Demo.srcs/constrs_1/new/system.xdc]. These constraints will be ignored for synthesis but will be used in implementation. Impacted constraints are listed in the file [.Xil/Gyro_Demo_propImpl.xdc].
Resolution: To avoid this warning, move constraints listed in [.Xil/Gyro_Demo_propImpl.xdc] to another XDC file and exclude this new file from synthesis with the used_in_synthesis property (File Properties dialog in GUI) and re-run elaboration/synthesis.
Completed Processing XDC Constraints

INFO: [Project 1-111] Unisim Transformation Summary:
  A total of 1 instances were transformed.
  IOBUF => IOBUF (IBUF, OBUFT): 1 instances

Constraint Validation Runtime : Time (s): cpu = 00:00:00 ; elapsed = 00:00:00.015 . Memory (MB): peak = 815.738 ; gain = 0.000
---------------------------------------------------------------------------------
Finished Constraint Validation : Time (s): cpu = 00:00:10 ; elapsed = 00:00:12 . Memory (MB): peak = 815.738 ; gain = 464.137
---------------------------------------------------------------------------------
---------------------------------------------------------------------------------
Start Loading Part and Timing Information
---------------------------------------------------------------------------------
Loading part: xc7s15ftgb196-1
---------------------------------------------------------------------------------
Finished Loading Part and Timing Information : Time (s): cpu = 00:00:10 ; elapsed = 00:00:12 . Memory (MB): peak = 815.738 ; gain = 464.137
---------------------------------------------------------------------------------
---------------------------------------------------------------------------------
Start Applying 'set_property' XDC Constraints
---------------------------------------------------------------------------------
Applied set_property IO_BUFFER_TYPE = NONE for clk_100MHz. (constraint file  c:/Users/Opex9020/Desktop/SEA-Tutorial/Experiment-of-SEA/FPGA-Demo-Project/Gyro-Demo/Gyro_Demo_Verilog/Gyro_Demo/Gyro_Demo.srcs/sources_1/ip/clk_wiz_0/clk_wiz_0/clk_wiz_0_in_context.xdc, line 4).
Applied set_property CLOCK_BUFFER_TYPE = NONE for clk_100MHz. (constraint file  c:/Users/Opex9020/Desktop/SEA-Tutorial/Experiment-of-SEA/FPGA-Demo-Project/Gyro-Demo/Gyro_Demo_Verilog/Gyro_Demo/Gyro_Demo.srcs/sources_1/ip/clk_wiz_0/clk_wiz_0/clk_wiz_0_in_context.xdc, line 5).
Applied set_property DONT_TOUCH = true for clk_10. (constraint file  auto generated constraint, line ).
---------------------------------------------------------------------------------
Finished applying 'set_property' XDC Constraints : Time (s): cpu = 00:00:10 ; elapsed = 00:00:12 . Memory (MB): peak = 815.738 ; gain = 464.137
---------------------------------------------------------------------------------
INFO: [Synth 8-802] inferred FSM for state register 'Current_State_reg' in module 'Driver_Gyro'
INFO: [Synth 8-802] inferred FSM for state register 'Init_State_reg' in module 'Driver_Gyro'
INFO: [Synth 8-802] inferred FSM for state register 'Gyro_State_reg' in module 'Driver_Gyro'
INFO: [Synth 8-802] inferred FSM for state register 'Mag_State_reg' in module 'Driver_Gyro'
INFO: [Synth 8-5544] ROM "Flag_State_Temp" won't be mapped to Block RAM because address size (4) smaller than threshold (5)
INFO: [Synth 8-5544] ROM "Next_State" won't be mapped to Block RAM because address size (1) smaller than threshold (5)
INFO: [Synth 8-5544] ROM "Next_State" won't be mapped to Block RAM because address size (1) smaller than threshold (5)
INFO: [Synth 8-5544] ROM "Next_State" won't be mapped to Block RAM because address size (1) smaller than threshold (5)
INFO: [Synth 8-5544] ROM "Next_State" won't be mapped to Block RAM because address size (1) smaller than threshold (5)
INFO: [Synth 8-5544] ROM "Reg_Addr" won't be mapped to Block RAM because address size (4) smaller than threshold (5)
INFO: [Synth 8-5544] ROM "Flag_State_Init" won't be mapped to Block RAM because address size (4) smaller than threshold (5)
INFO: [Synth 8-5544] ROM "Reg_Addr" won't be mapped to Block RAM because address size (3) smaller than threshold (5)
INFO: [Synth 8-5544] ROM "Gyro_Data_Z_FIFO" won't be mapped to Block RAM because address size (3) smaller than threshold (5)
INFO: [Synth 8-5544] ROM "Flag_State_Gyro" won't be mapped to Block RAM because address size (3) smaller than threshold (5)
INFO: [Synth 8-5544] ROM "Gyro_Data_X_FIFO" won't be mapped to Block RAM because address size (3) smaller than threshold (5)
INFO: [Synth 8-5544] ROM "Gyro_Data_Y_FIFO" won't be mapped to Block RAM because address size (3) smaller than threshold (5)
INFO: [Synth 8-5544] ROM "Reg_Addr" won't be mapped to Block RAM because address size (3) smaller than threshold (5)
INFO: [Synth 8-5544] ROM "Mag_Data_Z_FIFO" won't be mapped to Block RAM because address size (3) smaller than threshold (5)
INFO: [Synth 8-5544] ROM "Flag_State_Mag" won't be mapped to Block RAM because address size (3) smaller than threshold (5)
INFO: [Synth 8-5544] ROM "Mag_Data_Y_FIFO" won't be mapped to Block RAM because address size (3) smaller than threshold (5)
INFO: [Synth 8-5544] ROM "Mag_Data_X_FIFO" won't be mapped to Block RAM because address size (3) smaller than threshold (5)
INFO: [Synth 8-802] inferred FSM for state register 'State_Current_reg' in module 'UART_Rx'
INFO: [Synth 8-5544] ROM "State_Next" won't be mapped to Block RAM because address size (3) smaller than threshold (5)
INFO: [Synth 8-5544] ROM "Data" won't be mapped to Block RAM because address size (2) smaller than threshold (5)
INFO: [Synth 8-5544] ROM "State_Next" won't be mapped to Block RAM because address size (2) smaller than threshold (5)
INFO: [Synth 8-802] inferred FSM for state register 'State_Current_reg' in module 'UART_Tx'
INFO: [Synth 8-5544] ROM "State_Next" won't be mapped to Block RAM because address size (3) smaller than threshold (5)
INFO: [Synth 8-5544] ROM "Send_Buffer" won't be mapped to Block RAM because address size (3) smaller than threshold (5)
INFO: [Synth 8-5544] ROM "State_Next" won't be mapped to Block RAM because address size (3) smaller than threshold (5)
INFO: [Synth 8-802] inferred FSM for state register 'Pulse_Init_Flag_reg' in module 'UART_Send'
INFO: [Synth 8-802] inferred FSM for state register 'State_Temp_Cnt_reg' in module 'UART_Send'
INFO: [Synth 8-802] inferred FSM for state register 'Send_State_reg' in module 'UART_Send'
INFO: [Synth 8-802] inferred FSM for state register 'State_Gyro_Cnt_reg' in module 'UART_Send'
INFO: [Synth 8-802] inferred FSM for state register 'State_Mag_Cnt_reg' in module 'UART_Send'
INFO: [Synth 8-5544] ROM "Pulse_Init_Flag" won't be mapped to Block RAM because address size (2) smaller than threshold (5)
INFO: [Synth 8-5544] ROM "Pulse_Init_Flag" won't be mapped to Block RAM because address size (2) smaller than threshold (5)
INFO: [Synth 8-5544] ROM "Send_Buffer" won't be mapped to Block RAM because address size (4) smaller than threshold (5)
INFO: [Synth 8-5544] ROM "Send_State" won't be mapped to Block RAM because address size (4) smaller than threshold (5)
INFO: [Synth 8-5544] ROM "Send_Buffer" won't be mapped to Block RAM because address size (4) smaller than threshold (5)
INFO: [Synth 8-5544] ROM "Send_State" won't be mapped to Block RAM because address size (4) smaller than threshold (5)
INFO: [Synth 8-5544] ROM "Send_Buffer" won't be mapped to Block RAM because address size (4) smaller than threshold (5)
INFO: [Synth 8-5544] ROM "Send_State" won't be mapped to Block RAM because address size (4) smaller than threshold (5)
INFO: [Synth 8-802] inferred FSM for state register 'c_state_reg' in module 'Driver_IIC'
INFO: [Synth 8-5546] ROM "SDA_Dir" won't be mapped to RAM because it is too sparse
INFO: [Synth 8-5544] ROM "n_state" won't be mapped to Block RAM because address size (1) smaller than threshold (5)
INFO: [Synth 8-5544] ROM "n_state" won't be mapped to Block RAM because address size (1) smaller than threshold (5)
INFO: [Synth 8-5544] ROM "n_state" won't be mapped to Block RAM because address size (1) smaller than threshold (5)
INFO: [Synth 8-5544] ROM "n_state" won't be mapped to Block RAM because address size (1) smaller than threshold (5)
INFO: [Synth 8-5544] ROM "n_state" won't be mapped to Block RAM because address size (1) smaller than threshold (5)
INFO: [Synth 8-5544] ROM "n_state" won't be mapped to Block RAM because address size (1) smaller than threshold (5)
INFO: [Synth 8-5544] ROM "n_state" won't be mapped to Block RAM because address size (1) smaller than threshold (5)
INFO: [Synth 8-5544] ROM "n_state" won't be mapped to Block RAM because address size (1) smaller than threshold (5)
INFO: [Synth 8-5544] ROM "n_state" won't be mapped to Block RAM because address size (1) smaller than threshold (5)
INFO: [Synth 8-5544] ROM "n_state" won't be mapped to Block RAM because address size (1) smaller than threshold (5)
INFO: [Synth 8-5544] ROM "n_state" won't be mapped to Block RAM because address size (1) smaller than threshold (5)
INFO: [Synth 8-5544] ROM "n_state" won't be mapped to Block RAM because address size (1) smaller than threshold (5)
INFO: [Synth 8-5544] ROM "n_state" won't be mapped to Block RAM because address size (1) smaller than threshold (5)
INFO: [Synth 8-5544] ROM "n_state" won't be mapped to Block RAM because address size (1) smaller than threshold (5)
INFO: [Synth 8-5544] ROM "n_state" won't be mapped to Block RAM because address size (1) smaller than threshold (5)
---------------------------------------------------------------------------------------------------
                   State |                     New Encoding |                Previous Encoding 
---------------------------------------------------------------------------------------------------
                  iSTATE |                           000001 |                              000
                 iSTATE0 |                           000010 |                              001
                 iSTATE1 |                           000100 |                              010
                 iSTATE2 |                           001000 |                              011
                 iSTATE3 |                           010000 |                              100
                 iSTATE4 |                           100000 |                              101
---------------------------------------------------------------------------------------------------
INFO: [Synth 8-3354] encoded FSM with state register 'Mag_State_reg' using encoding 'one-hot' in module 'Driver_Gyro'
---------------------------------------------------------------------------------------------------
                   State |                     New Encoding |                Previous Encoding 
---------------------------------------------------------------------------------------------------
                  iSTATE |                           000001 |                              000
                 iSTATE0 |                           000010 |                              001
                 iSTATE1 |                           000100 |                              010
                 iSTATE2 |                           001000 |                              011
                 iSTATE3 |                           010000 |                              100
                 iSTATE4 |                           100000 |                              101
---------------------------------------------------------------------------------------------------
INFO: [Synth 8-3354] encoded FSM with state register 'Gyro_State_reg' using encoding 'one-hot' in module 'Driver_Gyro'
---------------------------------------------------------------------------------------------------
                   State |                     New Encoding |                Previous Encoding 
---------------------------------------------------------------------------------------------------
                 iSTATE5 |                     000000000001 |                             0000
                 iSTATE4 |                     000000000010 |                             0001
                 iSTATE1 |                     000000000100 |                             0010
                  iSTATE |                     000000001000 |                             0011
                 iSTATE0 |                     000000010000 |                             0100
                iSTATE10 |                     000000100000 |                             0101
                 iSTATE9 |                     000001000000 |                             0110
                 iSTATE7 |                     000010000000 |                             0111
                 iSTATE8 |                     000100000000 |                             1000
                 iSTATE6 |                     001000000000 |                             1001
                 iSTATE3 |                     010000000000 |                             1010
                 iSTATE2 |                     100000000000 |                             1011
---------------------------------------------------------------------------------------------------
INFO: [Synth 8-3354] encoded FSM with state register 'Init_State_reg' using encoding 'one-hot' in module 'Driver_Gyro'
---------------------------------------------------------------------------------------------------
                   State |                     New Encoding |                Previous Encoding 
---------------------------------------------------------------------------------------------------
              State_Init |                              000 |                             0000
               State_Mag |                              001 |                             0011
              State_Gyro |                              010 |                             0010
              State_Temp |                              011 |                             0001
              State_Stop |                              100 |                             0100
---------------------------------------------------------------------------------------------------
INFO: [Synth 8-3354] encoded FSM with state register 'Current_State_reg' using encoding 'sequential' in module 'Driver_Gyro'
WARNING: [Synth 8-327] inferring latch for variable 'Enable_reg' [C:/Users/Opex9020/Desktop/SEA-Tutorial/Experiment-of-SEA/FPGA-Demo-Project/Gyro-Demo/Gyro_Demo_Verilog/Gyro_Demo/Gyro_Demo.srcs/sources_1/new/Driver_Gyro.v:141]
WARNING: [Synth 8-327] inferring latch for variable 'FSM_sequential_State_Next_reg' [C:/Users/Opex9020/Desktop/SEA-Tutorial/Experiment-of-SEA/FPGA-Demo-Project/Gyro-Demo/Gyro_Demo_Verilog/Gyro_Demo/Gyro_Demo.srcs/sources_1/new/Driver_UART.v:97]
WARNING: [Synth 8-327] inferring latch for variable 'FSM_onehot_State_Next_reg' [C:/Users/Opex9020/Desktop/SEA-Tutorial/Experiment-of-SEA/FPGA-Demo-Project/Gyro-Demo/Gyro_Demo_Verilog/Gyro_Demo/Gyro_Demo.srcs/sources_1/new/Driver_UART.v:97]
---------------------------------------------------------------------------------------------------
                   State |                     New Encoding |                Previous Encoding 
---------------------------------------------------------------------------------------------------
            RECEIVE_IDLE |                              001 |                               00
                 RECEIVE |                              010 |                               01
             RECEIVE_END |                              100 |                               10
---------------------------------------------------------------------------------------------------
INFO: [Synth 8-3354] encoded FSM with state register 'State_Current_reg' using encoding 'one-hot' in module 'UART_Rx'
WARNING: [Synth 8-327] inferring latch for variable 'FSM_onehot_State_Next_reg' [C:/Users/Opex9020/Desktop/SEA-Tutorial/Experiment-of-SEA/FPGA-Demo-Project/Gyro-Demo/Gyro_Demo_Verilog/Gyro_Demo/Gyro_Demo.srcs/sources_1/new/Driver_UART.v:97]
---------------------------------------------------------------------------------------------------
                   State |                     New Encoding |                Previous Encoding 
---------------------------------------------------------------------------------------------------
               SEND_IDLE |                              000 |                              000
              SEND_START |                              010 |                              001
                    SEND |                              100 |                              010
                SEND_END |                              011 |                              011
               SEND_WAIT |                              001 |                              100
---------------------------------------------------------------------------------------------------
INFO: [Synth 8-3354] encoded FSM with state register 'State_Current_reg' using encoding 'sequential' in module 'UART_Tx'
---------------------------------------------------------------------------------------------------
                   State |                     New Encoding |                Previous Encoding 
---------------------------------------------------------------------------------------------------
                 iSTATE1 |                               00 |                               10
*
                 iSTATE0 |                               01 |                               00
                  iSTATE |                               10 |                               01
---------------------------------------------------------------------------------------------------
INFO: [Synth 8-3354] encoded FSM with state register 'Pulse_Init_Flag_reg' using encoding 'sequential' in module 'UART_Send'
---------------------------------------------------------------------------------------------------
                   State |                     New Encoding |                Previous Encoding 
---------------------------------------------------------------------------------------------------
                 iSTATE3 |                       0000000001 |                             0000
                 iSTATE2 |                       0000000010 |                             0001
                 iSTATE1 |                       0000000100 |                             0010
                  iSTATE |                       0000001000 |                             0011
                 iSTATE0 |                       0000010000 |                             0100
                 iSTATE8 |                       0000100000 |                             0101
                 iSTATE6 |                       0001000000 |                             0110
                 iSTATE5 |                       0010000000 |                             0111
                 iSTATE7 |                       0100000000 |                             1000
                 iSTATE4 |                       1000000000 |                             1001
---------------------------------------------------------------------------------------------------
INFO: [Synth 8-3354] encoded FSM with state register 'State_Mag_Cnt_reg' using encoding 'one-hot' in module 'UART_Send'
---------------------------------------------------------------------------------------------------
                   State |                     New Encoding |                Previous Encoding 
---------------------------------------------------------------------------------------------------
                 iSTATE3 |                       0000000001 |                             0000
                 iSTATE2 |                       0000000010 |                             0001
                 iSTATE1 |                       0000000100 |                             0010
                  iSTATE |                       0000001000 |                             0011
                 iSTATE0 |                       0000010000 |                             0100
                 iSTATE8 |                       0000100000 |                             0101
                 iSTATE6 |                       0001000000 |                             0110
                 iSTATE5 |                       0010000000 |                             0111
                 iSTATE7 |                       0100000000 |                             1000
                 iSTATE4 |                       1000000000 |                             1001
---------------------------------------------------------------------------------------------------
INFO: [Synth 8-3354] encoded FSM with state register 'State_Gyro_Cnt_reg' using encoding 'one-hot' in module 'UART_Send'
---------------------------------------------------------------------------------------------------
                   State |                     New Encoding |                Previous Encoding 
---------------------------------------------------------------------------------------------------
                  iSTATE |                           000001 |                             0000
                 iSTATE0 |                           000010 |                             0001
                 iSTATE1 |                           000100 |                             0010
                 iSTATE2 |                           001000 |                             0011
                 iSTATE3 |                           010000 |                             0100
                 iSTATE4 |                           100000 |                             0101
---------------------------------------------------------------------------------------------------
INFO: [Synth 8-3354] encoded FSM with state register 'State_Temp_Cnt_reg' using encoding 'one-hot' in module 'UART_Send'
---------------------------------------------------------------------------------------------------
                   State |                     New Encoding |                Previous Encoding 
---------------------------------------------------------------------------------------------------
         State_Send_Temp |                              001 |                               00
         State_Send_Gyro |                              010 |                               01
          State_Send_Mag |                              100 |                               10
---------------------------------------------------------------------------------------------------
INFO: [Synth 8-3354] encoded FSM with state register 'Send_State_reg' using encoding 'one-hot' in module 'UART_Send'
---------------------------------------------------------------------------------------------------
                   State |                     New Encoding |                Previous Encoding 
---------------------------------------------------------------------------------------------------
                    IDLE |                             0000 |                            00000
                  START0 |                             0001 |                            00001
                WRSADDR0 |                             0010 |                            00010
                    ACK0 |                             0011 |                            00011
               WRRADDR_H |                             0100 |                            01110
                    ACK4 |                             0101 |                            01111
                 WRRADDR |                             0110 |                            00100
                    ACK1 |                             0111 |                            00101
                  WRDATA |                             1000 |                            00110
                    ACK2 |                             1001 |                            00111
                  START1 |                             1010 |                            01001
                WRSADDR1 |                             1011 |                            01010
                    ACK3 |                             1100 |                            01011
                  RDDATA |                             1101 |                            01100
                   NOACK |                             1110 |                            01101
                    STOP |                             1111 |                            01000
---------------------------------------------------------------------------------------------------
INFO: [Synth 8-3354] encoded FSM with state register 'c_state_reg' using encoding 'sequential' in module 'Driver_IIC'
---------------------------------------------------------------------------------
Finished RTL Optimization Phase 2 : Time (s): cpu = 00:00:11 ; elapsed = 00:00:14 . Memory (MB): peak = 815.738 ; gain = 464.137
---------------------------------------------------------------------------------

Report RTL Partitions: 
+-+--------------+------------+----------+
| |RTL Partition |Replication |Instances |
+-+--------------+------------+----------+
+-+--------------+------------+----------+
---------------------------------------------------------------------------------
Start RTL Component Statistics 
---------------------------------------------------------------------------------
Detailed RTL Component Info : 
+---Adders : 
	   2 Input     32 Bit       Adders := 6     
	   2 Input     28 Bit       Adders := 1     
	   2 Input     10 Bit       Adders := 1     
	   2 Input      4 Bit       Adders := 2     
	   2 Input      3 Bit       Adders := 3     
	   2 Input      1 Bit       Adders := 1     
+---Registers : 
	               16 Bit    Registers := 8     
	               14 Bit    Registers := 1     
	                8 Bit    Registers := 5     
	                4 Bit    Registers := 2     
	                3 Bit    Registers := 3     
	                2 Bit    Registers := 2     
	                1 Bit    Registers := 26    
+---Muxes : 
	   6 Input     16 Bit        Muxes := 6     
	  12 Input     16 Bit        Muxes := 1     
	   5 Input     16 Bit        Muxes := 2     
	   4 Input     16 Bit        Muxes := 4     
	   3 Input     16 Bit        Muxes := 3     
	   2 Input     16 Bit        Muxes := 1     
	   2 Input     10 Bit        Muxes := 1     
	   2 Input      8 Bit        Muxes := 11    
	   6 Input      8 Bit        Muxes := 5     
	  12 Input      8 Bit        Muxes := 1     
	   3 Input      8 Bit        Muxes := 3     
	  10 Input      8 Bit        Muxes := 2     
	  13 Input      8 Bit        Muxes := 1     
	   2 Input      7 Bit        Muxes := 1     
	   2 Input      6 Bit        Muxes := 1     
	   2 Input      4 Bit        Muxes := 39    
	   3 Input      4 Bit        Muxes := 2     
	   4 Input      4 Bit        Muxes := 2     
	  16 Input      4 Bit        Muxes := 3     
	   5 Input      3 Bit        Muxes := 3     
	   2 Input      3 Bit        Muxes := 15    
	   3 Input      3 Bit        Muxes := 1     
	   3 Input      2 Bit        Muxes := 1     
	   2 Input      2 Bit        Muxes := 3     
	   2 Input      1 Bit        Muxes := 48    
	   6 Input      1 Bit        Muxes := 3     
	  12 Input      1 Bit        Muxes := 2     
	   3 Input      1 Bit        Muxes := 16    
	   4 Input      1 Bit        Muxes := 4     
	   5 Input      1 Bit        Muxes := 4     
	  10 Input      1 Bit        Muxes := 2     
	  13 Input      1 Bit        Muxes := 2     
---------------------------------------------------------------------------------
Finished RTL Component Statistics 
---------------------------------------------------------------------------------
---------------------------------------------------------------------------------
Start RTL Hierarchical Component Statistics 
---------------------------------------------------------------------------------
Hierarchical RTL Component report 
Module Clk_Division 
Detailed RTL Component Info : 
+---Adders : 
	   2 Input     32 Bit       Adders := 2     
+---Registers : 
	                1 Bit    Registers := 3     
+---Muxes : 
	   2 Input      1 Bit        Muxes := 3     
Module Driver_Gyro 
Detailed RTL Component Info : 
+---Adders : 
	   2 Input      4 Bit       Adders := 2     
	   2 Input      1 Bit       Adders := 1     
+---Registers : 
	               16 Bit    Registers := 8     
	                8 Bit    Registers := 1     
	                4 Bit    Registers := 2     
	                1 Bit    Registers := 7     
+---Muxes : 
	   6 Input     16 Bit        Muxes := 6     
	  12 Input     16 Bit        Muxes := 1     
	   5 Input     16 Bit        Muxes := 2     
	   4 Input     16 Bit        Muxes := 4     
	   3 Input     16 Bit        Muxes := 3     
	   2 Input     16 Bit        Muxes := 1     
	   2 Input      8 Bit        Muxes := 6     
	   6 Input      8 Bit        Muxes := 4     
	  12 Input      8 Bit        Muxes := 1     
	   3 Input      8 Bit        Muxes := 2     
	   2 Input      6 Bit        Muxes := 1     
	   2 Input      4 Bit        Muxes := 4     
	   5 Input      3 Bit        Muxes := 1     
	   2 Input      3 Bit        Muxes := 12    
	   6 Input      1 Bit        Muxes := 2     
	  12 Input      1 Bit        Muxes := 2     
	   3 Input      1 Bit        Muxes := 6     
	   4 Input      1 Bit        Muxes := 4     
	   2 Input      1 Bit        Muxes := 20    
	   5 Input      1 Bit        Muxes := 3     
Module UART_Rx 
Detailed RTL Component Info : 
+---Adders : 
	   2 Input      3 Bit       Adders := 1     
+---Registers : 
	                8 Bit    Registers := 1     
	                3 Bit    Registers := 1     
+---Muxes : 
	   2 Input      3 Bit        Muxes := 1     
	   2 Input      1 Bit        Muxes := 5     
	   3 Input      1 Bit        Muxes := 2     
Module UART_Tx 
Detailed RTL Component Info : 
+---Adders : 
	   2 Input      3 Bit       Adders := 1     
+---Registers : 
	                8 Bit    Registers := 1     
	                3 Bit    Registers := 1     
	                2 Bit    Registers := 1     
	                1 Bit    Registers := 1     
+---Muxes : 
	   2 Input      8 Bit        Muxes := 2     
	   2 Input      7 Bit        Muxes := 1     
	   5 Input      3 Bit        Muxes := 2     
	   2 Input      3 Bit        Muxes := 1     
	   2 Input      1 Bit        Muxes := 2     
	   5 Input      1 Bit        Muxes := 1     
	   3 Input      1 Bit        Muxes := 2     
Module Driver_UART 
Detailed RTL Component Info : 
+---Adders : 
	   2 Input     28 Bit       Adders := 1     
Module UART_Send 
Detailed RTL Component Info : 
+---Registers : 
	                8 Bit    Registers := 1     
	                2 Bit    Registers := 1     
	                1 Bit    Registers := 1     
+---Muxes : 
	  10 Input      8 Bit        Muxes := 2     
	   6 Input      8 Bit        Muxes := 1     
	   3 Input      8 Bit        Muxes := 1     
	   3 Input      2 Bit        Muxes := 1     
	   2 Input      2 Bit        Muxes := 1     
	   2 Input      1 Bit        Muxes := 5     
	  10 Input      1 Bit        Muxes := 2     
	   6 Input      1 Bit        Muxes := 1     
	   3 Input      1 Bit        Muxes := 5     
Module Driver_IIC 
Detailed RTL Component Info : 
+---Adders : 
	   2 Input     10 Bit       Adders := 1     
	   2 Input      3 Bit       Adders := 1     
+---Registers : 
	               14 Bit    Registers := 1     
	                8 Bit    Registers := 1     
	                3 Bit    Registers := 1     
	                1 Bit    Registers := 8     
+---Muxes : 
	   2 Input     10 Bit        Muxes := 1     
	   2 Input      8 Bit        Muxes := 3     
	  13 Input      8 Bit        Muxes := 1     
	   3 Input      4 Bit        Muxes := 2     
	   4 Input      4 Bit        Muxes := 2     
	   2 Input      4 Bit        Muxes := 35    
	  16 Input      4 Bit        Muxes := 3     
	   2 Input      3 Bit        Muxes := 1     
	   3 Input      3 Bit        Muxes := 1     
	   2 Input      2 Bit        Muxes := 2     
	   2 Input      1 Bit        Muxes := 7     
	   3 Input      1 Bit        Muxes := 1     
	  13 Input      1 Bit        Muxes := 2     
---------------------------------------------------------------------------------
Finished RTL Hierarchical Component Statistics
---------------------------------------------------------------------------------
---------------------------------------------------------------------------------
Start Part Resource Summary
---------------------------------------------------------------------------------
Part Resources:
DSPs: 20 (col length:20)
BRAMs: 20 (col length: RAMB18 20 RAMB36 10)
---------------------------------------------------------------------------------
Finished Part Resource Summary
---------------------------------------------------------------------------------
---------------------------------------------------------------------------------
Start Cross Boundary and Area Optimization
---------------------------------------------------------------------------------
Warning: Parallel synthesis criteria is not met 
INFO: [Synth 8-4471] merging register 'Clk_Division1/Is_Odd_reg' into 'Clk_Division0/Is_Odd_reg' [C:/Users/Opex9020/Desktop/SEA-Tutorial/Experiment-of-SEA/FPGA-Demo-Project/Gyro-Demo/Gyro_Demo_Verilog/Gyro_Demo/Gyro_Demo.srcs/sources_1/new/Clk_Division.v:37]
WARNING: [Synth 8-6014] Unused sequential element Clk_Division1/Is_Odd_reg was removed.  [C:/Users/Opex9020/Desktop/SEA-Tutorial/Experiment-of-SEA/FPGA-Demo-Project/Gyro-Demo/Gyro_Demo_Verilog/Gyro_Demo/Gyro_Demo.srcs/sources_1/new/Clk_Division.v:37]
WARNING: [Synth 8-3917] design Gyro_Demo has port IIC_OE driven by constant 1
WARNING: [Synth 8-3917] design Gyro_Demo has port VCCEN driven by constant 1
WARNING: [Synth 8-3917] design Gyro_Demo has port VCC driven by constant 1
WARNING: [Synth 8-3917] design Gyro_Demo has port GND driven by constant 0
WARNING: [Synth 8-3331] design UART_Send has unconnected port Enable
INFO: [Synth 8-3333] propagating constant 0 across sequential element (\Driver_Gyro0/Gyro_Data_Z_FIFO_reg[15] )
INFO: [Synth 8-3333] propagating constant 0 across sequential element (\Driver_Gyro0/Gyro_Data_Z_FIFO_reg[14] )
INFO: [Synth 8-3333] propagating constant 0 across sequential element (\Driver_Gyro0/Gyro_Data_Z_FIFO_reg[13] )
INFO: [Synth 8-3333] propagating constant 0 across sequential element (\Driver_Gyro0/Gyro_Data_Z_FIFO_reg[12] )
INFO: [Synth 8-3333] propagating constant 0 across sequential element (\Driver_Gyro0/Gyro_Data_Z_FIFO_reg[11] )
INFO: [Synth 8-3333] propagating constant 0 across sequential element (\Driver_Gyro0/Clk_Division0/Is_Odd_reg )
INFO: [Synth 8-3333] propagating constant 0 across sequential element (\Driver_Gyro0/Gyro_Data_Z_FIFO_reg[10] )
INFO: [Synth 8-3333] propagating constant 0 across sequential element (\Driver_Gyro0/Gyro_Data_Z_FIFO_reg[9] )
INFO: [Synth 8-3333] propagating constant 0 across sequential element (\Driver_Gyro0/Gyro_Data_Z_FIFO_reg[8] )
INFO: [Synth 8-3886] merging instance 'Driver_Gyro0/Reg_Addr_reg[15]' (FDRE_1) to 'Driver_Gyro0/Reg_Addr_reg[14]'
INFO: [Synth 8-3886] merging instance 'Driver_Gyro0/Reg_Addr_reg[14]' (FDRE_1) to 'Driver_Gyro0/Reg_Addr_reg[13]'
INFO: [Synth 8-3886] merging instance 'Driver_Gyro0/Reg_Addr_reg[13]' (FDRE_1) to 'Driver_Gyro0/Reg_Addr_reg[12]'
INFO: [Synth 8-3886] merging instance 'Driver_Gyro0/Reg_Addr_reg[12]' (FDRE_1) to 'Driver_Gyro0/Reg_Addr_reg[11]'
INFO: [Synth 8-3886] merging instance 'Driver_Gyro0/Reg_Addr_reg[11]' (FDRE_1) to 'Driver_Gyro0/Reg_Addr_reg[10]'
INFO: [Synth 8-3886] merging instance 'Driver_Gyro0/Reg_Addr_reg[10]' (FDRE_1) to 'Driver_Gyro0/Reg_Addr_reg[9]'
INFO: [Synth 8-3886] merging instance 'Driver_Gyro0/Reg_Addr_reg[9]' (FDRE_1) to 'Driver_Gyro0/Reg_Addr_reg[8]'
INFO: [Synth 8-3886] merging instance 'Driver_Gyro0/Reg_Addr_reg[8]' (FDRE_1) to 'Driver_Gyro0/Reg_Addr_reg[7]'
INFO: [Synth 8-3886] merging instance 'Driver_Gyro0/Reg_Data_reg[7]' (FDE_1) to 'Driver_Gyro0/Reg_Data_reg[0]'
INFO: [Synth 8-3333] propagating constant 0 across sequential element (\Driver_Gyro0/Reg_Data_reg[1] )
INFO: [Synth 8-3333] propagating constant 0 across sequential element (\Driver_Gyro0/Reg_Addr_reg[7] )
INFO: [Synth 8-3886] merging instance 'Driver_IIC0/scl_cnt_reg[12]' (FDC) to 'Driver_IIC0/scl_cnt_reg[13]'
INFO: [Synth 8-3886] merging instance 'Driver_IIC0/scl_cnt_reg[13]' (FDC) to 'Driver_IIC0/scl_cnt_reg[11]'
INFO: [Synth 8-3886] merging instance 'Driver_IIC0/scl_cnt_reg[11]' (FDC) to 'Driver_IIC0/scl_cnt_reg[10]'
INFO: [Synth 8-3333] propagating constant 0 across sequential element (\Driver_IIC0/scl_cnt_reg[10] )
WARNING: [Synth 8-3332] Sequential element (Driver_Gyro0/Clk_Division0/Is_Odd_reg) is unused and will be removed from module Gyro_Demo.
WARNING: [Synth 8-3332] Sequential element (Driver_Gyro0/Clk_Division0/flag_reg) is unused and will be removed from module Gyro_Demo.
WARNING: [Synth 8-3332] Sequential element (Driver_Gyro0/Clk_Division1/flag_reg) is unused and will be removed from module Gyro_Demo.
WARNING: [Synth 8-3332] Sequential element (Driver_Gyro0/Reg_Addr_reg[7]) is unused and will be removed from module Gyro_Demo.
WARNING: [Synth 8-3332] Sequential element (Driver_Gyro0/Reg_Data_reg[1]) is unused and will be removed from module Gyro_Demo.
WARNING: [Synth 8-3332] Sequential element (Driver_Gyro0/Gyro_Data_Z_FIFO_reg[15]) is unused and will be removed from module Gyro_Demo.
WARNING: [Synth 8-3332] Sequential element (Driver_Gyro0/Gyro_Data_Z_FIFO_reg[14]) is unused and will be removed from module Gyro_Demo.
WARNING: [Synth 8-3332] Sequential element (Driver_Gyro0/Gyro_Data_Z_FIFO_reg[13]) is unused and will be removed from module Gyro_Demo.
WARNING: [Synth 8-3332] Sequential element (Driver_Gyro0/Gyro_Data_Z_FIFO_reg[12]) is unused and will be removed from module Gyro_Demo.
WARNING: [Synth 8-3332] Sequential element (Driver_Gyro0/Gyro_Data_Z_FIFO_reg[11]) is unused and will be removed from module Gyro_Demo.
WARNING: [Synth 8-3332] Sequential element (Driver_Gyro0/Gyro_Data_Z_FIFO_reg[10]) is unused and will be removed from module Gyro_Demo.
WARNING: [Synth 8-3332] Sequential element (Driver_Gyro0/Gyro_Data_Z_FIFO_reg[9]) is unused and will be removed from module Gyro_Demo.
WARNING: [Synth 8-3332] Sequential element (Driver_Gyro0/Gyro_Data_Z_FIFO_reg[8]) is unused and will be removed from module Gyro_Demo.
WARNING: [Synth 8-3332] Sequential element (UART0/UART_Rx0/Data_reg[7]) is unused and will be removed from module Gyro_Demo.
WARNING: [Synth 8-3332] Sequential element (UART0/UART_Rx0/Data_reg[6]) is unused and will be removed from module Gyro_Demo.
WARNING: [Synth 8-3332] Sequential element (UART0/UART_Rx0/Data_reg[5]) is unused and will be removed from module Gyro_Demo.
WARNING: [Synth 8-3332] Sequential element (UART0/UART_Rx0/Data_reg[4]) is unused and will be removed from module Gyro_Demo.
WARNING: [Synth 8-3332] Sequential element (UART0/UART_Rx0/Data_reg[3]) is unused and will be removed from module Gyro_Demo.
WARNING: [Synth 8-3332] Sequential element (UART0/UART_Rx0/Data_reg[2]) is unused and will be removed from module Gyro_Demo.
WARNING: [Synth 8-3332] Sequential element (UART0/UART_Rx0/Data_reg[1]) is unused and will be removed from module Gyro_Demo.
WARNING: [Synth 8-3332] Sequential element (UART0/UART_Rx0/Data_reg[0]) is unused and will be removed from module Gyro_Demo.
WARNING: [Synth 8-3332] Sequential element (Driver_IIC0/scl_cnt_reg[10]) is unused and will be removed from module Gyro_Demo.
---------------------------------------------------------------------------------
Finished Cross Boundary and Area Optimization : Time (s): cpu = 00:00:14 ; elapsed = 00:00:17 . Memory (MB): peak = 815.738 ; gain = 464.137
---------------------------------------------------------------------------------

Report RTL Partitions: 
+-+--------------+------------+----------+
| |RTL Partition |Replication |Instances |
+-+--------------+------------+----------+
+-+--------------+------------+----------+
---------------------------------------------------------------------------------
Start Applying XDC Timing Constraints
---------------------------------------------------------------------------------
INFO: [Synth 8-5578] Moved timing constraint from pin 'clk_10/clk_out1' to pin 'clk_10/bbstub_clk_out1/O'
INFO: [Synth 8-5578] Moved timing constraint from pin 'clk_10/clk_out2' to pin 'clk_10/bbstub_clk_out2/O'
INFO: [Synth 8-5819] Moved 2 constraints on hierarchical pins to their respective driving/loading pins
---------------------------------------------------------------------------------
Finished Applying XDC Timing Constraints : Time (s): cpu = 00:00:21 ; elapsed = 00:00:25 . Memory (MB): peak = 815.738 ; gain = 464.137
---------------------------------------------------------------------------------
---------------------------------------------------------------------------------
Start Timing Optimization
---------------------------------------------------------------------------------
---------------------------------------------------------------------------------
Finished Timing Optimization : Time (s): cpu = 00:00:21 ; elapsed = 00:00:25 . Memory (MB): peak = 816.043 ; gain = 464.441
---------------------------------------------------------------------------------

Report RTL Partitions: 
+-+--------------+------------+----------+
| |RTL Partition |Replication |Instances |
+-+--------------+------------+----------+
+-+--------------+------------+----------+
---------------------------------------------------------------------------------
Start Technology Mapping
---------------------------------------------------------------------------------
---------------------------------------------------------------------------------
Finished Technology Mapping : Time (s): cpu = 00:00:22 ; elapsed = 00:00:26 . Memory (MB): peak = 832.219 ; gain = 480.617
---------------------------------------------------------------------------------

Report RTL Partitions: 
+-+--------------+------------+----------+
| |RTL Partition |Replication |Instances |
+-+--------------+------------+----------+
+-+--------------+------------+----------+
---------------------------------------------------------------------------------
Start IO Insertion
---------------------------------------------------------------------------------
---------------------------------------------------------------------------------
Start Flattening Before IO Insertion
---------------------------------------------------------------------------------
---------------------------------------------------------------------------------
Finished Flattening Before IO Insertion
---------------------------------------------------------------------------------
---------------------------------------------------------------------------------
Start Final Netlist Cleanup
---------------------------------------------------------------------------------
---------------------------------------------------------------------------------
Finished Final Netlist Cleanup
---------------------------------------------------------------------------------
---------------------------------------------------------------------------------
Finished IO Insertion : Time (s): cpu = 00:00:23 ; elapsed = 00:00:27 . Memory (MB): peak = 832.219 ; gain = 480.617
---------------------------------------------------------------------------------

Report Check Netlist: 
+------+------------------+-------+---------+-------+------------------+
|      |Item              |Errors |Warnings |Status |Description       |
+------+------------------+-------+---------+-------+------------------+
|1     |multi_driven_nets |      0|        0|Passed |Multi driven nets |
+------+------------------+-------+---------+-------+------------------+
---------------------------------------------------------------------------------
Start Renaming Generated Instances
---------------------------------------------------------------------------------
---------------------------------------------------------------------------------
Finished Renaming Generated Instances : Time (s): cpu = 00:00:23 ; elapsed = 00:00:27 . Memory (MB): peak = 832.219 ; gain = 480.617
---------------------------------------------------------------------------------

Report RTL Partitions: 
+-+--------------+------------+----------+
| |RTL Partition |Replication |Instances |
+-+--------------+------------+----------+
+-+--------------+------------+----------+
---------------------------------------------------------------------------------
Start Rebuilding User Hierarchy
---------------------------------------------------------------------------------
---------------------------------------------------------------------------------
Finished Rebuilding User Hierarchy : Time (s): cpu = 00:00:23 ; elapsed = 00:00:27 . Memory (MB): peak = 832.219 ; gain = 480.617
---------------------------------------------------------------------------------
---------------------------------------------------------------------------------
Start Renaming Generated Ports
---------------------------------------------------------------------------------
---------------------------------------------------------------------------------
Finished Renaming Generated Ports : Time (s): cpu = 00:00:23 ; elapsed = 00:00:27 . Memory (MB): peak = 832.219 ; gain = 480.617
---------------------------------------------------------------------------------
---------------------------------------------------------------------------------
Start Handling Custom Attributes
---------------------------------------------------------------------------------
---------------------------------------------------------------------------------
Finished Handling Custom Attributes : Time (s): cpu = 00:00:23 ; elapsed = 00:00:27 . Memory (MB): peak = 832.219 ; gain = 480.617
---------------------------------------------------------------------------------
---------------------------------------------------------------------------------
Start Renaming Generated Nets
---------------------------------------------------------------------------------
---------------------------------------------------------------------------------
Finished Renaming Generated Nets : Time (s): cpu = 00:00:23 ; elapsed = 00:00:27 . Memory (MB): peak = 832.219 ; gain = 480.617
---------------------------------------------------------------------------------
---------------------------------------------------------------------------------
Start Writing Synthesis Report
---------------------------------------------------------------------------------

Report BlackBoxes: 
+------+--------------+----------+
|      |BlackBox name |Instances |
+------+--------------+----------+
|1     |clk_wiz_0     |         1|
+------+--------------+----------+

Report Cell Usage: 
+------+----------+------+
|      |Cell      |Count |
+------+----------+------+
|1     |clk_wiz_0 |     1|
|2     |BUFG      |     2|
|3     |CARRY4    |    39|
|4     |LUT1      |     6|
|5     |LUT2      |    30|
|6     |LUT3      |    79|
|7     |LUT4      |    74|
|8     |LUT5      |    57|
|9     |LUT6      |   114|
|10    |FDCE      |    27|
|11    |FDE_1     |    24|
|12    |FDPE      |     4|
|13    |FDRE      |   303|
|14    |FDSE      |     1|
|15    |LD        |     4|
|16    |LDC       |     1|
|17    |IBUF      |     1|
|18    |IOBUF     |     1|
|19    |OBUF      |     6|
+------+----------+------+

Report Instance Areas: 
+------+------------------+---------------+------+
|      |Instance          |Module         |Cells |
+------+------------------+---------------+------+
|1     |top               |               |   775|
|2     |  Driver_Gyro0    |Driver_Gyro    |   374|
|3     |    Clk_Division0 |Clk_Division_0 |    57|
|4     |    Clk_Division1 |Clk_Division_1 |    57|
|5     |  Driver_IIC0     |Driver_IIC     |   140|
|6     |  UART0           |Driver_UART    |   140|
|7     |    UART_Clk      |Clk_Division   |    89|
|8     |    UART_Rx0      |UART_Rx        |    14|
|9     |    UART_Tx0      |UART_Tx        |    37|
|10    |  UART_Send0      |UART_Send      |   109|
+------+------------------+---------------+------+
---------------------------------------------------------------------------------
Finished Writing Synthesis Report : Time (s): cpu = 00:00:23 ; elapsed = 00:00:27 . Memory (MB): peak = 832.219 ; gain = 480.617
---------------------------------------------------------------------------------
Synthesis finished with 0 errors, 0 critical warnings and 32 warnings.
Synthesis Optimization Runtime : Time (s): cpu = 00:00:15 ; elapsed = 00:00:20 . Memory (MB): peak = 832.219 ; gain = 171.746
Synthesis Optimization Complete : Time (s): cpu = 00:00:23 ; elapsed = 00:00:27 . Memory (MB): peak = 832.219 ; gain = 480.617
INFO: [Project 1-571] Translating synthesized netlist
INFO: [Netlist 29-17] Analyzing 70 Unisim elements for replacement
INFO: [Netlist 29-28] Unisim Transformation completed in 0 CPU seconds
INFO: [Project 1-570] Preparing netlist for logic optimization
INFO: [Opt 31-138] Pushed 0 inverter(s) to 0 load pin(s).
INFO: [Project 1-111] Unisim Transformation Summary:
  A total of 30 instances were transformed.
  FDE_1 => FDRE (inverted pins: C): 24 instances
  IOBUF => IOBUF (IBUF, OBUFT): 1 instances
  LD => LDCE: 4 instances
  LDC => LDCE: 1 instances

INFO: [Common 17-83] Releasing license: Synthesis
140 Infos, 41 Warnings, 0 Critical Warnings and 0 Errors encountered.
synth_design completed successfully
synth_design: Time (s): cpu = 00:00:25 ; elapsed = 00:00:29 . Memory (MB): peak = 832.219 ; gain = 492.086
WARNING: [Constraints 18-5210] No constraint will be written out.
INFO: [Common 17-1381] The checkpoint 'C:/Users/Opex9020/Desktop/SEA-Tutorial/Experiment-of-SEA/FPGA-Demo-Project/Gyro-Demo/Gyro_Demo_Verilog/Gyro_Demo/Gyro_Demo.runs/synth_1/Gyro_Demo.dcp' has been generated.
INFO: [runtcl-4] Executing : report_utilization -file Gyro_Demo_utilization_synth.rpt -pb Gyro_Demo_utilization_synth.pb
report_utilization: Time (s): cpu = 00:00:00 ; elapsed = 00:00:00.024 . Memory (MB): peak = 832.219 ; gain = 0.000
INFO: [Common 17-206] Exiting Vivado at Tue Nov 12 18:57:35 2019...
