Copyright 1986-2018 Xilinx, Inc. All Rights Reserved.
-------------------------------------------------------------------------------------
| Tool Version : Vivado v.2018.2 (win64) Build 2258646 Thu Jun 14 20:03:12 MDT 2018
| Date         : Wed Jan 15 17:09:09 2020
| Host         : DESKTOP-DU9F0PS running 64-bit major release  (build 9200)
| Command      : report_control_sets -verbose -file SMG_Demo_control_sets_placed.rpt
| Design       : SMG_Demo
| Device       : xc7s15
-------------------------------------------------------------------------------------

Control Set Information

Table of Contents
-----------------
1. Summary
2. Histogram
3. Flip-Flop Distribution
4. Detailed Control Set Information

1. Summary
----------

+----------------------------------------------------------+-------+
|                          Status                          | Count |
+----------------------------------------------------------+-------+
| Number of unique control sets                            |     3 |
| Unused register locations in slices containing registers |     6 |
+----------------------------------------------------------+-------+


2. Histogram
------------

+--------+--------------+
| Fanout | Control Sets |
+--------+--------------+
|      4 |            1 |
|      8 |            1 |
|    16+ |            1 |
+--------+--------------+


3. Flip-Flop Distribution
-------------------------

+--------------+-----------------------+------------------------+-----------------+--------------+
| Clock Enable | Synchronous Set/Reset | Asynchronous Set/Reset | Total Registers | Total Slices |
+--------------+-----------------------+------------------------+-----------------+--------------+
| No           | No                    | No                     |              12 |            3 |
| No           | No                    | Yes                    |               0 |            0 |
| No           | Yes                   | No                     |              62 |            9 |
| Yes          | No                    | No                     |               0 |            0 |
| Yes          | No                    | Yes                    |               0 |            0 |
| Yes          | Yes                   | No                     |               0 |            0 |
+--------------+-----------------------+------------------------+-----------------+--------------+


4. Detailed Control Set Information
-----------------------------------

+--------------------------------+---------------+--------------------------------+------------------+----------------+
|          Clock Signal          | Enable Signal |        Set/Reset Signal        | Slice Load Count | Bel Load Count |
+--------------------------------+---------------+--------------------------------+------------------+----------------+
|  clk_2/inst/clk_out1           |               |                                |                2 |              4 |
|  Driver_SMG0/Clk_Division0/clk |               |                                |                1 |              8 |
|  clk_2/inst/clk_out1           |               | Driver_SMG0/Clk_Division0/clk1 |                9 |             62 |
+--------------------------------+---------------+--------------------------------+------------------+----------------+


