Copyright 1986-2018 Xilinx, Inc. All Rights Reserved.
------------------------------------------------------------------------------------
| Tool Version : Vivado v.2018.2 (win64) Build 2258646 Thu Jun 14 20:03:12 MDT 2018
| Date         : Mon Mar  9 18:16:12 2020
| Host         : DESKTOP-2RGUD32 running 64-bit major release  (build 9200)
| Command      : upgrade_ip
| Device       : xc7z020clg400-2
------------------------------------------------------------------------------------

Upgrade Log for IP 'design_1_pic16c56_0_0'

1. Summary
----------

SUCCESS in the upgrade of design_1_pic16c56_0_0 from xilinx.com:user:pic16c56:1.2 (Rev. 2) to xilinx.com:user:pic16c56:1.3 (Rev. 2)






Copyright 1986-2018 Xilinx, Inc. All Rights Reserved.
------------------------------------------------------------------------------------
| Tool Version : Vivado v.2018.2 (win64) Build 2258646 Thu Jun 14 20:03:12 MDT 2018
| Date         : Sun Mar  8 17:34:02 2020
| Host         : DESKTOP-2RGUD32 running 64-bit major release  (build 9200)
| Command      : upgrade_ip
| Device       : xc7z020clg400-2
------------------------------------------------------------------------------------

Upgrade Log for IP 'design_1_pic16c56_0_0'

1. Summary
----------

SUCCESS in the upgrade of design_1_pic16c56_0_0 from xilinx.com:user:pic16c56:1.0 (Rev. 2) to xilinx.com:user:pic16c56:1.2 (Rev. 2)

