Copyright 1986-2018 Xilinx, Inc. All Rights Reserved.
--------------------------------------------------------------------------------------------------------------------------------------------------------------------------------
| Tool Version : Vivado v.2018.2 (win64) Build 2258646 Thu Jun 14 20:03:12 MDT 2018
| Date         : Mon Mar  9 19:08:16 2020
| Host         : DESKTOP-2RGUD32 running 64-bit major release  (build 9200)
| Command      : report_timing_summary -max_paths 10 -file top_timing_summary_routed.rpt -pb top_timing_summary_routed.pb -rpx top_timing_summary_routed.rpx -warn_on_violation
| Design       : top
| Device       : 7z020-clg400
| Speed File   : -2  PRODUCTION 1.11 2014-09-11
--------------------------------------------------------------------------------------------------------------------------------------------------------------------------------

Timing Summary Report

------------------------------------------------------------------------------------------------
| Timer Settings
| --------------
------------------------------------------------------------------------------------------------

  Enable Multi Corner Analysis               :  Yes
  Enable Pessimism Removal                   :  Yes
  Pessimism Removal Resolution               :  Nearest Common Node
  Enable Input Delay Default Clock           :  No
  Enable Preset / Clear Arcs                 :  No
  Disable Flight Delays                      :  No
  Ignore I/O Paths                           :  No
  Timing Early Launch at Borrowing Latches   :  false

  Corner  Analyze    Analyze    
  Name    Max Paths  Min Paths  
  ------  ---------  ---------  
  Slow    Yes        Yes        
  Fast    Yes        Yes        



check_timing report

Table of Contents
-----------------
1. checking no_clock
2. checking constant_clock
3. checking pulse_width_clock
4. checking unconstrained_internal_endpoints
5. checking no_input_delay
6. checking no_output_delay
7. checking multiple_clock
8. checking generated_clocks
9. checking loops
10. checking partial_input_delay
11. checking partial_output_delay
12. checking latch_loops

1. checking no_clock
--------------------
 There are 9 register/latch pins with no clock driven by root clock pin: mclr (HIGH)

 There are 8 register/latch pins with no clock driven by root clock pin: osc1 (HIGH)

 There are 8 register/latch pins with no clock driven by root clock pin: ww/design_1_i/pic16c56_0/inst/A1/addwf_reg/Q (HIGH)

 There are 8 register/latch pins with no clock driven by root clock pin: ww/design_1_i/pic16c56_0/inst/A1/andlw_reg/Q (HIGH)

 There are 8 register/latch pins with no clock driven by root clock pin: ww/design_1_i/pic16c56_0/inst/A1/andwf_reg/Q (HIGH)

 There is 1 register/latch pin with no clock driven by root clock pin: ww/design_1_i/pic16c56_0/inst/A1/btfss_reg/Q (HIGH)

 There are 8 register/latch pins with no clock driven by root clock pin: ww/design_1_i/pic16c56_0/inst/A1/clrf_reg/Q (HIGH)

 There are 8 register/latch pins with no clock driven by root clock pin: ww/design_1_i/pic16c56_0/inst/A1/clrw_reg/Q (HIGH)

 There are 8 register/latch pins with no clock driven by root clock pin: ww/design_1_i/pic16c56_0/inst/A1/clrwdt_reg/Q (HIGH)

 There are 8 register/latch pins with no clock driven by root clock pin: ww/design_1_i/pic16c56_0/inst/A1/comf_reg/Q (HIGH)

 There is 1 register/latch pin with no clock driven by root clock pin: ww/design_1_i/pic16c56_0/inst/A1/d_reg/Q (HIGH)

 There are 8 register/latch pins with no clock driven by root clock pin: ww/design_1_i/pic16c56_0/inst/A1/decf_reg/Q (HIGH)

 There are 8 register/latch pins with no clock driven by root clock pin: ww/design_1_i/pic16c56_0/inst/A1/decfsz_reg/Q (HIGH)

 There are 8 register/latch pins with no clock driven by root clock pin: ww/design_1_i/pic16c56_0/inst/A1/incf_reg/Q (HIGH)

 There are 8 register/latch pins with no clock driven by root clock pin: ww/design_1_i/pic16c56_0/inst/A1/incfsz_reg/Q (HIGH)

 There are 8 register/latch pins with no clock driven by root clock pin: ww/design_1_i/pic16c56_0/inst/A1/iorlw_reg/Q (HIGH)

 There are 8 register/latch pins with no clock driven by root clock pin: ww/design_1_i/pic16c56_0/inst/A1/iorwf_reg/Q (HIGH)

 There is 1 register/latch pin with no clock driven by root clock pin: ww/design_1_i/pic16c56_0/inst/A1/k_reg[6]/Q (HIGH)

 There is 1 register/latch pin with no clock driven by root clock pin: ww/design_1_i/pic16c56_0/inst/A1/k_reg[7]/Q (HIGH)

 There are 8 register/latch pins with no clock driven by root clock pin: ww/design_1_i/pic16c56_0/inst/A1/movf_reg/Q (HIGH)

 There are 8 register/latch pins with no clock driven by root clock pin: ww/design_1_i/pic16c56_0/inst/A1/movlw_reg/Q (HIGH)

 There are 8 register/latch pins with no clock driven by root clock pin: ww/design_1_i/pic16c56_0/inst/A1/option_reg/Q (HIGH)

 There are 8 register/latch pins with no clock driven by root clock pin: ww/design_1_i/pic16c56_0/inst/A1/rlf_reg/Q (HIGH)

 There are 8 register/latch pins with no clock driven by root clock pin: ww/design_1_i/pic16c56_0/inst/A1/rrf_reg/Q (HIGH)

 There are 8 register/latch pins with no clock driven by root clock pin: ww/design_1_i/pic16c56_0/inst/A1/subwf_reg/Q (HIGH)

 There are 8 register/latch pins with no clock driven by root clock pin: ww/design_1_i/pic16c56_0/inst/A1/swapf_reg/Q (HIGH)

 There are 8 register/latch pins with no clock driven by root clock pin: ww/design_1_i/pic16c56_0/inst/A1/tris_reg/Q (HIGH)

 There are 8 register/latch pins with no clock driven by root clock pin: ww/design_1_i/pic16c56_0/inst/A1/xorlw_reg/Q (HIGH)

 There are 8 register/latch pins with no clock driven by root clock pin: ww/design_1_i/pic16c56_0/inst/A1/xorwf_reg/Q (HIGH)

 There are 9 register/latch pins with no clock driven by root clock pin: ww/design_1_i/pic16c56_0/inst/A2/b_reg[0]/Q (HIGH)

 There are 9 register/latch pins with no clock driven by root clock pin: ww/design_1_i/pic16c56_0/inst/A2/b_reg[1]/Q (HIGH)

 There are 8 register/latch pins with no clock driven by root clock pin: ww/design_1_i/pic16c56_0/inst/A2/b_reg[2]/Q (HIGH)

 There are 7 register/latch pins with no clock driven by root clock pin: ww/design_1_i/pic16c56_0/inst/A2/b_reg[3]/Q (HIGH)

 There are 7 register/latch pins with no clock driven by root clock pin: ww/design_1_i/pic16c56_0/inst/A2/b_reg[4]/Q (HIGH)

 There are 6 register/latch pins with no clock driven by root clock pin: ww/design_1_i/pic16c56_0/inst/A2/b_reg[5]/Q (HIGH)

 There are 5 register/latch pins with no clock driven by root clock pin: ww/design_1_i/pic16c56_0/inst/A2/b_reg[6]/Q (HIGH)

 There are 4 register/latch pins with no clock driven by root clock pin: ww/design_1_i/pic16c56_0/inst/A2/b_reg[7]/Q (HIGH)

 There are 2 register/latch pins with no clock driven by root clock pin: ww/design_1_i/pic16c56_0/inst/A2/status_reg[0]/Q (HIGH)

 There are 8 register/latch pins with no clock driven by root clock pin: ww/design_1_i/pic16c56_0/inst/A2/w_reg[0]/Q (HIGH)

 There are 7 register/latch pins with no clock driven by root clock pin: ww/design_1_i/pic16c56_0/inst/A2/w_reg[1]/Q (HIGH)

 There are 6 register/latch pins with no clock driven by root clock pin: ww/design_1_i/pic16c56_0/inst/A2/w_reg[2]/Q (HIGH)

 There are 5 register/latch pins with no clock driven by root clock pin: ww/design_1_i/pic16c56_0/inst/A2/w_reg[3]/Q (HIGH)

 There are 4 register/latch pins with no clock driven by root clock pin: ww/design_1_i/pic16c56_0/inst/A2/w_reg[4]/Q (HIGH)

 There are 3 register/latch pins with no clock driven by root clock pin: ww/design_1_i/pic16c56_0/inst/A2/w_reg[5]/Q (HIGH)

 There are 2 register/latch pins with no clock driven by root clock pin: ww/design_1_i/pic16c56_0/inst/A2/w_reg[6]/Q (HIGH)

 There is 1 register/latch pin with no clock driven by root clock pin: ww/design_1_i/pic16c56_0/inst/A2/w_reg[7]/Q (HIGH)

 There are 53 register/latch pins with no clock driven by root clock pin: ww/design_1_i/pic16c56_0/inst/A5/clk1_reg/Q (HIGH)

 There are 309 register/latch pins with no clock driven by root clock pin: ww/design_1_i/pic16c56_0/inst/A5/clk2_reg/Q (HIGH)


2. checking constant_clock
--------------------------
 There are 0 register/latch pins with constant_clock.


3. checking pulse_width_clock
-----------------------------
 There are 0 register/latch pins which need pulse_width check


4. checking unconstrained_internal_endpoints
--------------------------------------------
 There are 973 pins that are not constrained for maximum delay. (HIGH)

 There are 0 pins that are not constrained for maximum delay due to constant clock.


5. checking no_input_delay
--------------------------
 There is 1 input port with no input delay specified. (HIGH)

 There are 0 input ports with no input delay but user has a false path constraint.


6. checking no_output_delay
---------------------------
 There are 4 ports with no output delay specified. (HIGH)

 There are 0 ports with no output delay but user has a false path constraint

 There are 0 ports with no output delay but with a timing clock defined on it or propagating through it


7. checking multiple_clock
--------------------------
 There are 0 register/latch pins with multiple clocks.


8. checking generated_clocks
----------------------------
 There are 0 generated clocks that are not connected to a clock source.


9. checking loops
-----------------
 There are 0 combinational loops in the design.


10. checking partial_input_delay
--------------------------------
 There are 0 input ports with partial input delay specified.


11. checking partial_output_delay
---------------------------------
 There are 0 ports with partial output delay specified.


12. checking latch_loops
------------------------
 There are 0 combinational latch loops in the design through latch input



------------------------------------------------------------------------------------------------
| Design Timing Summary
| ---------------------
------------------------------------------------------------------------------------------------

    WNS(ns)      TNS(ns)  TNS Failing Endpoints  TNS Total Endpoints      WHS(ns)      THS(ns)  THS Failing Endpoints  THS Total Endpoints     WPWS(ns)     TPWS(ns)  TPWS Failing Endpoints  TPWS Total Endpoints  
    -------      -------  ---------------------  -------------------      -------      -------  ---------------------  -------------------     --------     --------  ----------------------  --------------------  
         NA           NA                     NA                   NA           NA           NA                     NA                   NA           NA           NA                      NA                    NA  


There are no user specified timing constraints.


------------------------------------------------------------------------------------------------
| Clock Summary
| -------------
------------------------------------------------------------------------------------------------


------------------------------------------------------------------------------------------------
| Intra Clock Table
| -----------------
------------------------------------------------------------------------------------------------

Clock             WNS(ns)      TNS(ns)  TNS Failing Endpoints  TNS Total Endpoints      WHS(ns)      THS(ns)  THS Failing Endpoints  THS Total Endpoints     WPWS(ns)     TPWS(ns)  TPWS Failing Endpoints  TPWS Total Endpoints  
-----             -------      -------  ---------------------  -------------------      -------      -------  ---------------------  -------------------     --------     --------  ----------------------  --------------------  


------------------------------------------------------------------------------------------------
| Inter Clock Table
| -----------------
------------------------------------------------------------------------------------------------

From Clock    To Clock          WNS(ns)      TNS(ns)  TNS Failing Endpoints  TNS Total Endpoints      WHS(ns)      THS(ns)  THS Failing Endpoints  THS Total Endpoints  
----------    --------          -------      -------  ---------------------  -------------------      -------      -------  ---------------------  -------------------  


------------------------------------------------------------------------------------------------
| Other Path Groups Table
| -----------------------
------------------------------------------------------------------------------------------------

Path Group    From Clock    To Clock          WNS(ns)      TNS(ns)  TNS Failing Endpoints  TNS Total Endpoints      WHS(ns)      THS(ns)  THS Failing Endpoints  THS Total Endpoints  
----------    ----------    --------          -------      -------  ---------------------  -------------------      -------      -------  ---------------------  -------------------  


------------------------------------------------------------------------------------------------
| Timing Details
| --------------
------------------------------------------------------------------------------------------------


