Copyright 1986-2018 Xilinx, Inc. All Rights Reserved.
-----------------------------------------------------------------------------------------------------------------------------------------------
| Tool Version : Vivado v.2018.2 (win64) Build 2258646 Thu Jun 14 20:03:12 MDT 2018
| Date         : Mon Mar  9 19:08:15 2020
| Host         : DESKTOP-2RGUD32 running 64-bit major release  (build 9200)
| Command      : report_methodology -file top_methodology_drc_routed.rpt -pb top_methodology_drc_routed.pb -rpx top_methodology_drc_routed.rpx
| Design       : top
| Device       : xc7z020clg400-2
| Speed File   : -2
| Design State : Routed
-----------------------------------------------------------------------------------------------------------------------------------------------

Report Methodology

Table of Contents
-----------------
1. REPORT SUMMARY
2. REPORT DETAILS

1. REPORT SUMMARY
-----------------
            Netlist: netlist
          Floorplan: design_1
      Design limits: <entire design considered>
             Max violations: <unlimited>
             Violations found: 398
+-----------+----------+------------------------------------------------------------------+------------+
| Rule      | Severity | Description                                                      | Violations |
+-----------+----------+------------------------------------------------------------------+------------+
| CKLD-2    | Warning  | Clock Net has IO Driver, not a Clock Buf, and/or non-Clock loads | 1          |
| LUTAR-1   | Warning  | LUT drives async reset alert                                     | 18         |
| TIMING-17 | Warning  | Non-clocked sequential cell                                      | 370        |
| TIMING-20 | Warning  | Non-clocked latch                                                | 9          |
+-----------+----------+------------------------------------------------------------------+------------+

2. REPORT DETAILS
-----------------
CKLD-2#1 Warning
Clock Net has IO Driver, not a Clock Buf, and/or non-Clock loads  
Clock net osc1_IBUF is directly driven by an IO rather than a Clock Buffer or may be an IO driving a mix of Clock Buffer and non-Clock loads. This connectivity should be reviewed and corrected as appropriate. Driver(s): osc1_IBUF_inst/O
Related violations: <none>

LUTAR-1#1 Warning
LUT drives async reset alert  
LUT cell ww/design_1_i/pic16c56_0/inst/A1/yi_reg[0]_LDC_i_1, with 2 or more inputs, drives asynchronous preset/clear pin(s) ww/design_1_i/pic16c56_0/inst/A3/yi_reg[0]_P/PRE. The LUT may glitch and trigger an unexpected reset, even if it is a properly timed path.
Related violations: <none>

LUTAR-1#2 Warning
LUT drives async reset alert  
LUT cell ww/design_1_i/pic16c56_0/inst/A1/yi_reg[0]_LDC_i_2, with 2 or more inputs, drives asynchronous preset/clear pin(s) ww/design_1_i/pic16c56_0/inst/A3/yi_reg[0]_C/CLR, ww/design_1_i/pic16c56_0/inst/A3/yi_reg[0]_LDC/CLR. The LUT may glitch and trigger an unexpected reset, even if it is a properly timed path.
Related violations: <none>

LUTAR-1#3 Warning
LUT drives async reset alert  
LUT cell ww/design_1_i/pic16c56_0/inst/A1/yi_reg[1]_LDC_i_1, with 2 or more inputs, drives asynchronous preset/clear pin(s) ww/design_1_i/pic16c56_0/inst/A3/yi_reg[1]_P/PRE. The LUT may glitch and trigger an unexpected reset, even if it is a properly timed path.
Related violations: <none>

LUTAR-1#4 Warning
LUT drives async reset alert  
LUT cell ww/design_1_i/pic16c56_0/inst/A1/yi_reg[1]_LDC_i_2, with 2 or more inputs, drives asynchronous preset/clear pin(s) ww/design_1_i/pic16c56_0/inst/A3/yi_reg[1]_C/CLR, ww/design_1_i/pic16c56_0/inst/A3/yi_reg[1]_LDC/CLR. The LUT may glitch and trigger an unexpected reset, even if it is a properly timed path.
Related violations: <none>

LUTAR-1#5 Warning
LUT drives async reset alert  
LUT cell ww/design_1_i/pic16c56_0/inst/A1/yi_reg[2]_LDC_i_1, with 2 or more inputs, drives asynchronous preset/clear pin(s) ww/design_1_i/pic16c56_0/inst/A3/yi_reg[2]_P/PRE. The LUT may glitch and trigger an unexpected reset, even if it is a properly timed path.
Related violations: <none>

LUTAR-1#6 Warning
LUT drives async reset alert  
LUT cell ww/design_1_i/pic16c56_0/inst/A1/yi_reg[2]_LDC_i_2, with 2 or more inputs, drives asynchronous preset/clear pin(s) ww/design_1_i/pic16c56_0/inst/A3/yi_reg[2]_C/CLR, ww/design_1_i/pic16c56_0/inst/A3/yi_reg[2]_LDC/CLR. The LUT may glitch and trigger an unexpected reset, even if it is a properly timed path.
Related violations: <none>

LUTAR-1#7 Warning
LUT drives async reset alert  
LUT cell ww/design_1_i/pic16c56_0/inst/A1/yi_reg[3]_LDC_i_1, with 2 or more inputs, drives asynchronous preset/clear pin(s) ww/design_1_i/pic16c56_0/inst/A3/yi_reg[3]_P/PRE. The LUT may glitch and trigger an unexpected reset, even if it is a properly timed path.
Related violations: <none>

LUTAR-1#8 Warning
LUT drives async reset alert  
LUT cell ww/design_1_i/pic16c56_0/inst/A1/yi_reg[3]_LDC_i_2, with 2 or more inputs, drives asynchronous preset/clear pin(s) ww/design_1_i/pic16c56_0/inst/A3/yi_reg[3]_C/CLR, ww/design_1_i/pic16c56_0/inst/A3/yi_reg[3]_LDC/CLR. The LUT may glitch and trigger an unexpected reset, even if it is a properly timed path.
Related violations: <none>

LUTAR-1#9 Warning
LUT drives async reset alert  
LUT cell ww/design_1_i/pic16c56_0/inst/A1/yi_reg[4]_LDC_i_1, with 2 or more inputs, drives asynchronous preset/clear pin(s) ww/design_1_i/pic16c56_0/inst/A3/yi_reg[4]_P/PRE. The LUT may glitch and trigger an unexpected reset, even if it is a properly timed path.
Related violations: <none>

LUTAR-1#10 Warning
LUT drives async reset alert  
LUT cell ww/design_1_i/pic16c56_0/inst/A1/yi_reg[4]_LDC_i_2, with 2 or more inputs, drives asynchronous preset/clear pin(s) ww/design_1_i/pic16c56_0/inst/A3/yi_reg[4]_C/CLR, ww/design_1_i/pic16c56_0/inst/A3/yi_reg[4]_LDC/CLR. The LUT may glitch and trigger an unexpected reset, even if it is a properly timed path.
Related violations: <none>

LUTAR-1#11 Warning
LUT drives async reset alert  
LUT cell ww/design_1_i/pic16c56_0/inst/A1/yi_reg[5]_LDC_i_1, with 2 or more inputs, drives asynchronous preset/clear pin(s) ww/design_1_i/pic16c56_0/inst/A3/yi_reg[5]_P/PRE. The LUT may glitch and trigger an unexpected reset, even if it is a properly timed path.
Related violations: <none>

LUTAR-1#12 Warning
LUT drives async reset alert  
LUT cell ww/design_1_i/pic16c56_0/inst/A1/yi_reg[5]_LDC_i_2, with 2 or more inputs, drives asynchronous preset/clear pin(s) ww/design_1_i/pic16c56_0/inst/A3/yi_reg[5]_C/CLR, ww/design_1_i/pic16c56_0/inst/A3/yi_reg[5]_LDC/CLR. The LUT may glitch and trigger an unexpected reset, even if it is a properly timed path.
Related violations: <none>

LUTAR-1#13 Warning
LUT drives async reset alert  
LUT cell ww/design_1_i/pic16c56_0/inst/A1/yi_reg[6]_LDC_i_1, with 2 or more inputs, drives asynchronous preset/clear pin(s) ww/design_1_i/pic16c56_0/inst/A3/yi_reg[6]_P/PRE. The LUT may glitch and trigger an unexpected reset, even if it is a properly timed path.
Related violations: <none>

LUTAR-1#14 Warning
LUT drives async reset alert  
LUT cell ww/design_1_i/pic16c56_0/inst/A1/yi_reg[6]_LDC_i_2, with 2 or more inputs, drives asynchronous preset/clear pin(s) ww/design_1_i/pic16c56_0/inst/A3/yi_reg[6]_C/CLR, ww/design_1_i/pic16c56_0/inst/A3/yi_reg[6]_LDC/CLR. The LUT may glitch and trigger an unexpected reset, even if it is a properly timed path.
Related violations: <none>

LUTAR-1#15 Warning
LUT drives async reset alert  
LUT cell ww/design_1_i/pic16c56_0/inst/A1/yi_reg[7]_LDC_i_1, with 2 or more inputs, drives asynchronous preset/clear pin(s) ww/design_1_i/pic16c56_0/inst/A3/yi_reg[7]_P/PRE. The LUT may glitch and trigger an unexpected reset, even if it is a properly timed path.
Related violations: <none>

LUTAR-1#16 Warning
LUT drives async reset alert  
LUT cell ww/design_1_i/pic16c56_0/inst/A1/yi_reg[7]_LDC_i_2, with 2 or more inputs, drives asynchronous preset/clear pin(s) ww/design_1_i/pic16c56_0/inst/A3/yi_reg[7]_C/CLR, ww/design_1_i/pic16c56_0/inst/A3/yi_reg[7]_LDC/CLR. The LUT may glitch and trigger an unexpected reset, even if it is a properly timed path.
Related violations: <none>

LUTAR-1#17 Warning
LUT drives async reset alert  
LUT cell ww/design_1_i/pic16c56_0/inst/A2/skip_reg_LDC_i_1, with 2 or more inputs, drives asynchronous preset/clear pin(s) ww/design_1_i/pic16c56_0/inst/A3/skip_reg_P/PRE. The LUT may glitch and trigger an unexpected reset, even if it is a properly timed path.
Related violations: <none>

LUTAR-1#18 Warning
LUT drives async reset alert  
LUT cell ww/design_1_i/pic16c56_0/inst/A2/skip_reg_LDC_i_2, with 2 or more inputs, drives asynchronous preset/clear pin(s) ww/design_1_i/pic16c56_0/inst/A3/skip_reg_C/CLR, ww/design_1_i/pic16c56_0/inst/A3/skip_reg_LDC/CLR. The LUT may glitch and trigger an unexpected reset, even if it is a properly timed path.
Related violations: <none>

TIMING-17#1 Warning
Non-clocked sequential cell  
The clock pin ww/design_1_i/pic16c56_0/inst/A1/addwf_reg/C is not reached by a timing clock
Related violations: <none>

TIMING-17#2 Warning
Non-clocked sequential cell  
The clock pin ww/design_1_i/pic16c56_0/inst/A1/andlw_reg/C is not reached by a timing clock
Related violations: <none>

TIMING-17#3 Warning
Non-clocked sequential cell  
The clock pin ww/design_1_i/pic16c56_0/inst/A1/andwf_reg/C is not reached by a timing clock
Related violations: <none>

TIMING-17#4 Warning
Non-clocked sequential cell  
The clock pin ww/design_1_i/pic16c56_0/inst/A1/bcf_reg/C is not reached by a timing clock
Related violations: <none>

TIMING-17#5 Warning
Non-clocked sequential cell  
The clock pin ww/design_1_i/pic16c56_0/inst/A1/bsf_reg/C is not reached by a timing clock
Related violations: <none>

TIMING-17#6 Warning
Non-clocked sequential cell  
The clock pin ww/design_1_i/pic16c56_0/inst/A1/btfsc_reg/C is not reached by a timing clock
Related violations: <none>

TIMING-17#7 Warning
Non-clocked sequential cell  
The clock pin ww/design_1_i/pic16c56_0/inst/A1/btfss_reg/C is not reached by a timing clock
Related violations: <none>

TIMING-17#8 Warning
Non-clocked sequential cell  
The clock pin ww/design_1_i/pic16c56_0/inst/A1/call_reg/C is not reached by a timing clock
Related violations: <none>

TIMING-17#9 Warning
Non-clocked sequential cell  
The clock pin ww/design_1_i/pic16c56_0/inst/A1/clrf_reg/C is not reached by a timing clock
Related violations: <none>

TIMING-17#10 Warning
Non-clocked sequential cell  
The clock pin ww/design_1_i/pic16c56_0/inst/A1/clrw_reg/C is not reached by a timing clock
Related violations: <none>

TIMING-17#11 Warning
Non-clocked sequential cell  
The clock pin ww/design_1_i/pic16c56_0/inst/A1/clrwdt_reg/C is not reached by a timing clock
Related violations: <none>

TIMING-17#12 Warning
Non-clocked sequential cell  
The clock pin ww/design_1_i/pic16c56_0/inst/A1/comf_reg/C is not reached by a timing clock
Related violations: <none>

TIMING-17#13 Warning
Non-clocked sequential cell  
The clock pin ww/design_1_i/pic16c56_0/inst/A1/d_reg/C is not reached by a timing clock
Related violations: <none>

TIMING-17#14 Warning
Non-clocked sequential cell  
The clock pin ww/design_1_i/pic16c56_0/inst/A1/decf_reg/C is not reached by a timing clock
Related violations: <none>

TIMING-17#15 Warning
Non-clocked sequential cell  
The clock pin ww/design_1_i/pic16c56_0/inst/A1/decfsz_reg/C is not reached by a timing clock
Related violations: <none>

TIMING-17#16 Warning
Non-clocked sequential cell  
The clock pin ww/design_1_i/pic16c56_0/inst/A1/fsel_reg[0]/C is not reached by a timing clock
Related violations: <none>

TIMING-17#17 Warning
Non-clocked sequential cell  
The clock pin ww/design_1_i/pic16c56_0/inst/A1/fsel_reg[1]/C is not reached by a timing clock
Related violations: <none>

TIMING-17#18 Warning
Non-clocked sequential cell  
The clock pin ww/design_1_i/pic16c56_0/inst/A1/fsel_reg[2]/C is not reached by a timing clock
Related violations: <none>

TIMING-17#19 Warning
Non-clocked sequential cell  
The clock pin ww/design_1_i/pic16c56_0/inst/A1/fsel_reg[3]/C is not reached by a timing clock
Related violations: <none>

TIMING-17#20 Warning
Non-clocked sequential cell  
The clock pin ww/design_1_i/pic16c56_0/inst/A1/fsel_reg[4]/C is not reached by a timing clock
Related violations: <none>

TIMING-17#21 Warning
Non-clocked sequential cell  
The clock pin ww/design_1_i/pic16c56_0/inst/A1/goto_reg/C is not reached by a timing clock
Related violations: <none>

TIMING-17#22 Warning
Non-clocked sequential cell  
The clock pin ww/design_1_i/pic16c56_0/inst/A1/incf_reg/C is not reached by a timing clock
Related violations: <none>

TIMING-17#23 Warning
Non-clocked sequential cell  
The clock pin ww/design_1_i/pic16c56_0/inst/A1/incfsz_reg/C is not reached by a timing clock
Related violations: <none>

TIMING-17#24 Warning
Non-clocked sequential cell  
The clock pin ww/design_1_i/pic16c56_0/inst/A1/iorlw_reg/C is not reached by a timing clock
Related violations: <none>

TIMING-17#25 Warning
Non-clocked sequential cell  
The clock pin ww/design_1_i/pic16c56_0/inst/A1/iorwf_reg/C is not reached by a timing clock
Related violations: <none>

TIMING-17#26 Warning
Non-clocked sequential cell  
The clock pin ww/design_1_i/pic16c56_0/inst/A1/k_reg[0]/C is not reached by a timing clock
Related violations: <none>

TIMING-17#27 Warning
Non-clocked sequential cell  
The clock pin ww/design_1_i/pic16c56_0/inst/A1/k_reg[1]/C is not reached by a timing clock
Related violations: <none>

TIMING-17#28 Warning
Non-clocked sequential cell  
The clock pin ww/design_1_i/pic16c56_0/inst/A1/k_reg[2]/C is not reached by a timing clock
Related violations: <none>

TIMING-17#29 Warning
Non-clocked sequential cell  
The clock pin ww/design_1_i/pic16c56_0/inst/A1/k_reg[3]/C is not reached by a timing clock
Related violations: <none>

TIMING-17#30 Warning
Non-clocked sequential cell  
The clock pin ww/design_1_i/pic16c56_0/inst/A1/k_reg[4]/C is not reached by a timing clock
Related violations: <none>

TIMING-17#31 Warning
Non-clocked sequential cell  
The clock pin ww/design_1_i/pic16c56_0/inst/A1/k_reg[6]/C is not reached by a timing clock
Related violations: <none>

TIMING-17#32 Warning
Non-clocked sequential cell  
The clock pin ww/design_1_i/pic16c56_0/inst/A1/k_reg[7]/C is not reached by a timing clock
Related violations: <none>

TIMING-17#33 Warning
Non-clocked sequential cell  
The clock pin ww/design_1_i/pic16c56_0/inst/A1/longk_reg[8]/C is not reached by a timing clock
Related violations: <none>

TIMING-17#34 Warning
Non-clocked sequential cell  
The clock pin ww/design_1_i/pic16c56_0/inst/A1/movf_reg/C is not reached by a timing clock
Related violations: <none>

TIMING-17#35 Warning
Non-clocked sequential cell  
The clock pin ww/design_1_i/pic16c56_0/inst/A1/movlw_reg/C is not reached by a timing clock
Related violations: <none>

TIMING-17#36 Warning
Non-clocked sequential cell  
The clock pin ww/design_1_i/pic16c56_0/inst/A1/movwf_reg/C is not reached by a timing clock
Related violations: <none>

TIMING-17#37 Warning
Non-clocked sequential cell  
The clock pin ww/design_1_i/pic16c56_0/inst/A1/option_reg/C is not reached by a timing clock
Related violations: <none>

TIMING-17#38 Warning
Non-clocked sequential cell  
The clock pin ww/design_1_i/pic16c56_0/inst/A1/retlw_reg/C is not reached by a timing clock
Related violations: <none>

TIMING-17#39 Warning
Non-clocked sequential cell  
The clock pin ww/design_1_i/pic16c56_0/inst/A1/rlf_reg/C is not reached by a timing clock
Related violations: <none>

TIMING-17#40 Warning
Non-clocked sequential cell  
The clock pin ww/design_1_i/pic16c56_0/inst/A1/rrf_reg/C is not reached by a timing clock
Related violations: <none>

TIMING-17#41 Warning
Non-clocked sequential cell  
The clock pin ww/design_1_i/pic16c56_0/inst/A1/subwf_reg/C is not reached by a timing clock
Related violations: <none>

TIMING-17#42 Warning
Non-clocked sequential cell  
The clock pin ww/design_1_i/pic16c56_0/inst/A1/swapf_reg/C is not reached by a timing clock
Related violations: <none>

TIMING-17#43 Warning
Non-clocked sequential cell  
The clock pin ww/design_1_i/pic16c56_0/inst/A1/tris_reg/C is not reached by a timing clock
Related violations: <none>

TIMING-17#44 Warning
Non-clocked sequential cell  
The clock pin ww/design_1_i/pic16c56_0/inst/A1/xorlw_reg/C is not reached by a timing clock
Related violations: <none>

TIMING-17#45 Warning
Non-clocked sequential cell  
The clock pin ww/design_1_i/pic16c56_0/inst/A1/xorwf_reg/C is not reached by a timing clock
Related violations: <none>

TIMING-17#46 Warning
Non-clocked sequential cell  
The clock pin ww/design_1_i/pic16c56_0/inst/A2/RA_out_reg[0]/C is not reached by a timing clock
Related violations: <none>

TIMING-17#47 Warning
Non-clocked sequential cell  
The clock pin ww/design_1_i/pic16c56_0/inst/A2/RA_out_reg[1]/C is not reached by a timing clock
Related violations: <none>

TIMING-17#48 Warning
Non-clocked sequential cell  
The clock pin ww/design_1_i/pic16c56_0/inst/A2/RA_out_reg[2]/C is not reached by a timing clock
Related violations: <none>

TIMING-17#49 Warning
Non-clocked sequential cell  
The clock pin ww/design_1_i/pic16c56_0/inst/A2/RA_out_reg[3]/C is not reached by a timing clock
Related violations: <none>

TIMING-17#50 Warning
Non-clocked sequential cell  
The clock pin ww/design_1_i/pic16c56_0/inst/A2/RB_out_reg[0]/C is not reached by a timing clock
Related violations: <none>

TIMING-17#51 Warning
Non-clocked sequential cell  
The clock pin ww/design_1_i/pic16c56_0/inst/A2/RB_out_reg[1]/C is not reached by a timing clock
Related violations: <none>

TIMING-17#52 Warning
Non-clocked sequential cell  
The clock pin ww/design_1_i/pic16c56_0/inst/A2/RB_out_reg[2]/C is not reached by a timing clock
Related violations: <none>

TIMING-17#53 Warning
Non-clocked sequential cell  
The clock pin ww/design_1_i/pic16c56_0/inst/A2/RB_out_reg[3]/C is not reached by a timing clock
Related violations: <none>

TIMING-17#54 Warning
Non-clocked sequential cell  
The clock pin ww/design_1_i/pic16c56_0/inst/A2/RB_out_reg[4]/C is not reached by a timing clock
Related violations: <none>

TIMING-17#55 Warning
Non-clocked sequential cell  
The clock pin ww/design_1_i/pic16c56_0/inst/A2/RB_out_reg[5]/C is not reached by a timing clock
Related violations: <none>

TIMING-17#56 Warning
Non-clocked sequential cell  
The clock pin ww/design_1_i/pic16c56_0/inst/A2/RB_out_reg[6]/C is not reached by a timing clock
Related violations: <none>

TIMING-17#57 Warning
Non-clocked sequential cell  
The clock pin ww/design_1_i/pic16c56_0/inst/A2/RB_out_reg[7]/C is not reached by a timing clock
Related violations: <none>

TIMING-17#58 Warning
Non-clocked sequential cell  
The clock pin ww/design_1_i/pic16c56_0/inst/A2/b_reg[0]/C is not reached by a timing clock
Related violations: <none>

TIMING-17#59 Warning
Non-clocked sequential cell  
The clock pin ww/design_1_i/pic16c56_0/inst/A2/b_reg[1]/C is not reached by a timing clock
Related violations: <none>

TIMING-17#60 Warning
Non-clocked sequential cell  
The clock pin ww/design_1_i/pic16c56_0/inst/A2/b_reg[2]/C is not reached by a timing clock
Related violations: <none>

TIMING-17#61 Warning
Non-clocked sequential cell  
The clock pin ww/design_1_i/pic16c56_0/inst/A2/b_reg[3]/C is not reached by a timing clock
Related violations: <none>

TIMING-17#62 Warning
Non-clocked sequential cell  
The clock pin ww/design_1_i/pic16c56_0/inst/A2/b_reg[4]/C is not reached by a timing clock
Related violations: <none>

TIMING-17#63 Warning
Non-clocked sequential cell  
The clock pin ww/design_1_i/pic16c56_0/inst/A2/b_reg[5]/C is not reached by a timing clock
Related violations: <none>

TIMING-17#64 Warning
Non-clocked sequential cell  
The clock pin ww/design_1_i/pic16c56_0/inst/A2/b_reg[6]/C is not reached by a timing clock
Related violations: <none>

TIMING-17#65 Warning
Non-clocked sequential cell  
The clock pin ww/design_1_i/pic16c56_0/inst/A2/b_reg[7]/C is not reached by a timing clock
Related violations: <none>

TIMING-17#66 Warning
Non-clocked sequential cell  
The clock pin ww/design_1_i/pic16c56_0/inst/A2/frs_reg_reg[0]/C is not reached by a timing clock
Related violations: <none>

TIMING-17#67 Warning
Non-clocked sequential cell  
The clock pin ww/design_1_i/pic16c56_0/inst/A2/frs_reg_reg[1]/C is not reached by a timing clock
Related violations: <none>

TIMING-17#68 Warning
Non-clocked sequential cell  
The clock pin ww/design_1_i/pic16c56_0/inst/A2/frs_reg_reg[2]/C is not reached by a timing clock
Related violations: <none>

TIMING-17#69 Warning
Non-clocked sequential cell  
The clock pin ww/design_1_i/pic16c56_0/inst/A2/frs_reg_reg[3]/C is not reached by a timing clock
Related violations: <none>

TIMING-17#70 Warning
Non-clocked sequential cell  
The clock pin ww/design_1_i/pic16c56_0/inst/A2/frs_reg_reg[4]/C is not reached by a timing clock
Related violations: <none>

TIMING-17#71 Warning
Non-clocked sequential cell  
The clock pin ww/design_1_i/pic16c56_0/inst/A2/frs_reg_reg[5]/C is not reached by a timing clock
Related violations: <none>

TIMING-17#72 Warning
Non-clocked sequential cell  
The clock pin ww/design_1_i/pic16c56_0/inst/A2/frs_reg_reg[6]/C is not reached by a timing clock
Related violations: <none>

TIMING-17#73 Warning
Non-clocked sequential cell  
The clock pin ww/design_1_i/pic16c56_0/inst/A2/frs_reg_reg[7]/C is not reached by a timing clock
Related violations: <none>

TIMING-17#74 Warning
Non-clocked sequential cell  
The clock pin ww/design_1_i/pic16c56_0/inst/A2/pc_reg[0]_P/C is not reached by a timing clock
Related violations: <none>

TIMING-17#75 Warning
Non-clocked sequential cell  
The clock pin ww/design_1_i/pic16c56_0/inst/A2/pc_reg[1]_P/C is not reached by a timing clock
Related violations: <none>

TIMING-17#76 Warning
Non-clocked sequential cell  
The clock pin ww/design_1_i/pic16c56_0/inst/A2/pc_reg[2]_P/C is not reached by a timing clock
Related violations: <none>

TIMING-17#77 Warning
Non-clocked sequential cell  
The clock pin ww/design_1_i/pic16c56_0/inst/A2/pc_reg[3]_P/C is not reached by a timing clock
Related violations: <none>

TIMING-17#78 Warning
Non-clocked sequential cell  
The clock pin ww/design_1_i/pic16c56_0/inst/A2/pc_reg[4]_P/C is not reached by a timing clock
Related violations: <none>

TIMING-17#79 Warning
Non-clocked sequential cell  
The clock pin ww/design_1_i/pic16c56_0/inst/A2/pc_reg[5]_P/C is not reached by a timing clock
Related violations: <none>

TIMING-17#80 Warning
Non-clocked sequential cell  
The clock pin ww/design_1_i/pic16c56_0/inst/A2/pc_reg[6]_P/C is not reached by a timing clock
Related violations: <none>

TIMING-17#81 Warning
Non-clocked sequential cell  
The clock pin ww/design_1_i/pic16c56_0/inst/A2/pc_reg[7]_P/C is not reached by a timing clock
Related violations: <none>

TIMING-17#82 Warning
Non-clocked sequential cell  
The clock pin ww/design_1_i/pic16c56_0/inst/A2/pc_reg[8]_P/C is not reached by a timing clock
Related violations: <none>

TIMING-17#83 Warning
Non-clocked sequential cell  
The clock pin ww/design_1_i/pic16c56_0/inst/A2/pc_reg[9]_P/C is not reached by a timing clock
Related violations: <none>

TIMING-17#84 Warning
Non-clocked sequential cell  
The clock pin ww/design_1_i/pic16c56_0/inst/A2/regfile_reg[10][0]/C is not reached by a timing clock
Related violations: <none>

TIMING-17#85 Warning
Non-clocked sequential cell  
The clock pin ww/design_1_i/pic16c56_0/inst/A2/regfile_reg[10][1]/C is not reached by a timing clock
Related violations: <none>

TIMING-17#86 Warning
Non-clocked sequential cell  
The clock pin ww/design_1_i/pic16c56_0/inst/A2/regfile_reg[10][2]/C is not reached by a timing clock
Related violations: <none>

TIMING-17#87 Warning
Non-clocked sequential cell  
The clock pin ww/design_1_i/pic16c56_0/inst/A2/regfile_reg[10][3]/C is not reached by a timing clock
Related violations: <none>

TIMING-17#88 Warning
Non-clocked sequential cell  
The clock pin ww/design_1_i/pic16c56_0/inst/A2/regfile_reg[10][4]/C is not reached by a timing clock
Related violations: <none>

TIMING-17#89 Warning
Non-clocked sequential cell  
The clock pin ww/design_1_i/pic16c56_0/inst/A2/regfile_reg[10][5]/C is not reached by a timing clock
Related violations: <none>

TIMING-17#90 Warning
Non-clocked sequential cell  
The clock pin ww/design_1_i/pic16c56_0/inst/A2/regfile_reg[10][6]/C is not reached by a timing clock
Related violations: <none>

TIMING-17#91 Warning
Non-clocked sequential cell  
The clock pin ww/design_1_i/pic16c56_0/inst/A2/regfile_reg[10][7]/C is not reached by a timing clock
Related violations: <none>

TIMING-17#92 Warning
Non-clocked sequential cell  
The clock pin ww/design_1_i/pic16c56_0/inst/A2/regfile_reg[11][0]/C is not reached by a timing clock
Related violations: <none>

TIMING-17#93 Warning
Non-clocked sequential cell  
The clock pin ww/design_1_i/pic16c56_0/inst/A2/regfile_reg[11][1]/C is not reached by a timing clock
Related violations: <none>

TIMING-17#94 Warning
Non-clocked sequential cell  
The clock pin ww/design_1_i/pic16c56_0/inst/A2/regfile_reg[11][2]/C is not reached by a timing clock
Related violations: <none>

TIMING-17#95 Warning
Non-clocked sequential cell  
The clock pin ww/design_1_i/pic16c56_0/inst/A2/regfile_reg[11][3]/C is not reached by a timing clock
Related violations: <none>

TIMING-17#96 Warning
Non-clocked sequential cell  
The clock pin ww/design_1_i/pic16c56_0/inst/A2/regfile_reg[11][4]/C is not reached by a timing clock
Related violations: <none>

TIMING-17#97 Warning
Non-clocked sequential cell  
The clock pin ww/design_1_i/pic16c56_0/inst/A2/regfile_reg[11][5]/C is not reached by a timing clock
Related violations: <none>

TIMING-17#98 Warning
Non-clocked sequential cell  
The clock pin ww/design_1_i/pic16c56_0/inst/A2/regfile_reg[11][6]/C is not reached by a timing clock
Related violations: <none>

TIMING-17#99 Warning
Non-clocked sequential cell  
The clock pin ww/design_1_i/pic16c56_0/inst/A2/regfile_reg[11][7]/C is not reached by a timing clock
Related violations: <none>

TIMING-17#100 Warning
Non-clocked sequential cell  
The clock pin ww/design_1_i/pic16c56_0/inst/A2/regfile_reg[12][0]/C is not reached by a timing clock
Related violations: <none>

TIMING-17#101 Warning
Non-clocked sequential cell  
The clock pin ww/design_1_i/pic16c56_0/inst/A2/regfile_reg[12][1]/C is not reached by a timing clock
Related violations: <none>

TIMING-17#102 Warning
Non-clocked sequential cell  
The clock pin ww/design_1_i/pic16c56_0/inst/A2/regfile_reg[12][2]/C is not reached by a timing clock
Related violations: <none>

TIMING-17#103 Warning
Non-clocked sequential cell  
The clock pin ww/design_1_i/pic16c56_0/inst/A2/regfile_reg[12][3]/C is not reached by a timing clock
Related violations: <none>

TIMING-17#104 Warning
Non-clocked sequential cell  
The clock pin ww/design_1_i/pic16c56_0/inst/A2/regfile_reg[12][4]/C is not reached by a timing clock
Related violations: <none>

TIMING-17#105 Warning
Non-clocked sequential cell  
The clock pin ww/design_1_i/pic16c56_0/inst/A2/regfile_reg[12][5]/C is not reached by a timing clock
Related violations: <none>

TIMING-17#106 Warning
Non-clocked sequential cell  
The clock pin ww/design_1_i/pic16c56_0/inst/A2/regfile_reg[12][6]/C is not reached by a timing clock
Related violations: <none>

TIMING-17#107 Warning
Non-clocked sequential cell  
The clock pin ww/design_1_i/pic16c56_0/inst/A2/regfile_reg[12][7]/C is not reached by a timing clock
Related violations: <none>

TIMING-17#108 Warning
Non-clocked sequential cell  
The clock pin ww/design_1_i/pic16c56_0/inst/A2/regfile_reg[13][0]/C is not reached by a timing clock
Related violations: <none>

TIMING-17#109 Warning
Non-clocked sequential cell  
The clock pin ww/design_1_i/pic16c56_0/inst/A2/regfile_reg[13][1]/C is not reached by a timing clock
Related violations: <none>

TIMING-17#110 Warning
Non-clocked sequential cell  
The clock pin ww/design_1_i/pic16c56_0/inst/A2/regfile_reg[13][2]/C is not reached by a timing clock
Related violations: <none>

TIMING-17#111 Warning
Non-clocked sequential cell  
The clock pin ww/design_1_i/pic16c56_0/inst/A2/regfile_reg[13][3]/C is not reached by a timing clock
Related violations: <none>

TIMING-17#112 Warning
Non-clocked sequential cell  
The clock pin ww/design_1_i/pic16c56_0/inst/A2/regfile_reg[13][4]/C is not reached by a timing clock
Related violations: <none>

TIMING-17#113 Warning
Non-clocked sequential cell  
The clock pin ww/design_1_i/pic16c56_0/inst/A2/regfile_reg[13][5]/C is not reached by a timing clock
Related violations: <none>

TIMING-17#114 Warning
Non-clocked sequential cell  
The clock pin ww/design_1_i/pic16c56_0/inst/A2/regfile_reg[13][6]/C is not reached by a timing clock
Related violations: <none>

TIMING-17#115 Warning
Non-clocked sequential cell  
The clock pin ww/design_1_i/pic16c56_0/inst/A2/regfile_reg[13][7]/C is not reached by a timing clock
Related violations: <none>

TIMING-17#116 Warning
Non-clocked sequential cell  
The clock pin ww/design_1_i/pic16c56_0/inst/A2/regfile_reg[14][0]/C is not reached by a timing clock
Related violations: <none>

TIMING-17#117 Warning
Non-clocked sequential cell  
The clock pin ww/design_1_i/pic16c56_0/inst/A2/regfile_reg[14][1]/C is not reached by a timing clock
Related violations: <none>

TIMING-17#118 Warning
Non-clocked sequential cell  
The clock pin ww/design_1_i/pic16c56_0/inst/A2/regfile_reg[14][2]/C is not reached by a timing clock
Related violations: <none>

TIMING-17#119 Warning
Non-clocked sequential cell  
The clock pin ww/design_1_i/pic16c56_0/inst/A2/regfile_reg[14][3]/C is not reached by a timing clock
Related violations: <none>

TIMING-17#120 Warning
Non-clocked sequential cell  
The clock pin ww/design_1_i/pic16c56_0/inst/A2/regfile_reg[14][4]/C is not reached by a timing clock
Related violations: <none>

TIMING-17#121 Warning
Non-clocked sequential cell  
The clock pin ww/design_1_i/pic16c56_0/inst/A2/regfile_reg[14][5]/C is not reached by a timing clock
Related violations: <none>

TIMING-17#122 Warning
Non-clocked sequential cell  
The clock pin ww/design_1_i/pic16c56_0/inst/A2/regfile_reg[14][6]/C is not reached by a timing clock
Related violations: <none>

TIMING-17#123 Warning
Non-clocked sequential cell  
The clock pin ww/design_1_i/pic16c56_0/inst/A2/regfile_reg[14][7]/C is not reached by a timing clock
Related violations: <none>

TIMING-17#124 Warning
Non-clocked sequential cell  
The clock pin ww/design_1_i/pic16c56_0/inst/A2/regfile_reg[15][0]/C is not reached by a timing clock
Related violations: <none>

TIMING-17#125 Warning
Non-clocked sequential cell  
The clock pin ww/design_1_i/pic16c56_0/inst/A2/regfile_reg[15][1]/C is not reached by a timing clock
Related violations: <none>

TIMING-17#126 Warning
Non-clocked sequential cell  
The clock pin ww/design_1_i/pic16c56_0/inst/A2/regfile_reg[15][2]/C is not reached by a timing clock
Related violations: <none>

TIMING-17#127 Warning
Non-clocked sequential cell  
The clock pin ww/design_1_i/pic16c56_0/inst/A2/regfile_reg[15][3]/C is not reached by a timing clock
Related violations: <none>

TIMING-17#128 Warning
Non-clocked sequential cell  
The clock pin ww/design_1_i/pic16c56_0/inst/A2/regfile_reg[15][4]/C is not reached by a timing clock
Related violations: <none>

TIMING-17#129 Warning
Non-clocked sequential cell  
The clock pin ww/design_1_i/pic16c56_0/inst/A2/regfile_reg[15][5]/C is not reached by a timing clock
Related violations: <none>

TIMING-17#130 Warning
Non-clocked sequential cell  
The clock pin ww/design_1_i/pic16c56_0/inst/A2/regfile_reg[15][6]/C is not reached by a timing clock
Related violations: <none>

TIMING-17#131 Warning
Non-clocked sequential cell  
The clock pin ww/design_1_i/pic16c56_0/inst/A2/regfile_reg[15][7]/C is not reached by a timing clock
Related violations: <none>

TIMING-17#132 Warning
Non-clocked sequential cell  
The clock pin ww/design_1_i/pic16c56_0/inst/A2/regfile_reg[16][0]/C is not reached by a timing clock
Related violations: <none>

TIMING-17#133 Warning
Non-clocked sequential cell  
The clock pin ww/design_1_i/pic16c56_0/inst/A2/regfile_reg[16][1]/C is not reached by a timing clock
Related violations: <none>

TIMING-17#134 Warning
Non-clocked sequential cell  
The clock pin ww/design_1_i/pic16c56_0/inst/A2/regfile_reg[16][2]/C is not reached by a timing clock
Related violations: <none>

TIMING-17#135 Warning
Non-clocked sequential cell  
The clock pin ww/design_1_i/pic16c56_0/inst/A2/regfile_reg[16][3]/C is not reached by a timing clock
Related violations: <none>

TIMING-17#136 Warning
Non-clocked sequential cell  
The clock pin ww/design_1_i/pic16c56_0/inst/A2/regfile_reg[16][4]/C is not reached by a timing clock
Related violations: <none>

TIMING-17#137 Warning
Non-clocked sequential cell  
The clock pin ww/design_1_i/pic16c56_0/inst/A2/regfile_reg[16][5]/C is not reached by a timing clock
Related violations: <none>

TIMING-17#138 Warning
Non-clocked sequential cell  
The clock pin ww/design_1_i/pic16c56_0/inst/A2/regfile_reg[16][6]/C is not reached by a timing clock
Related violations: <none>

TIMING-17#139 Warning
Non-clocked sequential cell  
The clock pin ww/design_1_i/pic16c56_0/inst/A2/regfile_reg[16][7]/C is not reached by a timing clock
Related violations: <none>

TIMING-17#140 Warning
Non-clocked sequential cell  
The clock pin ww/design_1_i/pic16c56_0/inst/A2/regfile_reg[17][0]/C is not reached by a timing clock
Related violations: <none>

TIMING-17#141 Warning
Non-clocked sequential cell  
The clock pin ww/design_1_i/pic16c56_0/inst/A2/regfile_reg[17][1]/C is not reached by a timing clock
Related violations: <none>

TIMING-17#142 Warning
Non-clocked sequential cell  
The clock pin ww/design_1_i/pic16c56_0/inst/A2/regfile_reg[17][2]/C is not reached by a timing clock
Related violations: <none>

TIMING-17#143 Warning
Non-clocked sequential cell  
The clock pin ww/design_1_i/pic16c56_0/inst/A2/regfile_reg[17][3]/C is not reached by a timing clock
Related violations: <none>

TIMING-17#144 Warning
Non-clocked sequential cell  
The clock pin ww/design_1_i/pic16c56_0/inst/A2/regfile_reg[17][4]/C is not reached by a timing clock
Related violations: <none>

TIMING-17#145 Warning
Non-clocked sequential cell  
The clock pin ww/design_1_i/pic16c56_0/inst/A2/regfile_reg[17][5]/C is not reached by a timing clock
Related violations: <none>

TIMING-17#146 Warning
Non-clocked sequential cell  
The clock pin ww/design_1_i/pic16c56_0/inst/A2/regfile_reg[17][6]/C is not reached by a timing clock
Related violations: <none>

TIMING-17#147 Warning
Non-clocked sequential cell  
The clock pin ww/design_1_i/pic16c56_0/inst/A2/regfile_reg[17][7]/C is not reached by a timing clock
Related violations: <none>

TIMING-17#148 Warning
Non-clocked sequential cell  
The clock pin ww/design_1_i/pic16c56_0/inst/A2/regfile_reg[18][0]/C is not reached by a timing clock
Related violations: <none>

TIMING-17#149 Warning
Non-clocked sequential cell  
The clock pin ww/design_1_i/pic16c56_0/inst/A2/regfile_reg[18][1]/C is not reached by a timing clock
Related violations: <none>

TIMING-17#150 Warning
Non-clocked sequential cell  
The clock pin ww/design_1_i/pic16c56_0/inst/A2/regfile_reg[18][2]/C is not reached by a timing clock
Related violations: <none>

TIMING-17#151 Warning
Non-clocked sequential cell  
The clock pin ww/design_1_i/pic16c56_0/inst/A2/regfile_reg[18][3]/C is not reached by a timing clock
Related violations: <none>

TIMING-17#152 Warning
Non-clocked sequential cell  
The clock pin ww/design_1_i/pic16c56_0/inst/A2/regfile_reg[18][4]/C is not reached by a timing clock
Related violations: <none>

TIMING-17#153 Warning
Non-clocked sequential cell  
The clock pin ww/design_1_i/pic16c56_0/inst/A2/regfile_reg[18][5]/C is not reached by a timing clock
Related violations: <none>

TIMING-17#154 Warning
Non-clocked sequential cell  
The clock pin ww/design_1_i/pic16c56_0/inst/A2/regfile_reg[18][6]/C is not reached by a timing clock
Related violations: <none>

TIMING-17#155 Warning
Non-clocked sequential cell  
The clock pin ww/design_1_i/pic16c56_0/inst/A2/regfile_reg[18][7]/C is not reached by a timing clock
Related violations: <none>

TIMING-17#156 Warning
Non-clocked sequential cell  
The clock pin ww/design_1_i/pic16c56_0/inst/A2/regfile_reg[19][0]/C is not reached by a timing clock
Related violations: <none>

TIMING-17#157 Warning
Non-clocked sequential cell  
The clock pin ww/design_1_i/pic16c56_0/inst/A2/regfile_reg[19][1]/C is not reached by a timing clock
Related violations: <none>

TIMING-17#158 Warning
Non-clocked sequential cell  
The clock pin ww/design_1_i/pic16c56_0/inst/A2/regfile_reg[19][2]/C is not reached by a timing clock
Related violations: <none>

TIMING-17#159 Warning
Non-clocked sequential cell  
The clock pin ww/design_1_i/pic16c56_0/inst/A2/regfile_reg[19][3]/C is not reached by a timing clock
Related violations: <none>

TIMING-17#160 Warning
Non-clocked sequential cell  
The clock pin ww/design_1_i/pic16c56_0/inst/A2/regfile_reg[19][4]/C is not reached by a timing clock
Related violations: <none>

TIMING-17#161 Warning
Non-clocked sequential cell  
The clock pin ww/design_1_i/pic16c56_0/inst/A2/regfile_reg[19][5]/C is not reached by a timing clock
Related violations: <none>

TIMING-17#162 Warning
Non-clocked sequential cell  
The clock pin ww/design_1_i/pic16c56_0/inst/A2/regfile_reg[19][6]/C is not reached by a timing clock
Related violations: <none>

TIMING-17#163 Warning
Non-clocked sequential cell  
The clock pin ww/design_1_i/pic16c56_0/inst/A2/regfile_reg[19][7]/C is not reached by a timing clock
Related violations: <none>

TIMING-17#164 Warning
Non-clocked sequential cell  
The clock pin ww/design_1_i/pic16c56_0/inst/A2/regfile_reg[20][0]/C is not reached by a timing clock
Related violations: <none>

TIMING-17#165 Warning
Non-clocked sequential cell  
The clock pin ww/design_1_i/pic16c56_0/inst/A2/regfile_reg[20][1]/C is not reached by a timing clock
Related violations: <none>

TIMING-17#166 Warning
Non-clocked sequential cell  
The clock pin ww/design_1_i/pic16c56_0/inst/A2/regfile_reg[20][2]/C is not reached by a timing clock
Related violations: <none>

TIMING-17#167 Warning
Non-clocked sequential cell  
The clock pin ww/design_1_i/pic16c56_0/inst/A2/regfile_reg[20][3]/C is not reached by a timing clock
Related violations: <none>

TIMING-17#168 Warning
Non-clocked sequential cell  
The clock pin ww/design_1_i/pic16c56_0/inst/A2/regfile_reg[20][4]/C is not reached by a timing clock
Related violations: <none>

TIMING-17#169 Warning
Non-clocked sequential cell  
The clock pin ww/design_1_i/pic16c56_0/inst/A2/regfile_reg[20][5]/C is not reached by a timing clock
Related violations: <none>

TIMING-17#170 Warning
Non-clocked sequential cell  
The clock pin ww/design_1_i/pic16c56_0/inst/A2/regfile_reg[20][6]/C is not reached by a timing clock
Related violations: <none>

TIMING-17#171 Warning
Non-clocked sequential cell  
The clock pin ww/design_1_i/pic16c56_0/inst/A2/regfile_reg[20][7]/C is not reached by a timing clock
Related violations: <none>

TIMING-17#172 Warning
Non-clocked sequential cell  
The clock pin ww/design_1_i/pic16c56_0/inst/A2/regfile_reg[21][0]/C is not reached by a timing clock
Related violations: <none>

TIMING-17#173 Warning
Non-clocked sequential cell  
The clock pin ww/design_1_i/pic16c56_0/inst/A2/regfile_reg[21][1]/C is not reached by a timing clock
Related violations: <none>

TIMING-17#174 Warning
Non-clocked sequential cell  
The clock pin ww/design_1_i/pic16c56_0/inst/A2/regfile_reg[21][2]/C is not reached by a timing clock
Related violations: <none>

TIMING-17#175 Warning
Non-clocked sequential cell  
The clock pin ww/design_1_i/pic16c56_0/inst/A2/regfile_reg[21][3]/C is not reached by a timing clock
Related violations: <none>

TIMING-17#176 Warning
Non-clocked sequential cell  
The clock pin ww/design_1_i/pic16c56_0/inst/A2/regfile_reg[21][4]/C is not reached by a timing clock
Related violations: <none>

TIMING-17#177 Warning
Non-clocked sequential cell  
The clock pin ww/design_1_i/pic16c56_0/inst/A2/regfile_reg[21][5]/C is not reached by a timing clock
Related violations: <none>

TIMING-17#178 Warning
Non-clocked sequential cell  
The clock pin ww/design_1_i/pic16c56_0/inst/A2/regfile_reg[21][6]/C is not reached by a timing clock
Related violations: <none>

TIMING-17#179 Warning
Non-clocked sequential cell  
The clock pin ww/design_1_i/pic16c56_0/inst/A2/regfile_reg[21][7]/C is not reached by a timing clock
Related violations: <none>

TIMING-17#180 Warning
Non-clocked sequential cell  
The clock pin ww/design_1_i/pic16c56_0/inst/A2/regfile_reg[22][0]/C is not reached by a timing clock
Related violations: <none>

TIMING-17#181 Warning
Non-clocked sequential cell  
The clock pin ww/design_1_i/pic16c56_0/inst/A2/regfile_reg[22][1]/C is not reached by a timing clock
Related violations: <none>

TIMING-17#182 Warning
Non-clocked sequential cell  
The clock pin ww/design_1_i/pic16c56_0/inst/A2/regfile_reg[22][2]/C is not reached by a timing clock
Related violations: <none>

TIMING-17#183 Warning
Non-clocked sequential cell  
The clock pin ww/design_1_i/pic16c56_0/inst/A2/regfile_reg[22][3]/C is not reached by a timing clock
Related violations: <none>

TIMING-17#184 Warning
Non-clocked sequential cell  
The clock pin ww/design_1_i/pic16c56_0/inst/A2/regfile_reg[22][4]/C is not reached by a timing clock
Related violations: <none>

TIMING-17#185 Warning
Non-clocked sequential cell  
The clock pin ww/design_1_i/pic16c56_0/inst/A2/regfile_reg[22][5]/C is not reached by a timing clock
Related violations: <none>

TIMING-17#186 Warning
Non-clocked sequential cell  
The clock pin ww/design_1_i/pic16c56_0/inst/A2/regfile_reg[22][6]/C is not reached by a timing clock
Related violations: <none>

TIMING-17#187 Warning
Non-clocked sequential cell  
The clock pin ww/design_1_i/pic16c56_0/inst/A2/regfile_reg[22][7]/C is not reached by a timing clock
Related violations: <none>

TIMING-17#188 Warning
Non-clocked sequential cell  
The clock pin ww/design_1_i/pic16c56_0/inst/A2/regfile_reg[23][0]/C is not reached by a timing clock
Related violations: <none>

TIMING-17#189 Warning
Non-clocked sequential cell  
The clock pin ww/design_1_i/pic16c56_0/inst/A2/regfile_reg[23][1]/C is not reached by a timing clock
Related violations: <none>

TIMING-17#190 Warning
Non-clocked sequential cell  
The clock pin ww/design_1_i/pic16c56_0/inst/A2/regfile_reg[23][2]/C is not reached by a timing clock
Related violations: <none>

TIMING-17#191 Warning
Non-clocked sequential cell  
The clock pin ww/design_1_i/pic16c56_0/inst/A2/regfile_reg[23][3]/C is not reached by a timing clock
Related violations: <none>

TIMING-17#192 Warning
Non-clocked sequential cell  
The clock pin ww/design_1_i/pic16c56_0/inst/A2/regfile_reg[23][4]/C is not reached by a timing clock
Related violations: <none>

TIMING-17#193 Warning
Non-clocked sequential cell  
The clock pin ww/design_1_i/pic16c56_0/inst/A2/regfile_reg[23][5]/C is not reached by a timing clock
Related violations: <none>

TIMING-17#194 Warning
Non-clocked sequential cell  
The clock pin ww/design_1_i/pic16c56_0/inst/A2/regfile_reg[23][6]/C is not reached by a timing clock
Related violations: <none>

TIMING-17#195 Warning
Non-clocked sequential cell  
The clock pin ww/design_1_i/pic16c56_0/inst/A2/regfile_reg[23][7]/C is not reached by a timing clock
Related violations: <none>

TIMING-17#196 Warning
Non-clocked sequential cell  
The clock pin ww/design_1_i/pic16c56_0/inst/A2/regfile_reg[24][0]/C is not reached by a timing clock
Related violations: <none>

TIMING-17#197 Warning
Non-clocked sequential cell  
The clock pin ww/design_1_i/pic16c56_0/inst/A2/regfile_reg[24][1]/C is not reached by a timing clock
Related violations: <none>

TIMING-17#198 Warning
Non-clocked sequential cell  
The clock pin ww/design_1_i/pic16c56_0/inst/A2/regfile_reg[24][2]/C is not reached by a timing clock
Related violations: <none>

TIMING-17#199 Warning
Non-clocked sequential cell  
The clock pin ww/design_1_i/pic16c56_0/inst/A2/regfile_reg[24][3]/C is not reached by a timing clock
Related violations: <none>

TIMING-17#200 Warning
Non-clocked sequential cell  
The clock pin ww/design_1_i/pic16c56_0/inst/A2/regfile_reg[24][4]/C is not reached by a timing clock
Related violations: <none>

TIMING-17#201 Warning
Non-clocked sequential cell  
The clock pin ww/design_1_i/pic16c56_0/inst/A2/regfile_reg[24][5]/C is not reached by a timing clock
Related violations: <none>

TIMING-17#202 Warning
Non-clocked sequential cell  
The clock pin ww/design_1_i/pic16c56_0/inst/A2/regfile_reg[24][6]/C is not reached by a timing clock
Related violations: <none>

TIMING-17#203 Warning
Non-clocked sequential cell  
The clock pin ww/design_1_i/pic16c56_0/inst/A2/regfile_reg[24][7]/C is not reached by a timing clock
Related violations: <none>

TIMING-17#204 Warning
Non-clocked sequential cell  
The clock pin ww/design_1_i/pic16c56_0/inst/A2/regfile_reg[25][0]/C is not reached by a timing clock
Related violations: <none>

TIMING-17#205 Warning
Non-clocked sequential cell  
The clock pin ww/design_1_i/pic16c56_0/inst/A2/regfile_reg[25][1]/C is not reached by a timing clock
Related violations: <none>

TIMING-17#206 Warning
Non-clocked sequential cell  
The clock pin ww/design_1_i/pic16c56_0/inst/A2/regfile_reg[25][2]/C is not reached by a timing clock
Related violations: <none>

TIMING-17#207 Warning
Non-clocked sequential cell  
The clock pin ww/design_1_i/pic16c56_0/inst/A2/regfile_reg[25][3]/C is not reached by a timing clock
Related violations: <none>

TIMING-17#208 Warning
Non-clocked sequential cell  
The clock pin ww/design_1_i/pic16c56_0/inst/A2/regfile_reg[25][4]/C is not reached by a timing clock
Related violations: <none>

TIMING-17#209 Warning
Non-clocked sequential cell  
The clock pin ww/design_1_i/pic16c56_0/inst/A2/regfile_reg[25][5]/C is not reached by a timing clock
Related violations: <none>

TIMING-17#210 Warning
Non-clocked sequential cell  
The clock pin ww/design_1_i/pic16c56_0/inst/A2/regfile_reg[25][6]/C is not reached by a timing clock
Related violations: <none>

TIMING-17#211 Warning
Non-clocked sequential cell  
The clock pin ww/design_1_i/pic16c56_0/inst/A2/regfile_reg[25][7]/C is not reached by a timing clock
Related violations: <none>

TIMING-17#212 Warning
Non-clocked sequential cell  
The clock pin ww/design_1_i/pic16c56_0/inst/A2/regfile_reg[26][0]/C is not reached by a timing clock
Related violations: <none>

TIMING-17#213 Warning
Non-clocked sequential cell  
The clock pin ww/design_1_i/pic16c56_0/inst/A2/regfile_reg[26][1]/C is not reached by a timing clock
Related violations: <none>

TIMING-17#214 Warning
Non-clocked sequential cell  
The clock pin ww/design_1_i/pic16c56_0/inst/A2/regfile_reg[26][2]/C is not reached by a timing clock
Related violations: <none>

TIMING-17#215 Warning
Non-clocked sequential cell  
The clock pin ww/design_1_i/pic16c56_0/inst/A2/regfile_reg[26][3]/C is not reached by a timing clock
Related violations: <none>

TIMING-17#216 Warning
Non-clocked sequential cell  
The clock pin ww/design_1_i/pic16c56_0/inst/A2/regfile_reg[26][4]/C is not reached by a timing clock
Related violations: <none>

TIMING-17#217 Warning
Non-clocked sequential cell  
The clock pin ww/design_1_i/pic16c56_0/inst/A2/regfile_reg[26][5]/C is not reached by a timing clock
Related violations: <none>

TIMING-17#218 Warning
Non-clocked sequential cell  
The clock pin ww/design_1_i/pic16c56_0/inst/A2/regfile_reg[26][6]/C is not reached by a timing clock
Related violations: <none>

TIMING-17#219 Warning
Non-clocked sequential cell  
The clock pin ww/design_1_i/pic16c56_0/inst/A2/regfile_reg[26][7]/C is not reached by a timing clock
Related violations: <none>

TIMING-17#220 Warning
Non-clocked sequential cell  
The clock pin ww/design_1_i/pic16c56_0/inst/A2/regfile_reg[27][0]/C is not reached by a timing clock
Related violations: <none>

TIMING-17#221 Warning
Non-clocked sequential cell  
The clock pin ww/design_1_i/pic16c56_0/inst/A2/regfile_reg[27][1]/C is not reached by a timing clock
Related violations: <none>

TIMING-17#222 Warning
Non-clocked sequential cell  
The clock pin ww/design_1_i/pic16c56_0/inst/A2/regfile_reg[27][2]/C is not reached by a timing clock
Related violations: <none>

TIMING-17#223 Warning
Non-clocked sequential cell  
The clock pin ww/design_1_i/pic16c56_0/inst/A2/regfile_reg[27][3]/C is not reached by a timing clock
Related violations: <none>

TIMING-17#224 Warning
Non-clocked sequential cell  
The clock pin ww/design_1_i/pic16c56_0/inst/A2/regfile_reg[27][4]/C is not reached by a timing clock
Related violations: <none>

TIMING-17#225 Warning
Non-clocked sequential cell  
The clock pin ww/design_1_i/pic16c56_0/inst/A2/regfile_reg[27][5]/C is not reached by a timing clock
Related violations: <none>

TIMING-17#226 Warning
Non-clocked sequential cell  
The clock pin ww/design_1_i/pic16c56_0/inst/A2/regfile_reg[27][6]/C is not reached by a timing clock
Related violations: <none>

TIMING-17#227 Warning
Non-clocked sequential cell  
The clock pin ww/design_1_i/pic16c56_0/inst/A2/regfile_reg[27][7]/C is not reached by a timing clock
Related violations: <none>

TIMING-17#228 Warning
Non-clocked sequential cell  
The clock pin ww/design_1_i/pic16c56_0/inst/A2/regfile_reg[28][0]/C is not reached by a timing clock
Related violations: <none>

TIMING-17#229 Warning
Non-clocked sequential cell  
The clock pin ww/design_1_i/pic16c56_0/inst/A2/regfile_reg[28][1]/C is not reached by a timing clock
Related violations: <none>

TIMING-17#230 Warning
Non-clocked sequential cell  
The clock pin ww/design_1_i/pic16c56_0/inst/A2/regfile_reg[28][2]/C is not reached by a timing clock
Related violations: <none>

TIMING-17#231 Warning
Non-clocked sequential cell  
The clock pin ww/design_1_i/pic16c56_0/inst/A2/regfile_reg[28][3]/C is not reached by a timing clock
Related violations: <none>

TIMING-17#232 Warning
Non-clocked sequential cell  
The clock pin ww/design_1_i/pic16c56_0/inst/A2/regfile_reg[28][4]/C is not reached by a timing clock
Related violations: <none>

TIMING-17#233 Warning
Non-clocked sequential cell  
The clock pin ww/design_1_i/pic16c56_0/inst/A2/regfile_reg[28][5]/C is not reached by a timing clock
Related violations: <none>

TIMING-17#234 Warning
Non-clocked sequential cell  
The clock pin ww/design_1_i/pic16c56_0/inst/A2/regfile_reg[28][6]/C is not reached by a timing clock
Related violations: <none>

TIMING-17#235 Warning
Non-clocked sequential cell  
The clock pin ww/design_1_i/pic16c56_0/inst/A2/regfile_reg[28][7]/C is not reached by a timing clock
Related violations: <none>

TIMING-17#236 Warning
Non-clocked sequential cell  
The clock pin ww/design_1_i/pic16c56_0/inst/A2/regfile_reg[29][0]/C is not reached by a timing clock
Related violations: <none>

TIMING-17#237 Warning
Non-clocked sequential cell  
The clock pin ww/design_1_i/pic16c56_0/inst/A2/regfile_reg[29][1]/C is not reached by a timing clock
Related violations: <none>

TIMING-17#238 Warning
Non-clocked sequential cell  
The clock pin ww/design_1_i/pic16c56_0/inst/A2/regfile_reg[29][2]/C is not reached by a timing clock
Related violations: <none>

TIMING-17#239 Warning
Non-clocked sequential cell  
The clock pin ww/design_1_i/pic16c56_0/inst/A2/regfile_reg[29][3]/C is not reached by a timing clock
Related violations: <none>

TIMING-17#240 Warning
Non-clocked sequential cell  
The clock pin ww/design_1_i/pic16c56_0/inst/A2/regfile_reg[29][4]/C is not reached by a timing clock
Related violations: <none>

TIMING-17#241 Warning
Non-clocked sequential cell  
The clock pin ww/design_1_i/pic16c56_0/inst/A2/regfile_reg[29][5]/C is not reached by a timing clock
Related violations: <none>

TIMING-17#242 Warning
Non-clocked sequential cell  
The clock pin ww/design_1_i/pic16c56_0/inst/A2/regfile_reg[29][6]/C is not reached by a timing clock
Related violations: <none>

TIMING-17#243 Warning
Non-clocked sequential cell  
The clock pin ww/design_1_i/pic16c56_0/inst/A2/regfile_reg[29][7]/C is not reached by a timing clock
Related violations: <none>

TIMING-17#244 Warning
Non-clocked sequential cell  
The clock pin ww/design_1_i/pic16c56_0/inst/A2/regfile_reg[30][0]/C is not reached by a timing clock
Related violations: <none>

TIMING-17#245 Warning
Non-clocked sequential cell  
The clock pin ww/design_1_i/pic16c56_0/inst/A2/regfile_reg[30][1]/C is not reached by a timing clock
Related violations: <none>

TIMING-17#246 Warning
Non-clocked sequential cell  
The clock pin ww/design_1_i/pic16c56_0/inst/A2/regfile_reg[30][2]/C is not reached by a timing clock
Related violations: <none>

TIMING-17#247 Warning
Non-clocked sequential cell  
The clock pin ww/design_1_i/pic16c56_0/inst/A2/regfile_reg[30][3]/C is not reached by a timing clock
Related violations: <none>

TIMING-17#248 Warning
Non-clocked sequential cell  
The clock pin ww/design_1_i/pic16c56_0/inst/A2/regfile_reg[30][4]/C is not reached by a timing clock
Related violations: <none>

TIMING-17#249 Warning
Non-clocked sequential cell  
The clock pin ww/design_1_i/pic16c56_0/inst/A2/regfile_reg[30][5]/C is not reached by a timing clock
Related violations: <none>

TIMING-17#250 Warning
Non-clocked sequential cell  
The clock pin ww/design_1_i/pic16c56_0/inst/A2/regfile_reg[30][6]/C is not reached by a timing clock
Related violations: <none>

TIMING-17#251 Warning
Non-clocked sequential cell  
The clock pin ww/design_1_i/pic16c56_0/inst/A2/regfile_reg[30][7]/C is not reached by a timing clock
Related violations: <none>

TIMING-17#252 Warning
Non-clocked sequential cell  
The clock pin ww/design_1_i/pic16c56_0/inst/A2/regfile_reg[31][0]/C is not reached by a timing clock
Related violations: <none>

TIMING-17#253 Warning
Non-clocked sequential cell  
The clock pin ww/design_1_i/pic16c56_0/inst/A2/regfile_reg[31][1]/C is not reached by a timing clock
Related violations: <none>

TIMING-17#254 Warning
Non-clocked sequential cell  
The clock pin ww/design_1_i/pic16c56_0/inst/A2/regfile_reg[31][2]/C is not reached by a timing clock
Related violations: <none>

TIMING-17#255 Warning
Non-clocked sequential cell  
The clock pin ww/design_1_i/pic16c56_0/inst/A2/regfile_reg[31][3]/C is not reached by a timing clock
Related violations: <none>

TIMING-17#256 Warning
Non-clocked sequential cell  
The clock pin ww/design_1_i/pic16c56_0/inst/A2/regfile_reg[31][4]/C is not reached by a timing clock
Related violations: <none>

TIMING-17#257 Warning
Non-clocked sequential cell  
The clock pin ww/design_1_i/pic16c56_0/inst/A2/regfile_reg[31][5]/C is not reached by a timing clock
Related violations: <none>

TIMING-17#258 Warning
Non-clocked sequential cell  
The clock pin ww/design_1_i/pic16c56_0/inst/A2/regfile_reg[31][6]/C is not reached by a timing clock
Related violations: <none>

TIMING-17#259 Warning
Non-clocked sequential cell  
The clock pin ww/design_1_i/pic16c56_0/inst/A2/regfile_reg[31][7]/C is not reached by a timing clock
Related violations: <none>

TIMING-17#260 Warning
Non-clocked sequential cell  
The clock pin ww/design_1_i/pic16c56_0/inst/A2/regfile_reg[7][0]/C is not reached by a timing clock
Related violations: <none>

TIMING-17#261 Warning
Non-clocked sequential cell  
The clock pin ww/design_1_i/pic16c56_0/inst/A2/regfile_reg[7][1]/C is not reached by a timing clock
Related violations: <none>

TIMING-17#262 Warning
Non-clocked sequential cell  
The clock pin ww/design_1_i/pic16c56_0/inst/A2/regfile_reg[7][2]/C is not reached by a timing clock
Related violations: <none>

TIMING-17#263 Warning
Non-clocked sequential cell  
The clock pin ww/design_1_i/pic16c56_0/inst/A2/regfile_reg[7][3]/C is not reached by a timing clock
Related violations: <none>

TIMING-17#264 Warning
Non-clocked sequential cell  
The clock pin ww/design_1_i/pic16c56_0/inst/A2/regfile_reg[7][4]/C is not reached by a timing clock
Related violations: <none>

TIMING-17#265 Warning
Non-clocked sequential cell  
The clock pin ww/design_1_i/pic16c56_0/inst/A2/regfile_reg[7][5]/C is not reached by a timing clock
Related violations: <none>

TIMING-17#266 Warning
Non-clocked sequential cell  
The clock pin ww/design_1_i/pic16c56_0/inst/A2/regfile_reg[7][6]/C is not reached by a timing clock
Related violations: <none>

TIMING-17#267 Warning
Non-clocked sequential cell  
The clock pin ww/design_1_i/pic16c56_0/inst/A2/regfile_reg[7][7]/C is not reached by a timing clock
Related violations: <none>

TIMING-17#268 Warning
Non-clocked sequential cell  
The clock pin ww/design_1_i/pic16c56_0/inst/A2/regfile_reg[8][0]/C is not reached by a timing clock
Related violations: <none>

TIMING-17#269 Warning
Non-clocked sequential cell  
The clock pin ww/design_1_i/pic16c56_0/inst/A2/regfile_reg[8][1]/C is not reached by a timing clock
Related violations: <none>

TIMING-17#270 Warning
Non-clocked sequential cell  
The clock pin ww/design_1_i/pic16c56_0/inst/A2/regfile_reg[8][2]/C is not reached by a timing clock
Related violations: <none>

TIMING-17#271 Warning
Non-clocked sequential cell  
The clock pin ww/design_1_i/pic16c56_0/inst/A2/regfile_reg[8][3]/C is not reached by a timing clock
Related violations: <none>

TIMING-17#272 Warning
Non-clocked sequential cell  
The clock pin ww/design_1_i/pic16c56_0/inst/A2/regfile_reg[8][4]/C is not reached by a timing clock
Related violations: <none>

TIMING-17#273 Warning
Non-clocked sequential cell  
The clock pin ww/design_1_i/pic16c56_0/inst/A2/regfile_reg[8][5]/C is not reached by a timing clock
Related violations: <none>

TIMING-17#274 Warning
Non-clocked sequential cell  
The clock pin ww/design_1_i/pic16c56_0/inst/A2/regfile_reg[8][6]/C is not reached by a timing clock
Related violations: <none>

TIMING-17#275 Warning
Non-clocked sequential cell  
The clock pin ww/design_1_i/pic16c56_0/inst/A2/regfile_reg[8][7]/C is not reached by a timing clock
Related violations: <none>

TIMING-17#276 Warning
Non-clocked sequential cell  
The clock pin ww/design_1_i/pic16c56_0/inst/A2/regfile_reg[9][0]/C is not reached by a timing clock
Related violations: <none>

TIMING-17#277 Warning
Non-clocked sequential cell  
The clock pin ww/design_1_i/pic16c56_0/inst/A2/regfile_reg[9][1]/C is not reached by a timing clock
Related violations: <none>

TIMING-17#278 Warning
Non-clocked sequential cell  
The clock pin ww/design_1_i/pic16c56_0/inst/A2/regfile_reg[9][2]/C is not reached by a timing clock
Related violations: <none>

TIMING-17#279 Warning
Non-clocked sequential cell  
The clock pin ww/design_1_i/pic16c56_0/inst/A2/regfile_reg[9][3]/C is not reached by a timing clock
Related violations: <none>

TIMING-17#280 Warning
Non-clocked sequential cell  
The clock pin ww/design_1_i/pic16c56_0/inst/A2/regfile_reg[9][4]/C is not reached by a timing clock
Related violations: <none>

TIMING-17#281 Warning
Non-clocked sequential cell  
The clock pin ww/design_1_i/pic16c56_0/inst/A2/regfile_reg[9][5]/C is not reached by a timing clock
Related violations: <none>

TIMING-17#282 Warning
Non-clocked sequential cell  
The clock pin ww/design_1_i/pic16c56_0/inst/A2/regfile_reg[9][6]/C is not reached by a timing clock
Related violations: <none>

TIMING-17#283 Warning
Non-clocked sequential cell  
The clock pin ww/design_1_i/pic16c56_0/inst/A2/regfile_reg[9][7]/C is not reached by a timing clock
Related violations: <none>

TIMING-17#284 Warning
Non-clocked sequential cell  
The clock pin ww/design_1_i/pic16c56_0/inst/A2/rtccount_reg[0]/C is not reached by a timing clock
Related violations: <none>

TIMING-17#285 Warning
Non-clocked sequential cell  
The clock pin ww/design_1_i/pic16c56_0/inst/A2/rtccount_reg[1]/C is not reached by a timing clock
Related violations: <none>

TIMING-17#286 Warning
Non-clocked sequential cell  
The clock pin ww/design_1_i/pic16c56_0/inst/A2/rtccount_reg[2]/C is not reached by a timing clock
Related violations: <none>

TIMING-17#287 Warning
Non-clocked sequential cell  
The clock pin ww/design_1_i/pic16c56_0/inst/A2/rtccount_reg[3]/C is not reached by a timing clock
Related violations: <none>

TIMING-17#288 Warning
Non-clocked sequential cell  
The clock pin ww/design_1_i/pic16c56_0/inst/A2/rtccount_reg[4]/C is not reached by a timing clock
Related violations: <none>

TIMING-17#289 Warning
Non-clocked sequential cell  
The clock pin ww/design_1_i/pic16c56_0/inst/A2/rtccount_reg[5]/C is not reached by a timing clock
Related violations: <none>

TIMING-17#290 Warning
Non-clocked sequential cell  
The clock pin ww/design_1_i/pic16c56_0/inst/A2/rtccount_reg[6]/C is not reached by a timing clock
Related violations: <none>

TIMING-17#291 Warning
Non-clocked sequential cell  
The clock pin ww/design_1_i/pic16c56_0/inst/A2/rtccount_reg[7]/C is not reached by a timing clock
Related violations: <none>

TIMING-17#292 Warning
Non-clocked sequential cell  
The clock pin ww/design_1_i/pic16c56_0/inst/A2/stack1_reg[0]/C is not reached by a timing clock
Related violations: <none>

TIMING-17#293 Warning
Non-clocked sequential cell  
The clock pin ww/design_1_i/pic16c56_0/inst/A2/stack1_reg[1]/C is not reached by a timing clock
Related violations: <none>

TIMING-17#294 Warning
Non-clocked sequential cell  
The clock pin ww/design_1_i/pic16c56_0/inst/A2/stack1_reg[2]/C is not reached by a timing clock
Related violations: <none>

TIMING-17#295 Warning
Non-clocked sequential cell  
The clock pin ww/design_1_i/pic16c56_0/inst/A2/stack1_reg[3]/C is not reached by a timing clock
Related violations: <none>

TIMING-17#296 Warning
Non-clocked sequential cell  
The clock pin ww/design_1_i/pic16c56_0/inst/A2/stack1_reg[4]/C is not reached by a timing clock
Related violations: <none>

TIMING-17#297 Warning
Non-clocked sequential cell  
The clock pin ww/design_1_i/pic16c56_0/inst/A2/stack1_reg[5]/C is not reached by a timing clock
Related violations: <none>

TIMING-17#298 Warning
Non-clocked sequential cell  
The clock pin ww/design_1_i/pic16c56_0/inst/A2/stack1_reg[6]/C is not reached by a timing clock
Related violations: <none>

TIMING-17#299 Warning
Non-clocked sequential cell  
The clock pin ww/design_1_i/pic16c56_0/inst/A2/stack1_reg[7]/C is not reached by a timing clock
Related violations: <none>

TIMING-17#300 Warning
Non-clocked sequential cell  
The clock pin ww/design_1_i/pic16c56_0/inst/A2/stack1_reg[8]/C is not reached by a timing clock
Related violations: <none>

TIMING-17#301 Warning
Non-clocked sequential cell  
The clock pin ww/design_1_i/pic16c56_0/inst/A2/stack1_reg[9]/C is not reached by a timing clock
Related violations: <none>

TIMING-17#302 Warning
Non-clocked sequential cell  
The clock pin ww/design_1_i/pic16c56_0/inst/A2/stack2_reg[0]/C is not reached by a timing clock
Related violations: <none>

TIMING-17#303 Warning
Non-clocked sequential cell  
The clock pin ww/design_1_i/pic16c56_0/inst/A2/stack2_reg[1]/C is not reached by a timing clock
Related violations: <none>

TIMING-17#304 Warning
Non-clocked sequential cell  
The clock pin ww/design_1_i/pic16c56_0/inst/A2/stack2_reg[2]/C is not reached by a timing clock
Related violations: <none>

TIMING-17#305 Warning
Non-clocked sequential cell  
The clock pin ww/design_1_i/pic16c56_0/inst/A2/stack2_reg[3]/C is not reached by a timing clock
Related violations: <none>

TIMING-17#306 Warning
Non-clocked sequential cell  
The clock pin ww/design_1_i/pic16c56_0/inst/A2/stack2_reg[4]/C is not reached by a timing clock
Related violations: <none>

TIMING-17#307 Warning
Non-clocked sequential cell  
The clock pin ww/design_1_i/pic16c56_0/inst/A2/stack2_reg[5]/C is not reached by a timing clock
Related violations: <none>

TIMING-17#308 Warning
Non-clocked sequential cell  
The clock pin ww/design_1_i/pic16c56_0/inst/A2/stack2_reg[6]/C is not reached by a timing clock
Related violations: <none>

TIMING-17#309 Warning
Non-clocked sequential cell  
The clock pin ww/design_1_i/pic16c56_0/inst/A2/stack2_reg[7]/C is not reached by a timing clock
Related violations: <none>

TIMING-17#310 Warning
Non-clocked sequential cell  
The clock pin ww/design_1_i/pic16c56_0/inst/A2/stack2_reg[8]/C is not reached by a timing clock
Related violations: <none>

TIMING-17#311 Warning
Non-clocked sequential cell  
The clock pin ww/design_1_i/pic16c56_0/inst/A2/stack2_reg[9]/C is not reached by a timing clock
Related violations: <none>

TIMING-17#312 Warning
Non-clocked sequential cell  
The clock pin ww/design_1_i/pic16c56_0/inst/A2/stacklevel_reg[0]/C is not reached by a timing clock
Related violations: <none>

TIMING-17#313 Warning
Non-clocked sequential cell  
The clock pin ww/design_1_i/pic16c56_0/inst/A2/stacklevel_reg[1]/C is not reached by a timing clock
Related violations: <none>

TIMING-17#314 Warning
Non-clocked sequential cell  
The clock pin ww/design_1_i/pic16c56_0/inst/A2/status_reg[0]/C is not reached by a timing clock
Related violations: <none>

TIMING-17#315 Warning
Non-clocked sequential cell  
The clock pin ww/design_1_i/pic16c56_0/inst/A2/status_reg[1]/C is not reached by a timing clock
Related violations: <none>

TIMING-17#316 Warning
Non-clocked sequential cell  
The clock pin ww/design_1_i/pic16c56_0/inst/A2/status_reg[2]/C is not reached by a timing clock
Related violations: <none>

TIMING-17#317 Warning
Non-clocked sequential cell  
The clock pin ww/design_1_i/pic16c56_0/inst/A2/status_reg[3]/C is not reached by a timing clock
Related violations: <none>

TIMING-17#318 Warning
Non-clocked sequential cell  
The clock pin ww/design_1_i/pic16c56_0/inst/A2/status_reg[4]/C is not reached by a timing clock
Related violations: <none>

TIMING-17#319 Warning
Non-clocked sequential cell  
The clock pin ww/design_1_i/pic16c56_0/inst/A2/status_reg[5]/C is not reached by a timing clock
Related violations: <none>

TIMING-17#320 Warning
Non-clocked sequential cell  
The clock pin ww/design_1_i/pic16c56_0/inst/A2/status_reg[6]/C is not reached by a timing clock
Related violations: <none>

TIMING-17#321 Warning
Non-clocked sequential cell  
The clock pin ww/design_1_i/pic16c56_0/inst/A2/status_reg[7]/C is not reached by a timing clock
Related violations: <none>

TIMING-17#322 Warning
Non-clocked sequential cell  
The clock pin ww/design_1_i/pic16c56_0/inst/A2/trisa_reg[0]/C is not reached by a timing clock
Related violations: <none>

TIMING-17#323 Warning
Non-clocked sequential cell  
The clock pin ww/design_1_i/pic16c56_0/inst/A2/trisa_reg[1]/C is not reached by a timing clock
Related violations: <none>

TIMING-17#324 Warning
Non-clocked sequential cell  
The clock pin ww/design_1_i/pic16c56_0/inst/A2/trisa_reg[2]/C is not reached by a timing clock
Related violations: <none>

TIMING-17#325 Warning
Non-clocked sequential cell  
The clock pin ww/design_1_i/pic16c56_0/inst/A2/trisa_reg[3]/C is not reached by a timing clock
Related violations: <none>

TIMING-17#326 Warning
Non-clocked sequential cell  
The clock pin ww/design_1_i/pic16c56_0/inst/A2/trisb_reg[0]/C is not reached by a timing clock
Related violations: <none>

TIMING-17#327 Warning
Non-clocked sequential cell  
The clock pin ww/design_1_i/pic16c56_0/inst/A2/trisb_reg[1]/C is not reached by a timing clock
Related violations: <none>

TIMING-17#328 Warning
Non-clocked sequential cell  
The clock pin ww/design_1_i/pic16c56_0/inst/A2/trisb_reg[2]/C is not reached by a timing clock
Related violations: <none>

TIMING-17#329 Warning
Non-clocked sequential cell  
The clock pin ww/design_1_i/pic16c56_0/inst/A2/trisb_reg[3]/C is not reached by a timing clock
Related violations: <none>

TIMING-17#330 Warning
Non-clocked sequential cell  
The clock pin ww/design_1_i/pic16c56_0/inst/A2/trisb_reg[4]/C is not reached by a timing clock
Related violations: <none>

TIMING-17#331 Warning
Non-clocked sequential cell  
The clock pin ww/design_1_i/pic16c56_0/inst/A2/trisb_reg[5]/C is not reached by a timing clock
Related violations: <none>

TIMING-17#332 Warning
Non-clocked sequential cell  
The clock pin ww/design_1_i/pic16c56_0/inst/A2/trisb_reg[6]/C is not reached by a timing clock
Related violations: <none>

TIMING-17#333 Warning
Non-clocked sequential cell  
The clock pin ww/design_1_i/pic16c56_0/inst/A2/trisb_reg[7]/C is not reached by a timing clock
Related violations: <none>

TIMING-17#334 Warning
Non-clocked sequential cell  
The clock pin ww/design_1_i/pic16c56_0/inst/A2/w_reg[0]/C is not reached by a timing clock
Related violations: <none>

TIMING-17#335 Warning
Non-clocked sequential cell  
The clock pin ww/design_1_i/pic16c56_0/inst/A2/w_reg[1]/C is not reached by a timing clock
Related violations: <none>

TIMING-17#336 Warning
Non-clocked sequential cell  
The clock pin ww/design_1_i/pic16c56_0/inst/A2/w_reg[2]/C is not reached by a timing clock
Related violations: <none>

TIMING-17#337 Warning
Non-clocked sequential cell  
The clock pin ww/design_1_i/pic16c56_0/inst/A2/w_reg[3]/C is not reached by a timing clock
Related violations: <none>

TIMING-17#338 Warning
Non-clocked sequential cell  
The clock pin ww/design_1_i/pic16c56_0/inst/A2/w_reg[4]/C is not reached by a timing clock
Related violations: <none>

TIMING-17#339 Warning
Non-clocked sequential cell  
The clock pin ww/design_1_i/pic16c56_0/inst/A2/w_reg[5]/C is not reached by a timing clock
Related violations: <none>

TIMING-17#340 Warning
Non-clocked sequential cell  
The clock pin ww/design_1_i/pic16c56_0/inst/A2/w_reg[6]/C is not reached by a timing clock
Related violations: <none>

TIMING-17#341 Warning
Non-clocked sequential cell  
The clock pin ww/design_1_i/pic16c56_0/inst/A2/w_reg[7]/C is not reached by a timing clock
Related violations: <none>

TIMING-17#342 Warning
Non-clocked sequential cell  
The clock pin ww/design_1_i/pic16c56_0/inst/A3/c_reg/C is not reached by a timing clock
Related violations: <none>

TIMING-17#343 Warning
Non-clocked sequential cell  
The clock pin ww/design_1_i/pic16c56_0/inst/A3/dc_reg/C is not reached by a timing clock
Related violations: <none>

TIMING-17#344 Warning
Non-clocked sequential cell  
The clock pin ww/design_1_i/pic16c56_0/inst/A3/skip_reg_C/C is not reached by a timing clock
Related violations: <none>

TIMING-17#345 Warning
Non-clocked sequential cell  
The clock pin ww/design_1_i/pic16c56_0/inst/A3/skip_reg_P/C is not reached by a timing clock
Related violations: <none>

TIMING-17#346 Warning
Non-clocked sequential cell  
The clock pin ww/design_1_i/pic16c56_0/inst/A3/yi_reg[0]_C/C is not reached by a timing clock
Related violations: <none>

TIMING-17#347 Warning
Non-clocked sequential cell  
The clock pin ww/design_1_i/pic16c56_0/inst/A3/yi_reg[0]_P/C is not reached by a timing clock
Related violations: <none>

TIMING-17#348 Warning
Non-clocked sequential cell  
The clock pin ww/design_1_i/pic16c56_0/inst/A3/yi_reg[1]_C/C is not reached by a timing clock
Related violations: <none>

TIMING-17#349 Warning
Non-clocked sequential cell  
The clock pin ww/design_1_i/pic16c56_0/inst/A3/yi_reg[1]_P/C is not reached by a timing clock
Related violations: <none>

TIMING-17#350 Warning
Non-clocked sequential cell  
The clock pin ww/design_1_i/pic16c56_0/inst/A3/yi_reg[2]_C/C is not reached by a timing clock
Related violations: <none>

TIMING-17#351 Warning
Non-clocked sequential cell  
The clock pin ww/design_1_i/pic16c56_0/inst/A3/yi_reg[2]_P/C is not reached by a timing clock
Related violations: <none>

TIMING-17#352 Warning
Non-clocked sequential cell  
The clock pin ww/design_1_i/pic16c56_0/inst/A3/yi_reg[3]_C/C is not reached by a timing clock
Related violations: <none>

TIMING-17#353 Warning
Non-clocked sequential cell  
The clock pin ww/design_1_i/pic16c56_0/inst/A3/yi_reg[3]_P/C is not reached by a timing clock
Related violations: <none>

TIMING-17#354 Warning
Non-clocked sequential cell  
The clock pin ww/design_1_i/pic16c56_0/inst/A3/yi_reg[4]_C/C is not reached by a timing clock
Related violations: <none>

TIMING-17#355 Warning
Non-clocked sequential cell  
The clock pin ww/design_1_i/pic16c56_0/inst/A3/yi_reg[4]_P/C is not reached by a timing clock
Related violations: <none>

TIMING-17#356 Warning
Non-clocked sequential cell  
The clock pin ww/design_1_i/pic16c56_0/inst/A3/yi_reg[5]_C/C is not reached by a timing clock
Related violations: <none>

TIMING-17#357 Warning
Non-clocked sequential cell  
The clock pin ww/design_1_i/pic16c56_0/inst/A3/yi_reg[5]_P/C is not reached by a timing clock
Related violations: <none>

TIMING-17#358 Warning
Non-clocked sequential cell  
The clock pin ww/design_1_i/pic16c56_0/inst/A3/yi_reg[6]_C/C is not reached by a timing clock
Related violations: <none>

TIMING-17#359 Warning
Non-clocked sequential cell  
The clock pin ww/design_1_i/pic16c56_0/inst/A3/yi_reg[6]_P/C is not reached by a timing clock
Related violations: <none>

TIMING-17#360 Warning
Non-clocked sequential cell  
The clock pin ww/design_1_i/pic16c56_0/inst/A3/yi_reg[7]_C/C is not reached by a timing clock
Related violations: <none>

TIMING-17#361 Warning
Non-clocked sequential cell  
The clock pin ww/design_1_i/pic16c56_0/inst/A3/yi_reg[7]_P/C is not reached by a timing clock
Related violations: <none>

TIMING-17#362 Warning
Non-clocked sequential cell  
The clock pin ww/design_1_i/pic16c56_0/inst/A3/z_reg/C is not reached by a timing clock
Related violations: <none>

TIMING-17#363 Warning
Non-clocked sequential cell  
The clock pin ww/design_1_i/pic16c56_0/inst/A5/clk1_reg/C is not reached by a timing clock
Related violations: <none>

TIMING-17#364 Warning
Non-clocked sequential cell  
The clock pin ww/design_1_i/pic16c56_0/inst/A5/clk2_reg/C is not reached by a timing clock
Related violations: <none>

TIMING-17#365 Warning
Non-clocked sequential cell  
The clock pin ww/design_1_i/pic16c56_0/inst/A5/state_reg[0]/C is not reached by a timing clock
Related violations: <none>

TIMING-17#366 Warning
Non-clocked sequential cell  
The clock pin ww/design_1_i/pic16c56_0/inst/A5/state_reg[1]/C is not reached by a timing clock
Related violations: <none>

TIMING-17#367 Warning
Non-clocked sequential cell  
The clock pin ww/design_1_i/pic16c56_0/inst/A5/state_reg[2]/C is not reached by a timing clock
Related violations: <none>

TIMING-17#368 Warning
Non-clocked sequential cell  
The clock pin ww/design_1_i/pic16c56_0/inst/A5/state_reg[3]/C is not reached by a timing clock
Related violations: <none>

TIMING-17#369 Warning
Non-clocked sequential cell  
The clock pin ww/design_1_i/pic16c56_0/inst/A5/state_reg[4]/C is not reached by a timing clock
Related violations: <none>

TIMING-17#370 Warning
Non-clocked sequential cell  
The clock pin ww/design_1_i/pic16c56_0/inst/A5/state_reg[5]/C is not reached by a timing clock
Related violations: <none>

TIMING-20#1 Warning
Non-clocked latch  
The latch ww/design_1_i/pic16c56_0/inst/A3/skip_reg_LDC cannot be properly analyzed as its control pin ww/design_1_i/pic16c56_0/inst/A3/skip_reg_LDC/G is not reached by a timing clock
Related violations: <none>

TIMING-20#2 Warning
Non-clocked latch  
The latch ww/design_1_i/pic16c56_0/inst/A3/yi_reg[0]_LDC cannot be properly analyzed as its control pin ww/design_1_i/pic16c56_0/inst/A3/yi_reg[0]_LDC/G is not reached by a timing clock
Related violations: <none>

TIMING-20#3 Warning
Non-clocked latch  
The latch ww/design_1_i/pic16c56_0/inst/A3/yi_reg[1]_LDC cannot be properly analyzed as its control pin ww/design_1_i/pic16c56_0/inst/A3/yi_reg[1]_LDC/G is not reached by a timing clock
Related violations: <none>

TIMING-20#4 Warning
Non-clocked latch  
The latch ww/design_1_i/pic16c56_0/inst/A3/yi_reg[2]_LDC cannot be properly analyzed as its control pin ww/design_1_i/pic16c56_0/inst/A3/yi_reg[2]_LDC/G is not reached by a timing clock
Related violations: <none>

TIMING-20#5 Warning
Non-clocked latch  
The latch ww/design_1_i/pic16c56_0/inst/A3/yi_reg[3]_LDC cannot be properly analyzed as its control pin ww/design_1_i/pic16c56_0/inst/A3/yi_reg[3]_LDC/G is not reached by a timing clock
Related violations: <none>

TIMING-20#6 Warning
Non-clocked latch  
The latch ww/design_1_i/pic16c56_0/inst/A3/yi_reg[4]_LDC cannot be properly analyzed as its control pin ww/design_1_i/pic16c56_0/inst/A3/yi_reg[4]_LDC/G is not reached by a timing clock
Related violations: <none>

TIMING-20#7 Warning
Non-clocked latch  
The latch ww/design_1_i/pic16c56_0/inst/A3/yi_reg[5]_LDC cannot be properly analyzed as its control pin ww/design_1_i/pic16c56_0/inst/A3/yi_reg[5]_LDC/G is not reached by a timing clock
Related violations: <none>

TIMING-20#8 Warning
Non-clocked latch  
The latch ww/design_1_i/pic16c56_0/inst/A3/yi_reg[6]_LDC cannot be properly analyzed as its control pin ww/design_1_i/pic16c56_0/inst/A3/yi_reg[6]_LDC/G is not reached by a timing clock
Related violations: <none>

TIMING-20#9 Warning
Non-clocked latch  
The latch ww/design_1_i/pic16c56_0/inst/A3/yi_reg[7]_LDC cannot be properly analyzed as its control pin ww/design_1_i/pic16c56_0/inst/A3/yi_reg[7]_LDC/G is not reached by a timing clock
Related violations: <none>


